2022-05-29 23:49:58.090  INFO 22488 --- [main] c.e.c.ConveniencePosSystemApplication    : Starting ConveniencePosSystemApplication using Java 11.0.12 on DESKTOP-OIMG8KE with PID 22488 (C:\Users\nec\Desktop\springframework\Convenience-POS-System\Convenience_POS_System\target\classes started by nec in C:\Users\nec\Desktop\springframework\Convenience-POS-System\Convenience_POS_System)
2022-05-29 23:49:58.096  INFO 22488 --- [main] c.e.c.ConveniencePosSystemApplication    : No active profile set, falling back to 1 default profile: "default"
2022-05-29 23:50:00.181  INFO 22488 --- [main] .s.d.r.c.RepositoryConfigurationDelegate : Bootstrapping Spring Data JDBC repositories in DEFAULT mode.
2022-05-29 23:50:00.229  INFO 22488 --- [main] .s.d.r.c.RepositoryConfigurationDelegate : Finished Spring Data repository scanning in 34 ms. Found 0 JDBC repository interfaces.
2022-05-29 23:50:00.434  WARN 22488 --- [main] o.m.s.mapper.ClassPathMapperScanner      : No MyBatis mapper was found in '[com.example.convenience_pos_system]' package. Please check your configuration.
2022-05-29 23:50:01.163  INFO 22488 --- [main] o.s.b.w.embedded.tomcat.TomcatWebServer  : Tomcat initialized with port(s): 8080 (http)
2022-05-29 23:50:01.177  INFO 22488 --- [main] o.apache.catalina.core.StandardService   : Starting service [Tomcat]
2022-05-29 23:50:01.178  INFO 22488 --- [main] org.apache.catalina.core.StandardEngine  : Starting Servlet engine: [Apache Tomcat/9.0.62]
2022-05-29 23:50:01.399  INFO 22488 --- [main] o.a.c.c.C.[Tomcat].[localhost].[/]       : Initializing Spring embedded WebApplicationContext
2022-05-29 23:50:01.400  INFO 22488 --- [main] w.s.c.ServletWebServerApplicationContext : Root WebApplicationContext: initialization completed in 2696 ms
2022-05-29 23:50:03.994  INFO 22488 --- [main] o.s.b.w.embedded.tomcat.TomcatWebServer  : Tomcat started on port(s): 8080 (http) with context path ''
2022-05-29 23:50:04.032  INFO 22488 --- [main] c.e.c.ConveniencePosSystemApplication    : Started ConveniencePosSystemApplication in 7.375 seconds (JVM running for 13.546)
2022-05-29 23:50:13.747  INFO 22488 --- [http-nio-8080-exec-1] o.a.c.c.C.[Tomcat].[localhost].[/]       : Initializing Spring DispatcherServlet 'dispatcherServlet'
2022-05-29 23:50:13.750  INFO 22488 --- [http-nio-8080-exec-1] o.s.web.servlet.DispatcherServlet        : Initializing Servlet 'dispatcherServlet'
2022-05-29 23:50:13.753  INFO 22488 --- [http-nio-8080-exec-1] o.s.web.servlet.DispatcherServlet        : Completed initialization in 2 ms
2022-05-29 23:50:13.800  INFO 22488 --- [http-nio-8080-exec-1] c.e.c.web.LogInterceptor                 : REQUEST [e9cb4167-282e-420b-90c6-a4feba8b64d7][/][com.example.convenience_pos_system.controller.WebController#main()]
2022-05-29 23:50:13.835  INFO 22488 --- [http-nio-8080-exec-1] c.e.c.web.LogInterceptor                 : postHandle [ModelAndView [view="mainpage"; model={}]]
2022-05-29 23:50:14.701  INFO 22488 --- [http-nio-8080-exec-1] c.e.c.web.LogInterceptor                 : RESPONSE [e9cb4167-282e-420b-90c6-a4feba8b64d7][/]
2022-05-29 23:54:06.372  INFO 22488 --- [http-nio-8080-exec-4] c.e.c.web.LogInterceptor                 : REQUEST [1764cef0-8c08-44e1-8c11-e694ecae67b9][/][com.example.convenience_pos_system.controller.WebController#main()]
2022-05-29 23:54:06.374  INFO 22488 --- [http-nio-8080-exec-4] c.e.c.web.LogInterceptor                 : postHandle [ModelAndView [view="mainpage"; model={}]]
2022-05-29 23:54:06.391  INFO 22488 --- [http-nio-8080-exec-4] c.e.c.web.LogInterceptor                 : RESPONSE [1764cef0-8c08-44e1-8c11-e694ecae67b9][/]
2022-05-29 23:54:09.420  INFO 22488 --- [http-nio-8080-exec-5] c.e.c.web.LogInterceptor                 : REQUEST [8944b673-4315-4136-8680-3b82f904d8c9][/member/login][com.example.convenience_pos_system.controller.MemberController#loginForm(LoginForm)]
2022-05-29 23:54:09.453  INFO 22488 --- [http-nio-8080-exec-5] c.e.c.web.LogInterceptor                 : postHandle [ModelAndView [view="member/loginForm"; model={loginForm=com.example.convenience_pos_system.domain.LoginForm@4a824f3d, org.springframework.validation.BindingResult.loginForm=org.springframework.validation.BeanPropertyBindingResult: 0 errors}]]
2022-05-29 23:54:09.550  INFO 22488 --- [http-nio-8080-exec-5] c.e.c.web.LogInterceptor                 : RESPONSE [8944b673-4315-4136-8680-3b82f904d8c9][/member/login]
2022-05-29 23:54:09.601  INFO 22488 --- [http-nio-8080-exec-6] c.e.c.web.LogInterceptor                 : REQUEST [19f07f03-b2c8-45d1-971e-3f630b3a2fc0][/bootstrap/css/bootstrap.min.css][ResourceHttpRequestHandler [classpath [META-INF/resources/], classpath [resources/], classpath [static/], classpath [public/], ServletContext [/]]]
2022-05-29 23:54:09.601  INFO 22488 --- [http-nio-8080-exec-6] c.e.c.web.LoginCheckInterceptor          : 인증 체크 인터셉터 실행 /bootstrap/css/bootstrap.min.css
2022-05-29 23:54:09.602  INFO 22488 --- [http-nio-8080-exec-6] c.e.c.web.LoginCheckInterceptor          : 미인증 사용자 요청
2022-05-29 23:54:09.603  INFO 22488 --- [http-nio-8080-exec-6] c.e.c.web.LogInterceptor                 : RESPONSE [19f07f03-b2c8-45d1-971e-3f630b3a2fc0][/bootstrap/css/bootstrap.min.css]
2022-05-29 23:54:09.614  INFO 22488 --- [http-nio-8080-exec-7] c.e.c.web.LogInterceptor                 : REQUEST [3ca95ab2-446f-4b5a-8168-bf27b80cc7ce][/member/login][com.example.convenience_pos_system.controller.MemberController#loginForm(LoginForm)]
2022-05-29 23:54:09.623  INFO 22488 --- [http-nio-8080-exec-7] c.e.c.web.LogInterceptor                 : postHandle [ModelAndView [view="member/loginForm"; model={loginForm=com.example.convenience_pos_system.domain.LoginForm@c914eb, org.springframework.validation.BindingResult.loginForm=org.springframework.validation.BeanPropertyBindingResult: 0 errors}]]
2022-05-29 23:54:09.626  INFO 22488 --- [http-nio-8080-exec-7] c.e.c.web.LogInterceptor                 : RESPONSE [3ca95ab2-446f-4b5a-8168-bf27b80cc7ce][/member/login]
2022-05-29 23:54:16.648  INFO 22488 --- [http-nio-8080-exec-1] c.e.c.web.LogInterceptor                 : REQUEST [aa2db464-e82f-4f6d-9d85-b6a843ce7829][/member/login][com.example.convenience_pos_system.controller.MemberController#login(String, String, HttpServletRequest, Model)]
2022-05-29 23:54:18.682  WARN 22488 --- [http-nio-8080-exec-1] o.a.c.util.SessionIdGeneratorBase        : Creation of SecureRandom instance for session ID generation using [SHA1PRNG] took [1,773] milliseconds.
2022-05-29 23:54:18.691  INFO 22488 --- [http-nio-8080-exec-1] c.e.c.web.LogInterceptor                 : postHandle [ModelAndView [view="redirect:/"; model={}]]
2022-05-29 23:54:18.699  INFO 22488 --- [http-nio-8080-exec-1] c.e.c.web.LogInterceptor                 : RESPONSE [aa2db464-e82f-4f6d-9d85-b6a843ce7829][/member/login]
2022-05-29 23:54:18.705  INFO 22488 --- [http-nio-8080-exec-2] c.e.c.web.LogInterceptor                 : REQUEST [d7879901-31cd-4b3f-a064-82f25f76d07f][/][com.example.convenience_pos_system.controller.WebController#main()]
2022-05-29 23:54:18.706  INFO 22488 --- [http-nio-8080-exec-2] c.e.c.web.LogInterceptor                 : postHandle [ModelAndView [view="mainpage"; model={}]]
2022-05-29 23:54:18.716  INFO 22488 --- [http-nio-8080-exec-2] c.e.c.web.LogInterceptor                 : RESPONSE [d7879901-31cd-4b3f-a064-82f25f76d07f][/]
2022-05-29 23:55:17.295  INFO 22488 --- [http-nio-8080-exec-5] c.e.c.web.LogInterceptor                 : REQUEST [00b17923-9043-4938-b000-73bdfbe84eb7][/sale][com.example.convenience_pos_system.controller.SaleController#sale(HttpServletRequest, Model)]
2022-05-29 23:55:17.296  INFO 22488 --- [http-nio-8080-exec-5] c.e.c.web.LoginCheckInterceptor          : 인증 체크 인터셉터 실행 /sale
2022-05-29 23:55:17.426  INFO 22488 --- [http-nio-8080-exec-5] c.e.c.web.LogInterceptor                 : postHandle [ModelAndView [view="sale/sale"; model={productList=[com.example.convenience_pos_system.domain.Product@348b654b, com.example.convenience_pos_system.domain.Product@f8b3f2, com.example.convenience_pos_system.domain.Product@64e55bc1, com.example.convenience_pos_system.domain.Product@27c41b70, com.example.convenience_pos_system.domain.Product@480a93fe, com.example.convenience_pos_system.domain.Product@d28ce2e, com.example.convenience_pos_system.domain.Product@43ddb719, com.example.convenience_pos_system.domain.Product@44453b89, com.example.convenience_pos_system.domain.Product@584cd59c, com.example.convenience_pos_system.domain.Product@13de3905, com.example.convenience_pos_system.domain.Product@3d153118, com.example.convenience_pos_system.domain.Product@5061dc40], saleCartList=null, totalCost=0, saleCartDetailList=[]}]]
2022-05-29 23:55:17.501  INFO 22488 --- [http-nio-8080-exec-5] c.e.c.web.LogInterceptor                 : RESPONSE [00b17923-9043-4938-b000-73bdfbe84eb7][/sale]
2022-05-29 23:55:26.923  INFO 22488 --- [http-nio-8080-exec-8] c.e.c.web.LogInterceptor                 : REQUEST [78a13489-2434-4cf0-8194-a38b7ab96203][/product/add][com.example.convenience_pos_system.controller.ProductController#addIndex(Model)]
2022-05-29 23:55:26.925  INFO 22488 --- [http-nio-8080-exec-8] c.e.c.web.LoginCheckInterceptor          : 인증 체크 인터셉터 실행 /product/add
2022-05-29 23:55:26.968  INFO 22488 --- [http-nio-8080-exec-8] c.e.c.web.LogInterceptor                 : postHandle [ModelAndView [view="product/add"; model={products=[com.example.convenience_pos_system.domain.Product@1314bcea, com.example.convenience_pos_system.domain.Product@1a116981, com.example.convenience_pos_system.domain.Product@7c6a0d60, com.example.convenience_pos_system.domain.Product@3ff91660, com.example.convenience_pos_system.domain.Product@93c0e99, com.example.convenience_pos_system.domain.Product@1870335e, com.example.convenience_pos_system.domain.Product@34dd3c3d, com.example.convenience_pos_system.domain.Product@436076d0, com.example.convenience_pos_system.domain.Product@2ac1f0e3, com.example.convenience_pos_system.domain.Product@33b2cc26, com.example.convenience_pos_system.domain.Product@6ed322b9, com.example.convenience_pos_system.domain.Product@2e450f45]}]]
2022-05-29 23:55:27.025  INFO 22488 --- [http-nio-8080-exec-8] c.e.c.web.LogInterceptor                 : RESPONSE [78a13489-2434-4cf0-8194-a38b7ab96203][/product/add]
2022-05-29 23:55:27.059  INFO 22488 --- [http-nio-8080-exec-9] c.e.c.web.LogInterceptor                 : REQUEST [5830e1cd-0ce2-46ae-8924-ef1e27cb18e8][/bootstrap/css/paging.css][ResourceHttpRequestHandler [classpath [META-INF/resources/], classpath [resources/], classpath [static/], classpath [public/], ServletContext [/]]]
2022-05-29 23:55:27.059  INFO 22488 --- [http-nio-8080-exec-9] c.e.c.web.LoginCheckInterceptor          : 인증 체크 인터셉터 실행 /bootstrap/css/paging.css
2022-05-29 23:55:27.068  INFO 22488 --- [http-nio-8080-exec-9] c.e.c.web.LogInterceptor                 : postHandle [null]
2022-05-29 23:55:27.069  INFO 22488 --- [http-nio-8080-exec-9] c.e.c.web.LogInterceptor                 : RESPONSE [5830e1cd-0ce2-46ae-8924-ef1e27cb18e8][/bootstrap/css/paging.css]
2022-05-29 23:55:53.713  INFO 22488 --- [http-nio-8080-exec-3] c.e.c.web.LogInterceptor                 : REQUEST [f27f85c7-f870-47f1-99b9-138553d55763][/product/list][com.example.convenience_pos_system.controller.ProductController#productList(Model)]
2022-05-29 23:55:53.715  INFO 22488 --- [http-nio-8080-exec-3] c.e.c.web.LoginCheckInterceptor          : 인증 체크 인터셉터 실행 /product/list
2022-05-29 23:55:53.749  INFO 22488 --- [http-nio-8080-exec-3] c.e.c.web.LogInterceptor                 : postHandle [ModelAndView [view="product/productList"; model={products=[com.example.convenience_pos_system.domain.Product@59b1f3d9, com.example.convenience_pos_system.domain.Product@1cb3768b, com.example.convenience_pos_system.domain.Product@3a02964, com.example.convenience_pos_system.domain.Product@2de5ae5c, com.example.convenience_pos_system.domain.Product@7b1caf02, com.example.convenience_pos_system.domain.Product@7c9c89c4, com.example.convenience_pos_system.domain.Product@7ef5743a, com.example.convenience_pos_system.domain.Product@7ee2a2f6, com.example.convenience_pos_system.domain.Product@60186697, com.example.convenience_pos_system.domain.Product@78d211f9, com.example.convenience_pos_system.domain.Product@2d53ee7d, com.example.convenience_pos_system.domain.Product@464d1c33]}]]
2022-05-29 23:55:53.771  INFO 22488 --- [http-nio-8080-exec-3] c.e.c.web.LogInterceptor                 : RESPONSE [f27f85c7-f870-47f1-99b9-138553d55763][/product/list]
2022-05-29 23:56:04.300  INFO 22488 --- [http-nio-8080-exec-7] c.e.c.web.LogInterceptor                 : REQUEST [78e3fe06-f029-4c7d-b41a-cb80d36f75bb][/product/add][com.example.convenience_pos_system.controller.ProductController#addIndex(Model)]
2022-05-29 23:56:04.301  INFO 22488 --- [http-nio-8080-exec-7] c.e.c.web.LoginCheckInterceptor          : 인증 체크 인터셉터 실행 /product/add
2022-05-29 23:56:04.352  INFO 22488 --- [http-nio-8080-exec-7] c.e.c.web.LogInterceptor                 : postHandle [ModelAndView [view="product/add"; model={products=[com.example.convenience_pos_system.domain.Product@7444ebc6, com.example.convenience_pos_system.domain.Product@3ce2c7e9, com.example.convenience_pos_system.domain.Product@25e475d9, com.example.convenience_pos_system.domain.Product@5ed85616, com.example.convenience_pos_system.domain.Product@d919cd0, com.example.convenience_pos_system.domain.Product@27e6cf04, com.example.convenience_pos_system.domain.Product@21aa2c9c, com.example.convenience_pos_system.domain.Product@3d5eb659, com.example.convenience_pos_system.domain.Product@3ca8da3e, com.example.convenience_pos_system.domain.Product@2da7bc40, com.example.convenience_pos_system.domain.Product@5d99bba4, com.example.convenience_pos_system.domain.Product@15bd3230]}]]
2022-05-29 23:56:04.362  INFO 22488 --- [http-nio-8080-exec-7] c.e.c.web.LogInterceptor                 : RESPONSE [78e3fe06-f029-4c7d-b41a-cb80d36f75bb][/product/add]
2022-05-29 23:56:10.536  INFO 22488 --- [http-nio-8080-exec-4] c.e.c.web.LogInterceptor                 : REQUEST [b06cada6-70ed-4933-89b0-e67409eef9e2][/product/list][com.example.convenience_pos_system.controller.ProductController#productList(Model)]
2022-05-29 23:56:10.537  INFO 22488 --- [http-nio-8080-exec-4] c.e.c.web.LoginCheckInterceptor          : 인증 체크 인터셉터 실행 /product/list
2022-05-29 23:56:10.591  INFO 22488 --- [http-nio-8080-exec-4] c.e.c.web.LogInterceptor                 : postHandle [ModelAndView [view="product/productList"; model={products=[com.example.convenience_pos_system.domain.Product@4094c7a8, com.example.convenience_pos_system.domain.Product@170be2d2, com.example.convenience_pos_system.domain.Product@320467ac, com.example.convenience_pos_system.domain.Product@3d5f5436, com.example.convenience_pos_system.domain.Product@5b906db2, com.example.convenience_pos_system.domain.Product@13451960, com.example.convenience_pos_system.domain.Product@2ed25a3, com.example.convenience_pos_system.domain.Product@45542f2c, com.example.convenience_pos_system.domain.Product@1df137c9, com.example.convenience_pos_system.domain.Product@2644b30e, com.example.convenience_pos_system.domain.Product@4d6f5a58, com.example.convenience_pos_system.domain.Product@29263196]}]]
2022-05-29 23:56:10.602  INFO 22488 --- [http-nio-8080-exec-4] c.e.c.web.LogInterceptor                 : RESPONSE [b06cada6-70ed-4933-89b0-e67409eef9e2][/product/list]
2022-05-29 23:56:23.754  INFO 22488 --- [http-nio-8080-exec-2] c.e.c.web.LogInterceptor                 : REQUEST [3f8bacbe-0b3f-4302-a4f9-471cf457fbc4][/product/add][com.example.convenience_pos_system.controller.ProductController#addIndex(Model)]
2022-05-29 23:56:23.755  INFO 22488 --- [http-nio-8080-exec-2] c.e.c.web.LoginCheckInterceptor          : 인증 체크 인터셉터 실행 /product/add
2022-05-29 23:56:23.800  INFO 22488 --- [http-nio-8080-exec-2] c.e.c.web.LogInterceptor                 : postHandle [ModelAndView [view="product/add"; model={products=[com.example.convenience_pos_system.domain.Product@4bee80af, com.example.convenience_pos_system.domain.Product@6cfe6af0, com.example.convenience_pos_system.domain.Product@7a6fcad1, com.example.convenience_pos_system.domain.Product@14957e25, com.example.convenience_pos_system.domain.Product@2bc17fe0, com.example.convenience_pos_system.domain.Product@34f73982, com.example.convenience_pos_system.domain.Product@30ca548f, com.example.convenience_pos_system.domain.Product@f9170e5, com.example.convenience_pos_system.domain.Product@2f8f2088, com.example.convenience_pos_system.domain.Product@22b927d2, com.example.convenience_pos_system.domain.Product@40357126, com.example.convenience_pos_system.domain.Product@4427379d]}]]
2022-05-29 23:56:23.806  INFO 22488 --- [http-nio-8080-exec-2] c.e.c.web.LogInterceptor                 : RESPONSE [3f8bacbe-0b3f-4302-a4f9-471cf457fbc4][/product/add]
2022-05-29 23:56:24.565  INFO 22488 --- [http-nio-8080-exec-3] c.e.c.web.LogInterceptor                 : REQUEST [9f2bce55-981f-4db5-981c-a3b9806defc7][/product/add/new][com.example.convenience_pos_system.controller.ProductController#addNewProductForm(Model)]
2022-05-29 23:56:24.566  INFO 22488 --- [http-nio-8080-exec-3] c.e.c.web.LoginCheckInterceptor          : 인증 체크 인터셉터 실행 /product/add/new
2022-05-29 23:56:24.567  INFO 22488 --- [http-nio-8080-exec-3] c.e.c.web.LogInterceptor                 : postHandle [ModelAndView [view="product/addNewProductForm"; model={product=com.example.convenience_pos_system.domain.Product@65c2e6b3, org.springframework.validation.BindingResult.product=org.springframework.validation.BeanPropertyBindingResult: 0 errors}]]
2022-05-29 23:56:24.621  INFO 22488 --- [http-nio-8080-exec-3] c.e.c.web.LogInterceptor                 : RESPONSE [9f2bce55-981f-4db5-981c-a3b9806defc7][/product/add/new]
2022-05-29 23:56:33.951  INFO 22488 --- [http-nio-8080-exec-5] c.e.c.web.LogInterceptor                 : REQUEST [51ba0fef-3eca-4f2d-9d74-197271f7480b][/product/add/new][com.example.convenience_pos_system.controller.ProductController#addNewProductForm(Model)]
2022-05-29 23:56:33.952  INFO 22488 --- [http-nio-8080-exec-5] c.e.c.web.LoginCheckInterceptor          : 인증 체크 인터셉터 실행 /product/add/new
2022-05-29 23:56:33.953  INFO 22488 --- [http-nio-8080-exec-5] c.e.c.web.LogInterceptor                 : postHandle [ModelAndView [view="product/addNewProductForm"; model={product=com.example.convenience_pos_system.domain.Product@2fa1eee0, org.springframework.validation.BindingResult.product=org.springframework.validation.BeanPropertyBindingResult: 0 errors}]]
2022-05-29 23:56:33.958  INFO 22488 --- [http-nio-8080-exec-5] c.e.c.web.LogInterceptor                 : RESPONSE [51ba0fef-3eca-4f2d-9d74-197271f7480b][/product/add/new]
2022-05-29 23:56:42.968  INFO 22488 --- [http-nio-8080-exec-6] c.e.c.web.LogInterceptor                 : REQUEST [4937b836-7f37-4200-9ec7-25d8bce212c7][/product/add/new][com.example.convenience_pos_system.controller.ProductController#addNewProduct(ProductAddDto, BindingResult, HttpServletRequest)]
2022-05-29 23:56:42.969  INFO 22488 --- [http-nio-8080-exec-6] c.e.c.web.LoginCheckInterceptor          : 인증 체크 인터셉터 실행 /product/add/new
2022-05-29 23:56:43.218  INFO 22488 --- [http-nio-8080-exec-6] c.e.c.web.LogInterceptor                 : postHandle [ModelAndView [view="redirect:/product/add"; model={}]]
2022-05-29 23:56:43.219  INFO 22488 --- [http-nio-8080-exec-6] c.e.c.web.LogInterceptor                 : RESPONSE [4937b836-7f37-4200-9ec7-25d8bce212c7][/product/add/new]
2022-05-29 23:56:43.227  INFO 22488 --- [http-nio-8080-exec-7] c.e.c.web.LogInterceptor                 : REQUEST [047efd8f-ab82-4030-a6d8-04beb7e95923][/product/add][com.example.convenience_pos_system.controller.ProductController#addIndex(Model)]
2022-05-29 23:56:43.227  INFO 22488 --- [http-nio-8080-exec-7] c.e.c.web.LoginCheckInterceptor          : 인증 체크 인터셉터 실행 /product/add
2022-05-29 23:56:43.262  INFO 22488 --- [http-nio-8080-exec-7] c.e.c.web.LogInterceptor                 : postHandle [ModelAndView [view="product/add"; model={products=[com.example.convenience_pos_system.domain.Product@6f3f475a, com.example.convenience_pos_system.domain.Product@13efc43f, com.example.convenience_pos_system.domain.Product@fd11f2a, com.example.convenience_pos_system.domain.Product@2c258e9f, com.example.convenience_pos_system.domain.Product@393509d6, com.example.convenience_pos_system.domain.Product@5496ecf3, com.example.convenience_pos_system.domain.Product@53399104, com.example.convenience_pos_system.domain.Product@53e8bc8a, com.example.convenience_pos_system.domain.Product@42826498, com.example.convenience_pos_system.domain.Product@2110f94f, com.example.convenience_pos_system.domain.Product@3e3eedd8, com.example.convenience_pos_system.domain.Product@28a40a79, com.example.convenience_pos_system.domain.Product@79d31d51]}]]
2022-05-29 23:56:43.273  INFO 22488 --- [http-nio-8080-exec-7] c.e.c.web.LogInterceptor                 : RESPONSE [047efd8f-ab82-4030-a6d8-04beb7e95923][/product/add]
2022-05-29 23:56:46.771  INFO 22488 --- [http-nio-8080-exec-8] c.e.c.web.LogInterceptor                 : REQUEST [20e3560e-18c6-4ca3-814e-1da97520c5d4][/][com.example.convenience_pos_system.controller.WebController#main()]
2022-05-29 23:56:46.773  INFO 22488 --- [http-nio-8080-exec-8] c.e.c.web.LogInterceptor                 : postHandle [ModelAndView [view="mainpage"; model={}]]
2022-05-29 23:56:46.779  INFO 22488 --- [http-nio-8080-exec-8] c.e.c.web.LogInterceptor                 : RESPONSE [20e3560e-18c6-4ca3-814e-1da97520c5d4][/]
2022-05-29 23:56:48.122  INFO 22488 --- [http-nio-8080-exec-9] c.e.c.web.LogInterceptor                 : REQUEST [9f9a698b-ebbf-48b6-a1a8-53166c60d147][/product/list][com.example.convenience_pos_system.controller.ProductController#productList(Model)]
2022-05-29 23:56:48.123  INFO 22488 --- [http-nio-8080-exec-9] c.e.c.web.LoginCheckInterceptor          : 인증 체크 인터셉터 실행 /product/list
2022-05-29 23:56:48.165  INFO 22488 --- [http-nio-8080-exec-9] c.e.c.web.LogInterceptor                 : postHandle [ModelAndView [view="product/productList"; model={products=[com.example.convenience_pos_system.domain.Product@7a02f87e, com.example.convenience_pos_system.domain.Product@6ff5cf38, com.example.convenience_pos_system.domain.Product@2199a962, com.example.convenience_pos_system.domain.Product@5810f300, com.example.convenience_pos_system.domain.Product@353c3174, com.example.convenience_pos_system.domain.Product@74f1a4e4, com.example.convenience_pos_system.domain.Product@184fd1a1, com.example.convenience_pos_system.domain.Product@4718b95b, com.example.convenience_pos_system.domain.Product@13fb975d, com.example.convenience_pos_system.domain.Product@6a54c742, com.example.convenience_pos_system.domain.Product@c70d170, com.example.convenience_pos_system.domain.Product@e2073c4, com.example.convenience_pos_system.domain.Product@41ae4c22]}]]
2022-05-29 23:56:48.175  INFO 22488 --- [http-nio-8080-exec-9] c.e.c.web.LogInterceptor                 : RESPONSE [9f9a698b-ebbf-48b6-a1a8-53166c60d147][/product/list]
2022-05-29 23:56:54.290  INFO 22488 --- [http-nio-8080-exec-10] c.e.c.web.LogInterceptor                 : REQUEST [0e8321a7-ac72-4ec7-bbcd-e5538c5e5b90][/product/add][com.example.convenience_pos_system.controller.ProductController#addIndex(Model)]
2022-05-29 23:56:54.291  INFO 22488 --- [http-nio-8080-exec-10] c.e.c.web.LoginCheckInterceptor          : 인증 체크 인터셉터 실행 /product/add
2022-05-29 23:56:54.335  INFO 22488 --- [http-nio-8080-exec-10] c.e.c.web.LogInterceptor                 : postHandle [ModelAndView [view="product/add"; model={products=[com.example.convenience_pos_system.domain.Product@2736efd5, com.example.convenience_pos_system.domain.Product@37082592, com.example.convenience_pos_system.domain.Product@76c50397, com.example.convenience_pos_system.domain.Product@4a06e2e0, com.example.convenience_pos_system.domain.Product@5adef432, com.example.convenience_pos_system.domain.Product@2c0c6e4e, com.example.convenience_pos_system.domain.Product@728b19e3, com.example.convenience_pos_system.domain.Product@f67f4b0, com.example.convenience_pos_system.domain.Product@22b5ee0a, com.example.convenience_pos_system.domain.Product@6d049a0c, com.example.convenience_pos_system.domain.Product@47ead24e, com.example.convenience_pos_system.domain.Product@77187c77, com.example.convenience_pos_system.domain.Product@7ad01920]}]]
2022-05-29 23:56:54.346  INFO 22488 --- [http-nio-8080-exec-10] c.e.c.web.LogInterceptor                 : RESPONSE [0e8321a7-ac72-4ec7-bbcd-e5538c5e5b90][/product/add]
2022-05-29 23:57:04.320  INFO 22488 --- [http-nio-8080-exec-1] c.e.c.web.LogInterceptor                 : REQUEST [8e30ec8e-407b-4ae7-8f78-0e9b4d913a7a][/product/add/new][com.example.convenience_pos_system.controller.ProductController#addNewProductForm(Model)]
2022-05-29 23:57:04.321  INFO 22488 --- [http-nio-8080-exec-1] c.e.c.web.LoginCheckInterceptor          : 인증 체크 인터셉터 실행 /product/add/new
2022-05-29 23:57:04.322  INFO 22488 --- [http-nio-8080-exec-1] c.e.c.web.LogInterceptor                 : postHandle [ModelAndView [view="product/addNewProductForm"; model={product=com.example.convenience_pos_system.domain.Product@111b917, org.springframework.validation.BindingResult.product=org.springframework.validation.BeanPropertyBindingResult: 0 errors}]]
2022-05-29 23:57:04.329  INFO 22488 --- [http-nio-8080-exec-1] c.e.c.web.LogInterceptor                 : RESPONSE [8e30ec8e-407b-4ae7-8f78-0e9b4d913a7a][/product/add/new]
2022-05-29 23:57:15.611  INFO 22488 --- [http-nio-8080-exec-2] c.e.c.web.LogInterceptor                 : REQUEST [0884c11c-d2bd-48c9-b5b5-40a93a0e7c76][/product/add/new][com.example.convenience_pos_system.controller.ProductController#addNewProduct(ProductAddDto, BindingResult, HttpServletRequest)]
2022-05-29 23:57:15.613  INFO 22488 --- [http-nio-8080-exec-2] c.e.c.web.LoginCheckInterceptor          : 인증 체크 인터셉터 실행 /product/add/new
2022-05-29 23:57:15.671  INFO 22488 --- [http-nio-8080-exec-2] c.e.c.web.LogInterceptor                 : postHandle [ModelAndView [view="redirect:/product/add"; model={}]]
2022-05-29 23:57:15.673  INFO 22488 --- [http-nio-8080-exec-2] c.e.c.web.LogInterceptor                 : RESPONSE [0884c11c-d2bd-48c9-b5b5-40a93a0e7c76][/product/add/new]
2022-05-29 23:57:15.678  INFO 22488 --- [http-nio-8080-exec-3] c.e.c.web.LogInterceptor                 : REQUEST [736770f3-4f77-494f-a3b0-046542de1ab7][/product/add][com.example.convenience_pos_system.controller.ProductController#addIndex(Model)]
2022-05-29 23:57:15.679  INFO 22488 --- [http-nio-8080-exec-3] c.e.c.web.LoginCheckInterceptor          : 인증 체크 인터셉터 실행 /product/add
2022-05-29 23:57:15.719  INFO 22488 --- [http-nio-8080-exec-3] c.e.c.web.LogInterceptor                 : postHandle [ModelAndView [view="product/add"; model={products=[com.example.convenience_pos_system.domain.Product@13081d62, com.example.convenience_pos_system.domain.Product@4d3cfa96, com.example.convenience_pos_system.domain.Product@4e509853, com.example.convenience_pos_system.domain.Product@6dcf280a, com.example.convenience_pos_system.domain.Product@3effdbdc, com.example.convenience_pos_system.domain.Product@14bd7edf, com.example.convenience_pos_system.domain.Product@5ee5fe1b, com.example.convenience_pos_system.domain.Product@4afe02b5, com.example.convenience_pos_system.domain.Product@a1f010d, com.example.convenience_pos_system.domain.Product@752bcd17, com.example.convenience_pos_system.domain.Product@44ff08f, com.example.convenience_pos_system.domain.Product@3e9eb119, com.example.convenience_pos_system.domain.Product@4c7bc8ae, com.example.convenience_pos_system.domain.Product@6713e743]}]]
2022-05-29 23:57:15.723  INFO 22488 --- [http-nio-8080-exec-3] c.e.c.web.LogInterceptor                 : RESPONSE [736770f3-4f77-494f-a3b0-046542de1ab7][/product/add]
2022-05-29 23:57:29.624  INFO 22488 --- [http-nio-8080-exec-5] c.e.c.web.LogInterceptor                 : REQUEST [eec1ba87-2a8a-40c9-ba1b-bd49e6a95d43][/product/add/new][com.example.convenience_pos_system.controller.ProductController#addNewProductForm(Model)]
2022-05-29 23:57:29.625  INFO 22488 --- [http-nio-8080-exec-5] c.e.c.web.LoginCheckInterceptor          : 인증 체크 인터셉터 실행 /product/add/new
2022-05-29 23:57:29.627  INFO 22488 --- [http-nio-8080-exec-5] c.e.c.web.LogInterceptor                 : postHandle [ModelAndView [view="product/addNewProductForm"; model={product=com.example.convenience_pos_system.domain.Product@4bafc735, org.springframework.validation.BindingResult.product=org.springframework.validation.BeanPropertyBindingResult: 0 errors}]]
2022-05-29 23:57:29.636  INFO 22488 --- [http-nio-8080-exec-5] c.e.c.web.LogInterceptor                 : RESPONSE [eec1ba87-2a8a-40c9-ba1b-bd49e6a95d43][/product/add/new]
2022-05-29 23:57:31.935  INFO 22488 --- [http-nio-8080-exec-6] c.e.c.web.LogInterceptor                 : REQUEST [67fdc6d0-4f64-4bfa-8ecb-257b461e08f0][/product/add/new][com.example.convenience_pos_system.controller.ProductController#addNewProduct(ProductAddDto, BindingResult, HttpServletRequest)]
2022-05-29 23:57:31.936  INFO 22488 --- [http-nio-8080-exec-6] c.e.c.web.LoginCheckInterceptor          : 인증 체크 인터셉터 실행 /product/add/new
2022-05-29 23:57:31.962  INFO 22488 --- [http-nio-8080-exec-6] c.e.c.web.LogInterceptor                 : postHandle [ModelAndView [view="product/addNewProductForm"; model={product=com.example.convenience_pos_system.domain.ProductAddDto@2a948e43, org.springframework.validation.BindingResult.product=org.springframework.validation.BeanPropertyBindingResult: 4 errors
Field error in object 'product' on field 'name': rejected value []; codes [NotBlank.product.name,NotBlank.name,NotBlank.java.lang.String,NotBlank]; arguments [org.springframework.context.support.DefaultMessageSourceResolvable: codes [product.name,name]; arguments []; default message [name]]; default message [상품 이름은 필수 입력항목 입니다.]
Field error in object 'product' on field 'quantity': rejected value [0]; codes [Range.product.quantity,Range.quantity,Range.int,Range]; arguments [org.springframework.context.support.DefaultMessageSourceResolvable: codes [product.quantity,quantity]; arguments []; default message [quantity],100,1]; default message [새제품 입고수량은 1~100개 입고 가능합니다.]
Field error in object 'product' on field 'price': rejected value [0]; codes [Range.product.price,Range.price,Range.int,Range]; arguments [org.springframework.context.support.DefaultMessageSourceResolvable: codes [product.price,price]; arguments []; default message [price],9223372036854775807,1]; default message [가격은 1원 이상으로 입력해야 합니다.]
Field error in object 'product' on field 'code': rejected value []; codes [NotBlank.product.code,NotBlank.code,NotBlank.java.lang.String,NotBlank]; arguments [org.springframework.context.support.DefaultMessageSourceResolvable: codes [product.code,code]; arguments []; default message [code]]; default message [상품 코드는 필수 입력항목 입니다.]}]]
2022-05-29 23:57:31.970  INFO 22488 --- [http-nio-8080-exec-6] c.e.c.web.LogInterceptor                 : RESPONSE [67fdc6d0-4f64-4bfa-8ecb-257b461e08f0][/product/add/new]
2022-05-29 23:57:33.478  INFO 22488 --- [http-nio-8080-exec-7] c.e.c.web.LogInterceptor                 : REQUEST [2b4402dd-40ba-494e-a7bc-6bac62a1c425][/][com.example.convenience_pos_system.controller.WebController#main()]
2022-05-29 23:57:33.480  INFO 22488 --- [http-nio-8080-exec-7] c.e.c.web.LogInterceptor                 : postHandle [ModelAndView [view="mainpage"; model={}]]
2022-05-29 23:57:33.483  INFO 22488 --- [http-nio-8080-exec-7] c.e.c.web.LogInterceptor                 : RESPONSE [2b4402dd-40ba-494e-a7bc-6bac62a1c425][/]
2022-05-29 23:57:35.089  INFO 22488 --- [http-nio-8080-exec-8] c.e.c.web.LogInterceptor                 : REQUEST [b637698c-d555-403c-9408-923d192a79db][/product/list][com.example.convenience_pos_system.controller.ProductController#productList(Model)]
2022-05-29 23:57:35.090  INFO 22488 --- [http-nio-8080-exec-8] c.e.c.web.LoginCheckInterceptor          : 인증 체크 인터셉터 실행 /product/list
2022-05-29 23:57:35.135  INFO 22488 --- [http-nio-8080-exec-8] c.e.c.web.LogInterceptor                 : postHandle [ModelAndView [view="product/productList"; model={products=[com.example.convenience_pos_system.domain.Product@4f9635ce, com.example.convenience_pos_system.domain.Product@6df2820f, com.example.convenience_pos_system.domain.Product@40c8e1db, com.example.convenience_pos_system.domain.Product@7c9b8a90, com.example.convenience_pos_system.domain.Product@2dde888, com.example.convenience_pos_system.domain.Product@7b46e026, com.example.convenience_pos_system.domain.Product@7c0700ac, com.example.convenience_pos_system.domain.Product@5ce8cab6, com.example.convenience_pos_system.domain.Product@311cf00b, com.example.convenience_pos_system.domain.Product@7d9761de, com.example.convenience_pos_system.domain.Product@39d11ca0, com.example.convenience_pos_system.domain.Product@2376cc56, com.example.convenience_pos_system.domain.Product@753cec9b, com.example.convenience_pos_system.domain.Product@33e3ea73]}]]
2022-05-29 23:57:35.141  INFO 22488 --- [http-nio-8080-exec-8] c.e.c.web.LogInterceptor                 : RESPONSE [b637698c-d555-403c-9408-923d192a79db][/product/list]
2022-05-29 23:57:42.750  INFO 22488 --- [http-nio-8080-exec-9] c.e.c.web.LogInterceptor                 : REQUEST [890c2c23-6f0a-4b61-a9b8-28c128348787][/][com.example.convenience_pos_system.controller.WebController#main()]
2022-05-29 23:57:42.751  INFO 22488 --- [http-nio-8080-exec-9] c.e.c.web.LogInterceptor                 : postHandle [ModelAndView [view="mainpage"; model={}]]
2022-05-29 23:57:42.753  INFO 22488 --- [http-nio-8080-exec-9] c.e.c.web.LogInterceptor                 : RESPONSE [890c2c23-6f0a-4b61-a9b8-28c128348787][/]
2022-05-29 23:58:00.960  INFO 22488 --- [http-nio-8080-exec-10] c.e.c.web.LogInterceptor                 : REQUEST [7afabf2f-075f-4de7-8b8e-8821f150dcff][/product/add][com.example.convenience_pos_system.controller.ProductController#addIndex(Model)]
2022-05-29 23:58:00.961  INFO 22488 --- [http-nio-8080-exec-10] c.e.c.web.LoginCheckInterceptor          : 인증 체크 인터셉터 실행 /product/add
2022-05-29 23:58:00.995  INFO 22488 --- [http-nio-8080-exec-10] c.e.c.web.LogInterceptor                 : postHandle [ModelAndView [view="product/add"; model={products=[com.example.convenience_pos_system.domain.Product@166bdfee, com.example.convenience_pos_system.domain.Product@6c08dd1a, com.example.convenience_pos_system.domain.Product@36db915f, com.example.convenience_pos_system.domain.Product@335aaf21, com.example.convenience_pos_system.domain.Product@7b86820b, com.example.convenience_pos_system.domain.Product@514c706c, com.example.convenience_pos_system.domain.Product@3b775273, com.example.convenience_pos_system.domain.Product@5d32c19b, com.example.convenience_pos_system.domain.Product@126b96ec, com.example.convenience_pos_system.domain.Product@20164bdd, com.example.convenience_pos_system.domain.Product@21f37166, com.example.convenience_pos_system.domain.Product@6a8642da, com.example.convenience_pos_system.domain.Product@24147590, com.example.convenience_pos_system.domain.Product@364e8a6c]}]]
2022-05-29 23:58:01.008  INFO 22488 --- [http-nio-8080-exec-10] c.e.c.web.LogInterceptor                 : RESPONSE [7afabf2f-075f-4de7-8b8e-8821f150dcff][/product/add]
2022-05-29 23:58:02.865  INFO 22488 --- [http-nio-8080-exec-1] c.e.c.web.LogInterceptor                 : REQUEST [be341656-81b7-416e-83eb-dc3bc8722b49][/product/add/1][com.example.convenience_pos_system.controller.ProductController#addProductQuantityForm(Long, Model)]
2022-05-29 23:58:02.866  INFO 22488 --- [http-nio-8080-exec-1] c.e.c.web.LoginCheckInterceptor          : 인증 체크 인터셉터 실행 /product/add/1
2022-05-29 23:58:02.906  INFO 22488 --- [http-nio-8080-exec-1] c.e.c.web.LogInterceptor                 : postHandle [ModelAndView [view="product/addProductQuantity"; model={product=com.example.convenience_pos_system.domain.Product@7c8806ef, org.springframework.validation.BindingResult.product=org.springframework.validation.BeanPropertyBindingResult: 0 errors}]]
2022-05-29 23:58:02.932  INFO 22488 --- [http-nio-8080-exec-1] c.e.c.web.LogInterceptor                 : RESPONSE [be341656-81b7-416e-83eb-dc3bc8722b49][/product/add/1]
2022-05-29 23:58:17.493  INFO 22488 --- [http-nio-8080-exec-2] c.e.c.web.LogInterceptor                 : REQUEST [bc201867-c823-4bae-b8e8-9028b8abcad4][/product/add/1][com.example.convenience_pos_system.controller.ProductController#addProductQuantity(HttpServletRequest)]
2022-05-29 23:58:17.494  INFO 22488 --- [http-nio-8080-exec-2] c.e.c.web.LoginCheckInterceptor          : 인증 체크 인터셉터 실행 /product/add/1
2022-05-29 23:58:17.512  INFO 22488 --- [http-nio-8080-exec-2] c.e.c.web.LogInterceptor                 : RESPONSE [bc201867-c823-4bae-b8e8-9028b8abcad4][/product/add/1]
2022-05-29 23:58:17.521 ERROR 22488 --- [http-nio-8080-exec-2] c.e.c.web.LogInterceptor                 : afterCompletion error!!

java.lang.NumberFormatException: For input string: ""
	at java.base/java.lang.NumberFormatException.forInputString(NumberFormatException.java:65) ~[na:na]
	at java.base/java.lang.Integer.parseInt(Integer.java:662) ~[na:na]
	at java.base/java.lang.Integer.parseInt(Integer.java:770) ~[na:na]
	at com.example.convenience_pos_system.controller.ProductController.addProductQuantity(ProductController.java:68) ~[classes/:na]
	at java.base/jdk.internal.reflect.NativeMethodAccessorImpl.invoke0(Native Method) ~[na:na]
	at java.base/jdk.internal.reflect.NativeMethodAccessorImpl.invoke(NativeMethodAccessorImpl.java:62) ~[na:na]
	at java.base/jdk.internal.reflect.DelegatingMethodAccessorImpl.invoke(DelegatingMethodAccessorImpl.java:43) ~[na:na]
	at java.base/java.lang.reflect.Method.invoke(Method.java:566) ~[na:na]
	at org.springframework.web.method.support.InvocableHandlerMethod.doInvoke(InvocableHandlerMethod.java:205) ~[spring-web-5.3.19.jar:5.3.19]
	at org.springframework.web.method.support.InvocableHandlerMethod.invokeForRequest(InvocableHandlerMethod.java:150) ~[spring-web-5.3.19.jar:5.3.19]
	at org.springframework.web.servlet.mvc.method.annotation.ServletInvocableHandlerMethod.invokeAndHandle(ServletInvocableHandlerMethod.java:117) ~[spring-webmvc-5.3.19.jar:5.3.19]
	at org.springframework.web.servlet.mvc.method.annotation.RequestMappingHandlerAdapter.invokeHandlerMethod(RequestMappingHandlerAdapter.java:895) ~[spring-webmvc-5.3.19.jar:5.3.19]
	at org.springframework.web.servlet.mvc.method.annotation.RequestMappingHandlerAdapter.handleInternal(RequestMappingHandlerAdapter.java:808) ~[spring-webmvc-5.3.19.jar:5.3.19]
	at org.springframework.web.servlet.mvc.method.AbstractHandlerMethodAdapter.handle(AbstractHandlerMethodAdapter.java:87) ~[spring-webmvc-5.3.19.jar:5.3.19]
	at org.springframework.web.servlet.DispatcherServlet.doDispatch(DispatcherServlet.java:1067) ~[spring-webmvc-5.3.19.jar:5.3.19]
	at org.springframework.web.servlet.DispatcherServlet.doService(DispatcherServlet.java:963) ~[spring-webmvc-5.3.19.jar:5.3.19]
	at org.springframework.web.servlet.FrameworkServlet.processRequest(FrameworkServlet.java:1006) ~[spring-webmvc-5.3.19.jar:5.3.19]
	at org.springframework.web.servlet.FrameworkServlet.doPost(FrameworkServlet.java:909) ~[spring-webmvc-5.3.19.jar:5.3.19]
	at javax.servlet.http.HttpServlet.service(HttpServlet.java:681) ~[tomcat-embed-core-9.0.62.jar:4.0.FR]
	at org.springframework.web.servlet.FrameworkServlet.service(FrameworkServlet.java:883) ~[spring-webmvc-5.3.19.jar:5.3.19]
	at javax.servlet.http.HttpServlet.service(HttpServlet.java:764) ~[tomcat-embed-core-9.0.62.jar:4.0.FR]
	at org.apache.catalina.core.ApplicationFilterChain.internalDoFilter(ApplicationFilterChain.java:227) ~[tomcat-embed-core-9.0.62.jar:9.0.62]
	at org.apache.catalina.core.ApplicationFilterChain.doFilter(ApplicationFilterChain.java:162) ~[tomcat-embed-core-9.0.62.jar:9.0.62]
	at org.apache.tomcat.websocket.server.WsFilter.doFilter(WsFilter.java:53) ~[tomcat-embed-websocket-9.0.62.jar:9.0.62]
	at org.apache.catalina.core.ApplicationFilterChain.internalDoFilter(ApplicationFilterChain.java:189) ~[tomcat-embed-core-9.0.62.jar:9.0.62]
	at org.apache.catalina.core.ApplicationFilterChain.doFilter(ApplicationFilterChain.java:162) ~[tomcat-embed-core-9.0.62.jar:9.0.62]
	at org.springframework.web.filter.RequestContextFilter.doFilterInternal(RequestContextFilter.java:100) ~[spring-web-5.3.19.jar:5.3.19]
	at org.springframework.web.filter.OncePerRequestFilter.doFilter(OncePerRequestFilter.java:117) ~[spring-web-5.3.19.jar:5.3.19]
	at org.apache.catalina.core.ApplicationFilterChain.internalDoFilter(ApplicationFilterChain.java:189) ~[tomcat-embed-core-9.0.62.jar:9.0.62]
	at org.apache.catalina.core.ApplicationFilterChain.doFilter(ApplicationFilterChain.java:162) ~[tomcat-embed-core-9.0.62.jar:9.0.62]
	at org.springframework.web.filter.FormContentFilter.doFilterInternal(FormContentFilter.java:93) ~[spring-web-5.3.19.jar:5.3.19]
	at org.springframework.web.filter.OncePerRequestFilter.doFilter(OncePerRequestFilter.java:117) ~[spring-web-5.3.19.jar:5.3.19]
	at org.apache.catalina.core.ApplicationFilterChain.internalDoFilter(ApplicationFilterChain.java:189) ~[tomcat-embed-core-9.0.62.jar:9.0.62]
	at org.apache.catalina.core.ApplicationFilterChain.doFilter(ApplicationFilterChain.java:162) ~[tomcat-embed-core-9.0.62.jar:9.0.62]
	at org.springframework.web.filter.CharacterEncodingFilter.doFilterInternal(CharacterEncodingFilter.java:201) ~[spring-web-5.3.19.jar:5.3.19]
	at org.springframework.web.filter.OncePerRequestFilter.doFilter(OncePerRequestFilter.java:117) ~[spring-web-5.3.19.jar:5.3.19]
	at org.apache.catalina.core.ApplicationFilterChain.internalDoFilter(ApplicationFilterChain.java:189) ~[tomcat-embed-core-9.0.62.jar:9.0.62]
	at org.apache.catalina.core.ApplicationFilterChain.doFilter(ApplicationFilterChain.java:162) ~[tomcat-embed-core-9.0.62.jar:9.0.62]
	at org.apache.catalina.core.StandardWrapperValve.invoke(StandardWrapperValve.java:197) ~[tomcat-embed-core-9.0.62.jar:9.0.62]
	at org.apache.catalina.core.StandardContextValve.invoke(StandardContextValve.java:97) ~[tomcat-embed-core-9.0.62.jar:9.0.62]
	at org.apache.catalina.authenticator.AuthenticatorBase.invoke(AuthenticatorBase.java:541) ~[tomcat-embed-core-9.0.62.jar:9.0.62]
	at org.apache.catalina.core.StandardHostValve.invoke(StandardHostValve.java:135) ~[tomcat-embed-core-9.0.62.jar:9.0.62]
	at org.apache.catalina.valves.ErrorReportValve.invoke(ErrorReportValve.java:92) ~[tomcat-embed-core-9.0.62.jar:9.0.62]
	at org.apache.catalina.core.StandardEngineValve.invoke(StandardEngineValve.java:78) ~[tomcat-embed-core-9.0.62.jar:9.0.62]
	at org.apache.catalina.connector.CoyoteAdapter.service(CoyoteAdapter.java:360) ~[tomcat-embed-core-9.0.62.jar:9.0.62]
	at org.apache.coyote.http11.Http11Processor.service(Http11Processor.java:399) ~[tomcat-embed-core-9.0.62.jar:9.0.62]
	at org.apache.coyote.AbstractProcessorLight.process(AbstractProcessorLight.java:65) ~[tomcat-embed-core-9.0.62.jar:9.0.62]
	at org.apache.coyote.AbstractProtocol$ConnectionHandler.process(AbstractProtocol.java:890) ~[tomcat-embed-core-9.0.62.jar:9.0.62]
	at org.apache.tomcat.util.net.NioEndpoint$SocketProcessor.doRun(NioEndpoint.java:1743) ~[tomcat-embed-core-9.0.62.jar:9.0.62]
	at org.apache.tomcat.util.net.SocketProcessorBase.run(SocketProcessorBase.java:49) ~[tomcat-embed-core-9.0.62.jar:9.0.62]
	at org.apache.tomcat.util.threads.ThreadPoolExecutor.runWorker(ThreadPoolExecutor.java:1191) ~[tomcat-embed-core-9.0.62.jar:9.0.62]
	at org.apache.tomcat.util.threads.ThreadPoolExecutor$Worker.run(ThreadPoolExecutor.java:659) ~[tomcat-embed-core-9.0.62.jar:9.0.62]
	at org.apache.tomcat.util.threads.TaskThread$WrappingRunnable.run(TaskThread.java:61) ~[tomcat-embed-core-9.0.62.jar:9.0.62]
	at java.base/java.lang.Thread.run(Thread.java:829) ~[na:na]

2022-05-29 23:58:17.525 ERROR 22488 --- [http-nio-8080-exec-2] o.a.c.c.C.[.[.[/].[dispatcherServlet]    : Servlet.service() for servlet [dispatcherServlet] in context with path [] threw exception [Request processing failed; nested exception is java.lang.NumberFormatException: For input string: ""] with root cause

java.lang.NumberFormatException: For input string: ""
	at java.base/java.lang.NumberFormatException.forInputString(NumberFormatException.java:65) ~[na:na]
	at java.base/java.lang.Integer.parseInt(Integer.java:662) ~[na:na]
	at java.base/java.lang.Integer.parseInt(Integer.java:770) ~[na:na]
	at com.example.convenience_pos_system.controller.ProductController.addProductQuantity(ProductController.java:68) ~[classes/:na]
	at java.base/jdk.internal.reflect.NativeMethodAccessorImpl.invoke0(Native Method) ~[na:na]
	at java.base/jdk.internal.reflect.NativeMethodAccessorImpl.invoke(NativeMethodAccessorImpl.java:62) ~[na:na]
	at java.base/jdk.internal.reflect.DelegatingMethodAccessorImpl.invoke(DelegatingMethodAccessorImpl.java:43) ~[na:na]
	at java.base/java.lang.reflect.Method.invoke(Method.java:566) ~[na:na]
	at org.springframework.web.method.support.InvocableHandlerMethod.doInvoke(InvocableHandlerMethod.java:205) ~[spring-web-5.3.19.jar:5.3.19]
	at org.springframework.web.method.support.InvocableHandlerMethod.invokeForRequest(InvocableHandlerMethod.java:150) ~[spring-web-5.3.19.jar:5.3.19]
	at org.springframework.web.servlet.mvc.method.annotation.ServletInvocableHandlerMethod.invokeAndHandle(ServletInvocableHandlerMethod.java:117) ~[spring-webmvc-5.3.19.jar:5.3.19]
	at org.springframework.web.servlet.mvc.method.annotation.RequestMappingHandlerAdapter.invokeHandlerMethod(RequestMappingHandlerAdapter.java:895) ~[spring-webmvc-5.3.19.jar:5.3.19]
	at org.springframework.web.servlet.mvc.method.annotation.RequestMappingHandlerAdapter.handleInternal(RequestMappingHandlerAdapter.java:808) ~[spring-webmvc-5.3.19.jar:5.3.19]
	at org.springframework.web.servlet.mvc.method.AbstractHandlerMethodAdapter.handle(AbstractHandlerMethodAdapter.java:87) ~[spring-webmvc-5.3.19.jar:5.3.19]
	at org.springframework.web.servlet.DispatcherServlet.doDispatch(DispatcherServlet.java:1067) ~[spring-webmvc-5.3.19.jar:5.3.19]
	at org.springframework.web.servlet.DispatcherServlet.doService(DispatcherServlet.java:963) ~[spring-webmvc-5.3.19.jar:5.3.19]
	at org.springframework.web.servlet.FrameworkServlet.processRequest(FrameworkServlet.java:1006) ~[spring-webmvc-5.3.19.jar:5.3.19]
	at org.springframework.web.servlet.FrameworkServlet.doPost(FrameworkServlet.java:909) ~[spring-webmvc-5.3.19.jar:5.3.19]
	at javax.servlet.http.HttpServlet.service(HttpServlet.java:681) ~[tomcat-embed-core-9.0.62.jar:4.0.FR]
	at org.springframework.web.servlet.FrameworkServlet.service(FrameworkServlet.java:883) ~[spring-webmvc-5.3.19.jar:5.3.19]
	at javax.servlet.http.HttpServlet.service(HttpServlet.java:764) ~[tomcat-embed-core-9.0.62.jar:4.0.FR]
	at org.apache.catalina.core.ApplicationFilterChain.internalDoFilter(ApplicationFilterChain.java:227) ~[tomcat-embed-core-9.0.62.jar:9.0.62]
	at org.apache.catalina.core.ApplicationFilterChain.doFilter(ApplicationFilterChain.java:162) ~[tomcat-embed-core-9.0.62.jar:9.0.62]
	at org.apache.tomcat.websocket.server.WsFilter.doFilter(WsFilter.java:53) ~[tomcat-embed-websocket-9.0.62.jar:9.0.62]
	at org.apache.catalina.core.ApplicationFilterChain.internalDoFilter(ApplicationFilterChain.java:189) ~[tomcat-embed-core-9.0.62.jar:9.0.62]
	at org.apache.catalina.core.ApplicationFilterChain.doFilter(ApplicationFilterChain.java:162) ~[tomcat-embed-core-9.0.62.jar:9.0.62]
	at org.springframework.web.filter.RequestContextFilter.doFilterInternal(RequestContextFilter.java:100) ~[spring-web-5.3.19.jar:5.3.19]
	at org.springframework.web.filter.OncePerRequestFilter.doFilter(OncePerRequestFilter.java:117) ~[spring-web-5.3.19.jar:5.3.19]
	at org.apache.catalina.core.ApplicationFilterChain.internalDoFilter(ApplicationFilterChain.java:189) ~[tomcat-embed-core-9.0.62.jar:9.0.62]
	at org.apache.catalina.core.ApplicationFilterChain.doFilter(ApplicationFilterChain.java:162) ~[tomcat-embed-core-9.0.62.jar:9.0.62]
	at org.springframework.web.filter.FormContentFilter.doFilterInternal(FormContentFilter.java:93) ~[spring-web-5.3.19.jar:5.3.19]
	at org.springframework.web.filter.OncePerRequestFilter.doFilter(OncePerRequestFilter.java:117) ~[spring-web-5.3.19.jar:5.3.19]
	at org.apache.catalina.core.ApplicationFilterChain.internalDoFilter(ApplicationFilterChain.java:189) ~[tomcat-embed-core-9.0.62.jar:9.0.62]
	at org.apache.catalina.core.ApplicationFilterChain.doFilter(ApplicationFilterChain.java:162) ~[tomcat-embed-core-9.0.62.jar:9.0.62]
	at org.springframework.web.filter.CharacterEncodingFilter.doFilterInternal(CharacterEncodingFilter.java:201) ~[spring-web-5.3.19.jar:5.3.19]
	at org.springframework.web.filter.OncePerRequestFilter.doFilter(OncePerRequestFilter.java:117) ~[spring-web-5.3.19.jar:5.3.19]
	at org.apache.catalina.core.ApplicationFilterChain.internalDoFilter(ApplicationFilterChain.java:189) ~[tomcat-embed-core-9.0.62.jar:9.0.62]
	at org.apache.catalina.core.ApplicationFilterChain.doFilter(ApplicationFilterChain.java:162) ~[tomcat-embed-core-9.0.62.jar:9.0.62]
	at org.apache.catalina.core.StandardWrapperValve.invoke(StandardWrapperValve.java:197) ~[tomcat-embed-core-9.0.62.jar:9.0.62]
	at org.apache.catalina.core.StandardContextValve.invoke(StandardContextValve.java:97) ~[tomcat-embed-core-9.0.62.jar:9.0.62]
	at org.apache.catalina.authenticator.AuthenticatorBase.invoke(AuthenticatorBase.java:541) ~[tomcat-embed-core-9.0.62.jar:9.0.62]
	at org.apache.catalina.core.StandardHostValve.invoke(StandardHostValve.java:135) ~[tomcat-embed-core-9.0.62.jar:9.0.62]
	at org.apache.catalina.valves.ErrorReportValve.invoke(ErrorReportValve.java:92) ~[tomcat-embed-core-9.0.62.jar:9.0.62]
	at org.apache.catalina.core.StandardEngineValve.invoke(StandardEngineValve.java:78) ~[tomcat-embed-core-9.0.62.jar:9.0.62]
	at org.apache.catalina.connector.CoyoteAdapter.service(CoyoteAdapter.java:360) ~[tomcat-embed-core-9.0.62.jar:9.0.62]
	at org.apache.coyote.http11.Http11Processor.service(Http11Processor.java:399) ~[tomcat-embed-core-9.0.62.jar:9.0.62]
	at org.apache.coyote.AbstractProcessorLight.process(AbstractProcessorLight.java:65) ~[tomcat-embed-core-9.0.62.jar:9.0.62]
	at org.apache.coyote.AbstractProtocol$ConnectionHandler.process(AbstractProtocol.java:890) ~[tomcat-embed-core-9.0.62.jar:9.0.62]
	at org.apache.tomcat.util.net.NioEndpoint$SocketProcessor.doRun(NioEndpoint.java:1743) ~[tomcat-embed-core-9.0.62.jar:9.0.62]
	at org.apache.tomcat.util.net.SocketProcessorBase.run(SocketProcessorBase.java:49) ~[tomcat-embed-core-9.0.62.jar:9.0.62]
	at org.apache.tomcat.util.threads.ThreadPoolExecutor.runWorker(ThreadPoolExecutor.java:1191) ~[tomcat-embed-core-9.0.62.jar:9.0.62]
	at org.apache.tomcat.util.threads.ThreadPoolExecutor$Worker.run(ThreadPoolExecutor.java:659) ~[tomcat-embed-core-9.0.62.jar:9.0.62]
	at org.apache.tomcat.util.threads.TaskThread$WrappingRunnable.run(TaskThread.java:61) ~[tomcat-embed-core-9.0.62.jar:9.0.62]
	at java.base/java.lang.Thread.run(Thread.java:829) ~[na:na]

2022-05-29 23:58:28.139  INFO 22488 --- [http-nio-8080-exec-3] c.e.c.web.LogInterceptor                 : REQUEST [114a86e1-4bda-4399-8b47-3ec31c18cd99][/product/add][com.example.convenience_pos_system.controller.ProductController#addIndex(Model)]
2022-05-29 23:58:28.140  INFO 22488 --- [http-nio-8080-exec-3] c.e.c.web.LoginCheckInterceptor          : 인증 체크 인터셉터 실행 /product/add
2022-05-29 23:58:28.170  INFO 22488 --- [http-nio-8080-exec-3] c.e.c.web.LogInterceptor                 : postHandle [ModelAndView [view="product/add"; model={products=[com.example.convenience_pos_system.domain.Product@455248ab, com.example.convenience_pos_system.domain.Product@3d0396bd, com.example.convenience_pos_system.domain.Product@3ce47f33, com.example.convenience_pos_system.domain.Product@1d1960a9, com.example.convenience_pos_system.domain.Product@4ad964b1, com.example.convenience_pos_system.domain.Product@6b4eb529, com.example.convenience_pos_system.domain.Product@74cc5294, com.example.convenience_pos_system.domain.Product@2206688c, com.example.convenience_pos_system.domain.Product@23fb6c91, com.example.convenience_pos_system.domain.Product@3d82623a, com.example.convenience_pos_system.domain.Product@2bcccfec, com.example.convenience_pos_system.domain.Product@3a1f8011, com.example.convenience_pos_system.domain.Product@42f8ec27, com.example.convenience_pos_system.domain.Product@6c45d5f0]}]]
2022-05-29 23:58:28.178  INFO 22488 --- [http-nio-8080-exec-3] c.e.c.web.LogInterceptor                 : RESPONSE [114a86e1-4bda-4399-8b47-3ec31c18cd99][/product/add]
2022-05-29 23:58:33.140  INFO 22488 --- [http-nio-8080-exec-5] c.e.c.web.LogInterceptor                 : REQUEST [a7a72ef0-eb53-4cae-938f-df30d1787228][/product/list][com.example.convenience_pos_system.controller.ProductController#productList(Model)]
2022-05-29 23:58:33.141  INFO 22488 --- [http-nio-8080-exec-5] c.e.c.web.LoginCheckInterceptor          : 인증 체크 인터셉터 실행 /product/list
2022-05-29 23:58:33.185  INFO 22488 --- [http-nio-8080-exec-5] c.e.c.web.LogInterceptor                 : postHandle [ModelAndView [view="product/productList"; model={products=[com.example.convenience_pos_system.domain.Product@525a35c4, com.example.convenience_pos_system.domain.Product@6779c6d5, com.example.convenience_pos_system.domain.Product@4b02d3ee, com.example.convenience_pos_system.domain.Product@5920116a, com.example.convenience_pos_system.domain.Product@5a57fb9f, com.example.convenience_pos_system.domain.Product@7331c16e, com.example.convenience_pos_system.domain.Product@2e71e145, com.example.convenience_pos_system.domain.Product@77830ea0, com.example.convenience_pos_system.domain.Product@126d88cc, com.example.convenience_pos_system.domain.Product@6f2a015e, com.example.convenience_pos_system.domain.Product@4ef0be37, com.example.convenience_pos_system.domain.Product@21695f47, com.example.convenience_pos_system.domain.Product@5f3c884e, com.example.convenience_pos_system.domain.Product@60234206]}]]
2022-05-29 23:58:33.192  INFO 22488 --- [http-nio-8080-exec-5] c.e.c.web.LogInterceptor                 : RESPONSE [a7a72ef0-eb53-4cae-938f-df30d1787228][/product/list]
2022-05-29 23:58:34.137  INFO 22488 --- [http-nio-8080-exec-6] c.e.c.web.LogInterceptor                 : REQUEST [f669dedf-020c-4e0e-b2e0-dd8f91989d78][/product/list/1][com.example.convenience_pos_system.controller.ProductController#productHistoryList(Long, Model)]
2022-05-29 23:58:34.137  INFO 22488 --- [http-nio-8080-exec-6] c.e.c.web.LoginCheckInterceptor          : 인증 체크 인터셉터 실행 /product/list/1
2022-05-29 23:58:34.182  INFO 22488 --- [http-nio-8080-exec-6] c.e.c.web.LogInterceptor                 : postHandle [ModelAndView [view="product/productHistoryList"; model={productHistories=[com.example.convenience_pos_system.domain.ProductHistory@6dfeef8b, com.example.convenience_pos_system.domain.ProductHistory@1ebb614b, com.example.convenience_pos_system.domain.ProductHistory@3971634e, com.example.convenience_pos_system.domain.ProductHistory@5de80fdd, com.example.convenience_pos_system.domain.ProductHistory@47f0215c, com.example.convenience_pos_system.domain.ProductHistory@284a1d0, com.example.convenience_pos_system.domain.ProductHistory@305dc9dd, com.example.convenience_pos_system.domain.ProductHistory@2d56beec, com.example.convenience_pos_system.domain.ProductHistory@6b6a90db, com.example.convenience_pos_system.domain.ProductHistory@4c473647, com.example.convenience_pos_system.domain.ProductHistory@128a1d33]}]]
2022-05-29 23:58:34.202  INFO 22488 --- [http-nio-8080-exec-6] c.e.c.web.LogInterceptor                 : RESPONSE [f669dedf-020c-4e0e-b2e0-dd8f91989d78][/product/list/1]
2022-05-29 23:58:48.826  INFO 22488 --- [http-nio-8080-exec-7] c.e.c.web.LogInterceptor                 : REQUEST [3a96e564-a56d-4269-8ceb-247e40676a11][/][com.example.convenience_pos_system.controller.WebController#main()]
2022-05-29 23:58:48.827  INFO 22488 --- [http-nio-8080-exec-7] c.e.c.web.LogInterceptor                 : postHandle [ModelAndView [view="mainpage"; model={}]]
2022-05-29 23:58:48.829  INFO 22488 --- [http-nio-8080-exec-7] c.e.c.web.LogInterceptor                 : RESPONSE [3a96e564-a56d-4269-8ceb-247e40676a11][/]
2022-05-29 23:58:49.747  INFO 22488 --- [http-nio-8080-exec-8] c.e.c.web.LogInterceptor                 : REQUEST [e6df6b31-e74c-4d14-8600-8c4212f1537b][/product/list][com.example.convenience_pos_system.controller.ProductController#productList(Model)]
2022-05-29 23:58:49.748  INFO 22488 --- [http-nio-8080-exec-8] c.e.c.web.LoginCheckInterceptor          : 인증 체크 인터셉터 실행 /product/list
2022-05-29 23:58:49.786  INFO 22488 --- [http-nio-8080-exec-8] c.e.c.web.LogInterceptor                 : postHandle [ModelAndView [view="product/productList"; model={products=[com.example.convenience_pos_system.domain.Product@52dc296, com.example.convenience_pos_system.domain.Product@29b11032, com.example.convenience_pos_system.domain.Product@1d469aeb, com.example.convenience_pos_system.domain.Product@37ed8c02, com.example.convenience_pos_system.domain.Product@5c3fd11b, com.example.convenience_pos_system.domain.Product@7d2e6a2e, com.example.convenience_pos_system.domain.Product@541636a2, com.example.convenience_pos_system.domain.Product@f403dbe, com.example.convenience_pos_system.domain.Product@2d558244, com.example.convenience_pos_system.domain.Product@2324f2da, com.example.convenience_pos_system.domain.Product@46e2633a, com.example.convenience_pos_system.domain.Product@48411b95, com.example.convenience_pos_system.domain.Product@4907e77b, com.example.convenience_pos_system.domain.Product@4d316ea3]}]]
2022-05-29 23:58:49.792  INFO 22488 --- [http-nio-8080-exec-8] c.e.c.web.LogInterceptor                 : RESPONSE [e6df6b31-e74c-4d14-8600-8c4212f1537b][/product/list]
2022-05-29 23:58:53.746  INFO 22488 --- [http-nio-8080-exec-9] c.e.c.web.LogInterceptor                 : REQUEST [44539dc0-0123-42a1-81a8-2780515aa548][/product/list/14][com.example.convenience_pos_system.controller.ProductController#productHistoryList(Long, Model)]
2022-05-29 23:58:53.746  INFO 22488 --- [http-nio-8080-exec-9] c.e.c.web.LoginCheckInterceptor          : 인증 체크 인터셉터 실행 /product/list/14
2022-05-29 23:58:53.789  INFO 22488 --- [http-nio-8080-exec-9] c.e.c.web.LogInterceptor                 : postHandle [ModelAndView [view="product/productHistoryList"; model={productHistories=[com.example.convenience_pos_system.domain.ProductHistory@a4eab6a]}]]
2022-05-29 23:58:53.791  INFO 22488 --- [http-nio-8080-exec-9] c.e.c.web.LogInterceptor                 : RESPONSE [44539dc0-0123-42a1-81a8-2780515aa548][/product/list/14]
2022-05-29 23:59:00.463  INFO 22488 --- [http-nio-8080-exec-10] c.e.c.web.LogInterceptor                 : REQUEST [93acb721-f39c-48c9-959c-7f9fec2cba3d][/product/list/1][com.example.convenience_pos_system.controller.ProductController#productHistoryList(Long, Model)]
2022-05-29 23:59:00.464  INFO 22488 --- [http-nio-8080-exec-10] c.e.c.web.LoginCheckInterceptor          : 인증 체크 인터셉터 실행 /product/list/1
2022-05-29 23:59:00.519  INFO 22488 --- [http-nio-8080-exec-10] c.e.c.web.LogInterceptor                 : postHandle [ModelAndView [view="product/productHistoryList"; model={productHistories=[com.example.convenience_pos_system.domain.ProductHistory@53fbf1a6, com.example.convenience_pos_system.domain.ProductHistory@11240c5f, com.example.convenience_pos_system.domain.ProductHistory@78ed8b4c, com.example.convenience_pos_system.domain.ProductHistory@96a9cf4, com.example.convenience_pos_system.domain.ProductHistory@5902abe, com.example.convenience_pos_system.domain.ProductHistory@346788a7, com.example.convenience_pos_system.domain.ProductHistory@20c4d28c, com.example.convenience_pos_system.domain.ProductHistory@7d14675c, com.example.convenience_pos_system.domain.ProductHistory@79d5779a, com.example.convenience_pos_system.domain.ProductHistory@71ffeab7, com.example.convenience_pos_system.domain.ProductHistory@77a906b6]}]]
2022-05-29 23:59:00.525  INFO 22488 --- [http-nio-8080-exec-10] c.e.c.web.LogInterceptor                 : RESPONSE [93acb721-f39c-48c9-959c-7f9fec2cba3d][/product/list/1]
2022-05-29 23:59:08.585  INFO 22488 --- [http-nio-8080-exec-1] c.e.c.web.LogInterceptor                 : REQUEST [c23f317e-56bd-4b73-ae36-31ac82c0cdcc][/product/list][com.example.convenience_pos_system.controller.ProductController#productList(Model)]
2022-05-29 23:59:08.585  INFO 22488 --- [http-nio-8080-exec-1] c.e.c.web.LoginCheckInterceptor          : 인증 체크 인터셉터 실행 /product/list
2022-05-29 23:59:08.630  INFO 22488 --- [http-nio-8080-exec-1] c.e.c.web.LogInterceptor                 : postHandle [ModelAndView [view="product/productList"; model={products=[com.example.convenience_pos_system.domain.Product@362ebbdd, com.example.convenience_pos_system.domain.Product@a2d7c89, com.example.convenience_pos_system.domain.Product@11017466, com.example.convenience_pos_system.domain.Product@5baa0246, com.example.convenience_pos_system.domain.Product@1819babd, com.example.convenience_pos_system.domain.Product@79315403, com.example.convenience_pos_system.domain.Product@6309bd07, com.example.convenience_pos_system.domain.Product@683a2b12, com.example.convenience_pos_system.domain.Product@3da3b8fa, com.example.convenience_pos_system.domain.Product@4ec16201, com.example.convenience_pos_system.domain.Product@608e1f5b, com.example.convenience_pos_system.domain.Product@5955cae3, com.example.convenience_pos_system.domain.Product@7911dd5b, com.example.convenience_pos_system.domain.Product@3c057912]}]]
2022-05-29 23:59:08.634  INFO 22488 --- [http-nio-8080-exec-1] c.e.c.web.LogInterceptor                 : RESPONSE [c23f317e-56bd-4b73-ae36-31ac82c0cdcc][/product/list]
2022-05-29 23:59:10.088  INFO 22488 --- [http-nio-8080-exec-4] c.e.c.web.LogInterceptor                 : REQUEST [80c2e981-9c6a-40a4-9659-027f7771e7a7][/product/list/1][com.example.convenience_pos_system.controller.ProductController#productHistoryList(Long, Model)]
2022-05-29 23:59:10.089  INFO 22488 --- [http-nio-8080-exec-4] c.e.c.web.LoginCheckInterceptor          : 인증 체크 인터셉터 실행 /product/list/1
2022-05-29 23:59:10.126  INFO 22488 --- [http-nio-8080-exec-4] c.e.c.web.LogInterceptor                 : postHandle [ModelAndView [view="product/productHistoryList"; model={productHistories=[com.example.convenience_pos_system.domain.ProductHistory@9a82c60, com.example.convenience_pos_system.domain.ProductHistory@111a1642, com.example.convenience_pos_system.domain.ProductHistory@44927d41, com.example.convenience_pos_system.domain.ProductHistory@6afd9899, com.example.convenience_pos_system.domain.ProductHistory@22fe628a, com.example.convenience_pos_system.domain.ProductHistory@6317c891, com.example.convenience_pos_system.domain.ProductHistory@34b8c9c7, com.example.convenience_pos_system.domain.ProductHistory@3287b699, com.example.convenience_pos_system.domain.ProductHistory@63bc7871, com.example.convenience_pos_system.domain.ProductHistory@3e3267d7, com.example.convenience_pos_system.domain.ProductHistory@4cb67727]}]]
2022-05-29 23:59:10.128  INFO 22488 --- [http-nio-8080-exec-4] c.e.c.web.LogInterceptor                 : RESPONSE [80c2e981-9c6a-40a4-9659-027f7771e7a7][/product/list/1]
2022-05-29 23:59:29.495  INFO 22488 --- [http-nio-8080-exec-3] c.e.c.web.LogInterceptor                 : REQUEST [547f0b3d-f3e8-47d9-8179-cb5e6fcbde7b][/product/update][com.example.convenience_pos_system.controller.ProductController#updateList(Model)]
2022-05-29 23:59:29.497  INFO 22488 --- [http-nio-8080-exec-3] c.e.c.web.LoginCheckInterceptor          : 인증 체크 인터셉터 실행 /product/update
2022-05-29 23:59:29.532  INFO 22488 --- [http-nio-8080-exec-3] c.e.c.web.LogInterceptor                 : postHandle [ModelAndView [view="product/updateList"; model={products=[com.example.convenience_pos_system.domain.Product@627e861a, com.example.convenience_pos_system.domain.Product@205625f0, com.example.convenience_pos_system.domain.Product@5f3337cd, com.example.convenience_pos_system.domain.Product@2e981941, com.example.convenience_pos_system.domain.Product@38c014de, com.example.convenience_pos_system.domain.Product@2928df93, com.example.convenience_pos_system.domain.Product@6f630824, com.example.convenience_pos_system.domain.Product@15f5698, com.example.convenience_pos_system.domain.Product@3981c489, com.example.convenience_pos_system.domain.Product@563a506d, com.example.convenience_pos_system.domain.Product@21ef50a6, com.example.convenience_pos_system.domain.Product@5a7f3995, com.example.convenience_pos_system.domain.Product@6ded0bdf, com.example.convenience_pos_system.domain.Product@69d09737]}]]
2022-05-29 23:59:29.558  INFO 22488 --- [http-nio-8080-exec-3] c.e.c.web.LogInterceptor                 : RESPONSE [547f0b3d-f3e8-47d9-8179-cb5e6fcbde7b][/product/update]
2022-05-29 23:59:33.098  INFO 22488 --- [http-nio-8080-exec-5] c.e.c.web.LogInterceptor                 : REQUEST [443f2a99-92f3-4744-a9c3-0fcba33c12e6][/product/update/detail/1][com.example.convenience_pos_system.controller.ProductController#detailUpdate(Long, Model)]
2022-05-29 23:59:33.099  INFO 22488 --- [http-nio-8080-exec-5] c.e.c.web.LoginCheckInterceptor          : 인증 체크 인터셉터 실행 /product/update/detail/1
2022-05-29 23:59:33.141  INFO 22488 --- [http-nio-8080-exec-5] c.e.c.web.LogInterceptor                 : postHandle [ModelAndView [view="product/productUpdateDetail"; model={detailUpdates=[com.example.convenience_pos_system.domain.ProductStateHistory@2dc39f38, com.example.convenience_pos_system.domain.ProductStateHistory@77fb0e2c, com.example.convenience_pos_system.domain.ProductStateHistory@1dca83df]}]]
2022-05-29 23:59:33.157  INFO 22488 --- [http-nio-8080-exec-5] c.e.c.web.LogInterceptor                 : RESPONSE [443f2a99-92f3-4744-a9c3-0fcba33c12e6][/product/update/detail/1]
2022-05-29 23:59:36.449  INFO 22488 --- [http-nio-8080-exec-6] c.e.c.web.LogInterceptor                 : REQUEST [74e058bb-3fc5-4bd4-a200-3b885ef8c954][/product/update/1][com.example.convenience_pos_system.controller.ProductController#updateProductForm(Long, Model)]
2022-05-29 23:59:36.450  INFO 22488 --- [http-nio-8080-exec-6] c.e.c.web.LoginCheckInterceptor          : 인증 체크 인터셉터 실행 /product/update/1
2022-05-29 23:59:36.488  INFO 22488 --- [http-nio-8080-exec-6] c.e.c.web.LogInterceptor                 : postHandle [ModelAndView [view="product/updateProductForm"; model={product=com.example.convenience_pos_system.domain.Product@5408eaaa, org.springframework.validation.BindingResult.product=org.springframework.validation.BeanPropertyBindingResult: 0 errors}]]
2022-05-29 23:59:36.511  INFO 22488 --- [http-nio-8080-exec-6] c.e.c.web.LogInterceptor                 : RESPONSE [74e058bb-3fc5-4bd4-a200-3b885ef8c954][/product/update/1]
