2022-06-03 13:57:55.527  INFO 8732 --- [main] c.e.c.ConveniencePosSystemApplication    : Starting ConveniencePosSystemApplication using Java 15.0.1 on DESKTOP-OIMG8KE with PID 8732 (C:\Users\nec\Desktop\새 폴더\Convenience-POS-System\Convenience_POS_System\target\classes started by nec in C:\Users\nec\Desktop\새 폴더\Convenience-POS-System\Convenience_POS_System)
2022-06-03 13:57:55.563  INFO 8732 --- [main] c.e.c.ConveniencePosSystemApplication    : No active profile set, falling back to 1 default profile: "default"
2022-06-03 13:58:01.200  INFO 8732 --- [main] .s.d.r.c.RepositoryConfigurationDelegate : Bootstrapping Spring Data JDBC repositories in DEFAULT mode.
2022-06-03 13:58:01.266  INFO 8732 --- [main] .s.d.r.c.RepositoryConfigurationDelegate : Finished Spring Data repository scanning in 52 ms. Found 0 JDBC repository interfaces.
2022-06-03 13:58:01.636  WARN 8732 --- [main] o.m.s.mapper.ClassPathMapperScanner      : No MyBatis mapper was found in '[com.example.convenience_pos_system]' package. Please check your configuration.
2022-06-03 13:58:02.863  INFO 8732 --- [main] o.s.b.w.embedded.tomcat.TomcatWebServer  : Tomcat initialized with port(s): 8080 (http)
2022-06-03 13:58:02.892  INFO 8732 --- [main] o.apache.catalina.core.StandardService   : Starting service [Tomcat]
2022-06-03 13:58:02.895  INFO 8732 --- [main] org.apache.catalina.core.StandardEngine  : Starting Servlet engine: [Apache Tomcat/9.0.62]
2022-06-03 13:58:04.120  INFO 8732 --- [main] o.a.c.c.C.[Tomcat].[localhost].[/]       : Initializing Spring embedded WebApplicationContext
2022-06-03 13:58:04.122  INFO 8732 --- [main] w.s.c.ServletWebServerApplicationContext : Root WebApplicationContext: initialization completed in 7102 ms
2022-06-03 13:58:07.874  INFO 8732 --- [main] o.s.b.w.embedded.tomcat.TomcatWebServer  : Tomcat started on port(s): 8080 (http) with context path ''
2022-06-03 13:58:07.907  INFO 8732 --- [main] c.e.c.ConveniencePosSystemApplication    : Started ConveniencePosSystemApplication in 14.63 seconds (JVM running for 17.818)
2022-06-03 13:58:22.664  INFO 8732 --- [http-nio-8080-exec-1] o.a.c.c.C.[Tomcat].[localhost].[/]       : Initializing Spring DispatcherServlet 'dispatcherServlet'
2022-06-03 13:58:22.667  INFO 8732 --- [http-nio-8080-exec-1] o.s.web.servlet.DispatcherServlet        : Initializing Servlet 'dispatcherServlet'
2022-06-03 13:58:22.670  INFO 8732 --- [http-nio-8080-exec-1] o.s.web.servlet.DispatcherServlet        : Completed initialization in 3 ms
2022-06-03 13:58:22.770  INFO 8732 --- [http-nio-8080-exec-1] c.e.c.web.LogInterceptor                 : REQUEST [f85f576d-7d83-41ec-a8de-3ddf953a6481][/][com.example.convenience_pos_system.controller.WebController#main()]
2022-06-03 13:58:22.825  INFO 8732 --- [http-nio-8080-exec-1] c.e.c.web.LogInterceptor                 : postHandle [ModelAndView [view="mainpage"; model={}]]
2022-06-03 13:58:26.246  INFO 8732 --- [http-nio-8080-exec-1] c.e.c.web.LogInterceptor                 : RESPONSE [f85f576d-7d83-41ec-a8de-3ddf953a6481][/]
2022-06-03 13:58:26.394  INFO 8732 --- [http-nio-8080-exec-4] c.e.c.web.LogInterceptor                 : REQUEST [5e2586d3-31e3-45cf-8df8-3fbca78e7fbc][/bootstrap/css/styles.css][ResourceHttpRequestHandler [classpath [META-INF/resources/], classpath [resources/], classpath [static/], classpath [public/], ServletContext [/]]]
2022-06-03 13:58:26.394  INFO 8732 --- [http-nio-8080-exec-7] c.e.c.web.LogInterceptor                 : REQUEST [62854bf2-506f-4163-96c8-39fa52855eb6][/bootstrap/js/scripts.js][ResourceHttpRequestHandler [classpath [META-INF/resources/], classpath [resources/], classpath [static/], classpath [public/], ServletContext [/]]]
2022-06-03 13:58:26.396  INFO 8732 --- [http-nio-8080-exec-4] c.e.c.web.LoginCheckInterceptor          : LoginCheckInterceptor run /bootstrap/css/styles.css
2022-06-03 13:58:26.397  INFO 8732 --- [http-nio-8080-exec-7] c.e.c.web.LoginCheckInterceptor          : LoginCheckInterceptor run /bootstrap/js/scripts.js
2022-06-03 13:58:26.397  INFO 8732 --- [http-nio-8080-exec-4] c.e.c.web.LoginCheckInterceptor          : unlogin user request
2022-06-03 13:58:26.398  INFO 8732 --- [http-nio-8080-exec-7] c.e.c.web.LoginCheckInterceptor          : unlogin user request
2022-06-03 13:58:26.399  INFO 8732 --- [http-nio-8080-exec-7] c.e.c.web.LogInterceptor                 : RESPONSE [62854bf2-506f-4163-96c8-39fa52855eb6][/bootstrap/js/scripts.js]
2022-06-03 13:58:26.399  INFO 8732 --- [http-nio-8080-exec-4] c.e.c.web.LogInterceptor                 : RESPONSE [5e2586d3-31e3-45cf-8df8-3fbca78e7fbc][/bootstrap/css/styles.css]
2022-06-03 13:58:26.590  INFO 8732 --- [http-nio-8080-exec-2] c.e.c.web.LogInterceptor                 : REQUEST [653842ba-ff3e-4b4f-ba16-db543dc594b8][/member/login][com.example.convenience_pos_system.controller.MemberController#loginForm(LoginForm, HttpServletRequest, Model)]
2022-06-03 13:58:26.592  INFO 8732 --- [http-nio-8080-exec-8] c.e.c.web.LogInterceptor                 : REQUEST [5374f816-1572-41e0-814d-f51122765c9c][/member/login][com.example.convenience_pos_system.controller.MemberController#loginForm(LoginForm, HttpServletRequest, Model)]
2022-06-03 13:58:26.724  INFO 8732 --- [http-nio-8080-exec-2] c.e.c.web.LogInterceptor                 : postHandle [ModelAndView [view="member/loginForm"; model={loginForm=com.example.convenience_pos_system.domain.LoginForm@61a3c334, org.springframework.validation.BindingResult.loginForm=org.springframework.validation.BeanPropertyBindingResult: 0 errors, url=/bootstrap/css/styles.css}]]
2022-06-03 13:58:26.724  INFO 8732 --- [http-nio-8080-exec-8] c.e.c.web.LogInterceptor                 : postHandle [ModelAndView [view="member/loginForm"; model={loginForm=com.example.convenience_pos_system.domain.LoginForm@4909e0de, org.springframework.validation.BindingResult.loginForm=org.springframework.validation.BeanPropertyBindingResult: 0 errors, url=/bootstrap/js/scripts.js}]]
2022-06-03 13:58:26.852  INFO 8732 --- [http-nio-8080-exec-2] c.e.c.web.LogInterceptor                 : RESPONSE [653842ba-ff3e-4b4f-ba16-db543dc594b8][/member/login]
2022-06-03 13:58:26.854  INFO 8732 --- [http-nio-8080-exec-8] c.e.c.web.LogInterceptor                 : RESPONSE [5374f816-1572-41e0-814d-f51122765c9c][/member/login]
2022-06-03 13:58:26.961  INFO 8732 --- [http-nio-8080-exec-5] c.e.c.web.LogInterceptor                 : REQUEST [d2737af8-1843-4daf-bcff-cced5a11a6f6][/bootstrap/assets/favicon.ico][ResourceHttpRequestHandler [classpath [META-INF/resources/], classpath [resources/], classpath [static/], classpath [public/], ServletContext [/]]]
2022-06-03 13:58:26.965  INFO 8732 --- [http-nio-8080-exec-5] c.e.c.web.LoginCheckInterceptor          : LoginCheckInterceptor run /bootstrap/assets/favicon.ico
2022-06-03 13:58:26.966  INFO 8732 --- [http-nio-8080-exec-5] c.e.c.web.LoginCheckInterceptor          : unlogin user request
2022-06-03 13:58:26.966  INFO 8732 --- [http-nio-8080-exec-5] c.e.c.web.LogInterceptor                 : RESPONSE [d2737af8-1843-4daf-bcff-cced5a11a6f6][/bootstrap/assets/favicon.ico]
2022-06-03 13:58:26.986  INFO 8732 --- [http-nio-8080-exec-6] c.e.c.web.LogInterceptor                 : REQUEST [eea7e51c-e0ee-431e-8bc1-46c2141c3ddc][/member/login][com.example.convenience_pos_system.controller.MemberController#loginForm(LoginForm, HttpServletRequest, Model)]
2022-06-03 13:58:27.005  INFO 8732 --- [http-nio-8080-exec-6] c.e.c.web.LogInterceptor                 : postHandle [ModelAndView [view="member/loginForm"; model={loginForm=com.example.convenience_pos_system.domain.LoginForm@55fb3d16, org.springframework.validation.BindingResult.loginForm=org.springframework.validation.BeanPropertyBindingResult: 0 errors, url=/bootstrap/assets/favicon.ico}]]
2022-06-03 13:58:27.016  INFO 8732 --- [http-nio-8080-exec-6] c.e.c.web.LogInterceptor                 : RESPONSE [eea7e51c-e0ee-431e-8bc1-46c2141c3ddc][/member/login]
2022-06-03 13:59:04.309  INFO 8732 --- [http-nio-8080-exec-3] c.e.c.web.LogInterceptor                 : REQUEST [529b2454-5aa5-46c3-9706-c3bb70fc1f86][/][com.example.convenience_pos_system.controller.WebController#main()]
2022-06-03 13:59:04.310  INFO 8732 --- [http-nio-8080-exec-3] c.e.c.web.LogInterceptor                 : postHandle [ModelAndView [view="mainpage"; model={}]]
2022-06-03 13:59:04.318  INFO 8732 --- [http-nio-8080-exec-3] c.e.c.web.LogInterceptor                 : RESPONSE [529b2454-5aa5-46c3-9706-c3bb70fc1f86][/]
2022-06-03 13:59:04.336  INFO 8732 --- [http-nio-8080-exec-7] c.e.c.web.LogInterceptor                 : REQUEST [6d8cf605-39f7-4007-bce9-d510d93b7506][/bootstrap/js/scripts.js][ResourceHttpRequestHandler [classpath [META-INF/resources/], classpath [resources/], classpath [static/], classpath [public/], ServletContext [/]]]
2022-06-03 13:59:04.336  INFO 8732 --- [http-nio-8080-exec-1] c.e.c.web.LogInterceptor                 : REQUEST [3bf45dff-dd72-4dab-ad39-c4abc578056c][/bootstrap/css/styles.css][ResourceHttpRequestHandler [classpath [META-INF/resources/], classpath [resources/], classpath [static/], classpath [public/], ServletContext [/]]]
2022-06-03 13:59:04.336  INFO 8732 --- [http-nio-8080-exec-7] c.e.c.web.LoginCheckInterceptor          : LoginCheckInterceptor run /bootstrap/js/scripts.js
2022-06-03 13:59:04.337  INFO 8732 --- [http-nio-8080-exec-1] c.e.c.web.LoginCheckInterceptor          : LoginCheckInterceptor run /bootstrap/css/styles.css
2022-06-03 13:59:04.337  INFO 8732 --- [http-nio-8080-exec-1] c.e.c.web.LoginCheckInterceptor          : unlogin user request
2022-06-03 13:59:04.337  INFO 8732 --- [http-nio-8080-exec-7] c.e.c.web.LoginCheckInterceptor          : unlogin user request
2022-06-03 13:59:04.337  INFO 8732 --- [http-nio-8080-exec-1] c.e.c.web.LogInterceptor                 : RESPONSE [3bf45dff-dd72-4dab-ad39-c4abc578056c][/bootstrap/css/styles.css]
2022-06-03 13:59:04.337  INFO 8732 --- [http-nio-8080-exec-7] c.e.c.web.LogInterceptor                 : RESPONSE [6d8cf605-39f7-4007-bce9-d510d93b7506][/bootstrap/js/scripts.js]
2022-06-03 13:59:04.351  INFO 8732 --- [http-nio-8080-exec-2] c.e.c.web.LogInterceptor                 : REQUEST [1c26410c-f3d9-4152-a880-5d32f3a6bcd2][/member/login][com.example.convenience_pos_system.controller.MemberController#loginForm(LoginForm, HttpServletRequest, Model)]
2022-06-03 13:59:04.351  INFO 8732 --- [http-nio-8080-exec-4] c.e.c.web.LogInterceptor                 : REQUEST [dd983670-3c42-47bd-818a-806dd1523866][/member/login][com.example.convenience_pos_system.controller.MemberController#loginForm(LoginForm, HttpServletRequest, Model)]
2022-06-03 13:59:04.352  INFO 8732 --- [http-nio-8080-exec-2] c.e.c.web.LogInterceptor                 : postHandle [ModelAndView [view="member/loginForm"; model={loginForm=com.example.convenience_pos_system.domain.LoginForm@2792a572, org.springframework.validation.BindingResult.loginForm=org.springframework.validation.BeanPropertyBindingResult: 0 errors, url=/bootstrap/js/scripts.js}]]
2022-06-03 13:59:04.352  INFO 8732 --- [http-nio-8080-exec-4] c.e.c.web.LogInterceptor                 : postHandle [ModelAndView [view="member/loginForm"; model={loginForm=com.example.convenience_pos_system.domain.LoginForm@546aac88, org.springframework.validation.BindingResult.loginForm=org.springframework.validation.BeanPropertyBindingResult: 0 errors, url=/bootstrap/css/styles.css}]]
2022-06-03 13:59:04.356  INFO 8732 --- [http-nio-8080-exec-4] c.e.c.web.LogInterceptor                 : RESPONSE [dd983670-3c42-47bd-818a-806dd1523866][/member/login]
2022-06-03 13:59:04.356  INFO 8732 --- [http-nio-8080-exec-2] c.e.c.web.LogInterceptor                 : RESPONSE [1c26410c-f3d9-4152-a880-5d32f3a6bcd2][/member/login]
2022-06-03 13:59:04.609  INFO 8732 --- [http-nio-8080-exec-6] c.e.c.web.LogInterceptor                 : REQUEST [885aff43-d559-4c56-a8b5-03313ff5fe34][/bootstrap/assets/favicon.ico][ResourceHttpRequestHandler [classpath [META-INF/resources/], classpath [resources/], classpath [static/], classpath [public/], ServletContext [/]]]
2022-06-03 13:59:04.610  INFO 8732 --- [http-nio-8080-exec-6] c.e.c.web.LoginCheckInterceptor          : LoginCheckInterceptor run /bootstrap/assets/favicon.ico
2022-06-03 13:59:04.610  INFO 8732 --- [http-nio-8080-exec-6] c.e.c.web.LoginCheckInterceptor          : unlogin user request
2022-06-03 13:59:04.611  INFO 8732 --- [http-nio-8080-exec-6] c.e.c.web.LogInterceptor                 : RESPONSE [885aff43-d559-4c56-a8b5-03313ff5fe34][/bootstrap/assets/favicon.ico]
2022-06-03 13:59:04.619  INFO 8732 --- [http-nio-8080-exec-9] c.e.c.web.LogInterceptor                 : REQUEST [d4c903be-3d98-4fd5-8549-a80b0139df33][/member/login][com.example.convenience_pos_system.controller.MemberController#loginForm(LoginForm, HttpServletRequest, Model)]
2022-06-03 13:59:04.621  INFO 8732 --- [http-nio-8080-exec-9] c.e.c.web.LogInterceptor                 : postHandle [ModelAndView [view="member/loginForm"; model={loginForm=com.example.convenience_pos_system.domain.LoginForm@1f7141dc, org.springframework.validation.BindingResult.loginForm=org.springframework.validation.BeanPropertyBindingResult: 0 errors, url=/bootstrap/assets/favicon.ico}]]
2022-06-03 13:59:04.626  INFO 8732 --- [http-nio-8080-exec-9] c.e.c.web.LogInterceptor                 : RESPONSE [d4c903be-3d98-4fd5-8549-a80b0139df33][/member/login]
2022-06-03 13:59:05.667  INFO 8732 --- [http-nio-8080-exec-10] c.e.c.web.LogInterceptor                 : REQUEST [51f95103-67f9-40ce-96b8-a48d2f49358e][/][com.example.convenience_pos_system.controller.WebController#main()]
2022-06-03 13:59:05.670  INFO 8732 --- [http-nio-8080-exec-10] c.e.c.web.LogInterceptor                 : postHandle [ModelAndView [view="mainpage"; model={}]]
2022-06-03 13:59:05.681  INFO 8732 --- [http-nio-8080-exec-10] c.e.c.web.LogInterceptor                 : RESPONSE [51f95103-67f9-40ce-96b8-a48d2f49358e][/]
2022-06-03 13:59:05.703  INFO 8732 --- [http-nio-8080-exec-1] c.e.c.web.LogInterceptor                 : REQUEST [a550b009-8822-4a4c-9a21-734f643087eb][/bootstrap/js/scripts.js][ResourceHttpRequestHandler [classpath [META-INF/resources/], classpath [resources/], classpath [static/], classpath [public/], ServletContext [/]]]
2022-06-03 13:59:05.703  INFO 8732 --- [http-nio-8080-exec-3] c.e.c.web.LogInterceptor                 : REQUEST [633e0b28-d6c6-47b0-9332-a77925496e65][/bootstrap/css/styles.css][ResourceHttpRequestHandler [classpath [META-INF/resources/], classpath [resources/], classpath [static/], classpath [public/], ServletContext [/]]]
2022-06-03 13:59:05.704  INFO 8732 --- [http-nio-8080-exec-1] c.e.c.web.LoginCheckInterceptor          : LoginCheckInterceptor run /bootstrap/js/scripts.js
2022-06-03 13:59:05.704  INFO 8732 --- [http-nio-8080-exec-3] c.e.c.web.LoginCheckInterceptor          : LoginCheckInterceptor run /bootstrap/css/styles.css
2022-06-03 13:59:05.704  INFO 8732 --- [http-nio-8080-exec-1] c.e.c.web.LoginCheckInterceptor          : unlogin user request
2022-06-03 13:59:05.704  INFO 8732 --- [http-nio-8080-exec-3] c.e.c.web.LoginCheckInterceptor          : unlogin user request
2022-06-03 13:59:05.704  INFO 8732 --- [http-nio-8080-exec-1] c.e.c.web.LogInterceptor                 : RESPONSE [a550b009-8822-4a4c-9a21-734f643087eb][/bootstrap/js/scripts.js]
2022-06-03 13:59:05.704  INFO 8732 --- [http-nio-8080-exec-3] c.e.c.web.LogInterceptor                 : RESPONSE [633e0b28-d6c6-47b0-9332-a77925496e65][/bootstrap/css/styles.css]
2022-06-03 13:59:05.710  INFO 8732 --- [http-nio-8080-exec-4] c.e.c.web.LogInterceptor                 : REQUEST [e64b6205-d8ef-4f54-98a3-6d31208b58be][/member/login][com.example.convenience_pos_system.controller.MemberController#loginForm(LoginForm, HttpServletRequest, Model)]
2022-06-03 13:59:05.710  INFO 8732 --- [http-nio-8080-exec-7] c.e.c.web.LogInterceptor                 : REQUEST [5cce072e-c1d1-4fd3-8eae-e524fd03ef61][/member/login][com.example.convenience_pos_system.controller.MemberController#loginForm(LoginForm, HttpServletRequest, Model)]
2022-06-03 13:59:05.711  INFO 8732 --- [http-nio-8080-exec-4] c.e.c.web.LogInterceptor                 : postHandle [ModelAndView [view="member/loginForm"; model={loginForm=com.example.convenience_pos_system.domain.LoginForm@6cf38a5b, org.springframework.validation.BindingResult.loginForm=org.springframework.validation.BeanPropertyBindingResult: 0 errors, url=/bootstrap/js/scripts.js}]]
2022-06-03 13:59:05.711  INFO 8732 --- [http-nio-8080-exec-7] c.e.c.web.LogInterceptor                 : postHandle [ModelAndView [view="member/loginForm"; model={loginForm=com.example.convenience_pos_system.domain.LoginForm@7af93b5f, org.springframework.validation.BindingResult.loginForm=org.springframework.validation.BeanPropertyBindingResult: 0 errors, url=/bootstrap/css/styles.css}]]
2022-06-03 13:59:05.713  INFO 8732 --- [http-nio-8080-exec-7] c.e.c.web.LogInterceptor                 : RESPONSE [5cce072e-c1d1-4fd3-8eae-e524fd03ef61][/member/login]
2022-06-03 13:59:05.713  INFO 8732 --- [http-nio-8080-exec-4] c.e.c.web.LogInterceptor                 : RESPONSE [e64b6205-d8ef-4f54-98a3-6d31208b58be][/member/login]
2022-06-03 13:59:05.747  INFO 8732 --- [http-nio-8080-exec-2] c.e.c.web.LogInterceptor                 : REQUEST [838f62bb-0d68-48d7-9998-e64cb5de7372][/bootstrap/assets/favicon.ico][ResourceHttpRequestHandler [classpath [META-INF/resources/], classpath [resources/], classpath [static/], classpath [public/], ServletContext [/]]]
2022-06-03 13:59:05.748  INFO 8732 --- [http-nio-8080-exec-2] c.e.c.web.LoginCheckInterceptor          : LoginCheckInterceptor run /bootstrap/assets/favicon.ico
2022-06-03 13:59:05.749  INFO 8732 --- [http-nio-8080-exec-2] c.e.c.web.LoginCheckInterceptor          : unlogin user request
2022-06-03 13:59:05.749  INFO 8732 --- [http-nio-8080-exec-2] c.e.c.web.LogInterceptor                 : RESPONSE [838f62bb-0d68-48d7-9998-e64cb5de7372][/bootstrap/assets/favicon.ico]
2022-06-03 13:59:05.757  INFO 8732 --- [http-nio-8080-exec-5] c.e.c.web.LogInterceptor                 : REQUEST [a04a15c8-eed3-4bce-bddf-7f488afcbd86][/member/login][com.example.convenience_pos_system.controller.MemberController#loginForm(LoginForm, HttpServletRequest, Model)]
2022-06-03 13:59:05.758  INFO 8732 --- [http-nio-8080-exec-5] c.e.c.web.LogInterceptor                 : postHandle [ModelAndView [view="member/loginForm"; model={loginForm=com.example.convenience_pos_system.domain.LoginForm@2f4a218e, org.springframework.validation.BindingResult.loginForm=org.springframework.validation.BeanPropertyBindingResult: 0 errors, url=/bootstrap/assets/favicon.ico}]]
2022-06-03 13:59:05.763  INFO 8732 --- [http-nio-8080-exec-5] c.e.c.web.LogInterceptor                 : RESPONSE [a04a15c8-eed3-4bce-bddf-7f488afcbd86][/member/login]
2022-06-03 14:00:21.579  INFO 8732 --- [http-nio-8080-exec-9] c.e.c.web.LogInterceptor                 : REQUEST [03d694fb-58a0-48f7-8052-71bfd5f5b585][/member/login][com.example.convenience_pos_system.controller.MemberController#loginForm(LoginForm, HttpServletRequest, Model)]
2022-06-03 14:00:21.582  INFO 8732 --- [http-nio-8080-exec-9] c.e.c.web.LogInterceptor                 : postHandle [ModelAndView [view="member/loginForm"; model={loginForm=com.example.convenience_pos_system.domain.LoginForm@11b6bc42, org.springframework.validation.BindingResult.loginForm=org.springframework.validation.BeanPropertyBindingResult: 0 errors, url=null}]]
2022-06-03 14:00:21.590  INFO 8732 --- [http-nio-8080-exec-9] c.e.c.web.LogInterceptor                 : RESPONSE [03d694fb-58a0-48f7-8052-71bfd5f5b585][/member/login]
2022-06-03 14:00:21.607  INFO 8732 --- [http-nio-8080-exec-10] c.e.c.web.LogInterceptor                 : REQUEST [2bb2c05f-3289-4dda-ae18-22a5b638d46a][/bootstrap/css/bootstrap.min.css][ResourceHttpRequestHandler [classpath [META-INF/resources/], classpath [resources/], classpath [static/], classpath [public/], ServletContext [/]]]
2022-06-03 14:00:21.607  INFO 8732 --- [http-nio-8080-exec-3] c.e.c.web.LogInterceptor                 : REQUEST [b5af9419-a9d1-40a8-b3f8-e9ecdc18f874][/bootstrap/css/styles.css][ResourceHttpRequestHandler [classpath [META-INF/resources/], classpath [resources/], classpath [static/], classpath [public/], ServletContext [/]]]
2022-06-03 14:00:21.608  INFO 8732 --- [http-nio-8080-exec-3] c.e.c.web.LoginCheckInterceptor          : LoginCheckInterceptor run /bootstrap/css/styles.css
2022-06-03 14:00:21.608  INFO 8732 --- [http-nio-8080-exec-10] c.e.c.web.LoginCheckInterceptor          : LoginCheckInterceptor run /bootstrap/css/bootstrap.min.css
2022-06-03 14:00:21.608  INFO 8732 --- [http-nio-8080-exec-3] c.e.c.web.LoginCheckInterceptor          : unlogin user request
2022-06-03 14:00:21.608  INFO 8732 --- [http-nio-8080-exec-10] c.e.c.web.LoginCheckInterceptor          : unlogin user request
2022-06-03 14:00:21.608  INFO 8732 --- [http-nio-8080-exec-3] c.e.c.web.LogInterceptor                 : RESPONSE [b5af9419-a9d1-40a8-b3f8-e9ecdc18f874][/bootstrap/css/styles.css]
2022-06-03 14:00:21.608  INFO 8732 --- [http-nio-8080-exec-10] c.e.c.web.LogInterceptor                 : RESPONSE [2bb2c05f-3289-4dda-ae18-22a5b638d46a][/bootstrap/css/bootstrap.min.css]
2022-06-03 14:00:21.613  INFO 8732 --- [http-nio-8080-exec-7] c.e.c.web.LogInterceptor                 : REQUEST [2b34fc69-12f4-4ffb-9300-221a5227c5ae][/member/login][com.example.convenience_pos_system.controller.MemberController#loginForm(LoginForm, HttpServletRequest, Model)]
2022-06-03 14:00:21.613  INFO 8732 --- [http-nio-8080-exec-1] c.e.c.web.LogInterceptor                 : REQUEST [863b731b-9736-43b6-b975-54e5ed05b5e5][/member/login][com.example.convenience_pos_system.controller.MemberController#loginForm(LoginForm, HttpServletRequest, Model)]
2022-06-03 14:00:21.615  INFO 8732 --- [http-nio-8080-exec-1] c.e.c.web.LogInterceptor                 : postHandle [ModelAndView [view="member/loginForm"; model={loginForm=com.example.convenience_pos_system.domain.LoginForm@509047b, org.springframework.validation.BindingResult.loginForm=org.springframework.validation.BeanPropertyBindingResult: 0 errors, url=/bootstrap/css/bootstrap.min.css}]]
2022-06-03 14:00:21.615  INFO 8732 --- [http-nio-8080-exec-7] c.e.c.web.LogInterceptor                 : postHandle [ModelAndView [view="member/loginForm"; model={loginForm=com.example.convenience_pos_system.domain.LoginForm@2719b95b, org.springframework.validation.BindingResult.loginForm=org.springframework.validation.BeanPropertyBindingResult: 0 errors, url=/bootstrap/css/styles.css}]]
2022-06-03 14:00:21.617  INFO 8732 --- [http-nio-8080-exec-7] c.e.c.web.LogInterceptor                 : RESPONSE [2b34fc69-12f4-4ffb-9300-221a5227c5ae][/member/login]
2022-06-03 14:00:21.617  INFO 8732 --- [http-nio-8080-exec-1] c.e.c.web.LogInterceptor                 : RESPONSE [863b731b-9736-43b6-b975-54e5ed05b5e5][/member/login]
2022-06-03 14:00:27.941  INFO 8732 --- [http-nio-8080-exec-4] c.e.c.web.LogInterceptor                 : REQUEST [abec2831-73a8-477a-bb32-9094ab1d85ce][/member/login][com.example.convenience_pos_system.controller.MemberController#login(String, String, String, HttpServletRequest, Model)]
2022-06-03 14:00:28.227  INFO 8732 --- [http-nio-8080-exec-4] c.e.c.web.LogInterceptor                 : postHandle [ModelAndView [view="redirect:/"; model={}]]
2022-06-03 14:00:28.231  INFO 8732 --- [http-nio-8080-exec-4] c.e.c.web.LogInterceptor                 : RESPONSE [abec2831-73a8-477a-bb32-9094ab1d85ce][/member/login]
2022-06-03 14:00:28.236  INFO 8732 --- [http-nio-8080-exec-2] c.e.c.web.LogInterceptor                 : REQUEST [a15b3509-8b75-454b-9a7d-89b0e308a6bc][/][com.example.convenience_pos_system.controller.WebController#main()]
2022-06-03 14:00:28.237  INFO 8732 --- [http-nio-8080-exec-2] c.e.c.web.LogInterceptor                 : postHandle [ModelAndView [view="mainpage"; model={}]]
2022-06-03 14:00:28.245  INFO 8732 --- [http-nio-8080-exec-2] c.e.c.web.LogInterceptor                 : RESPONSE [a15b3509-8b75-454b-9a7d-89b0e308a6bc][/]
2022-06-03 14:00:28.256  INFO 8732 --- [http-nio-8080-exec-6] c.e.c.web.LogInterceptor                 : REQUEST [0bb7759f-3bba-4d63-aa2f-fd20dbf33b7a][/bootstrap/js/scripts.js][ResourceHttpRequestHandler [classpath [META-INF/resources/], classpath [resources/], classpath [static/], classpath [public/], ServletContext [/]]]
2022-06-03 14:00:28.256  INFO 8732 --- [http-nio-8080-exec-6] c.e.c.web.LoginCheckInterceptor          : LoginCheckInterceptor run /bootstrap/js/scripts.js
2022-06-03 14:00:28.256  INFO 8732 --- [http-nio-8080-exec-5] c.e.c.web.LogInterceptor                 : REQUEST [95a4a5c6-2342-49e3-83c5-f9b642712850][/bootstrap/css/styles.css][ResourceHttpRequestHandler [classpath [META-INF/resources/], classpath [resources/], classpath [static/], classpath [public/], ServletContext [/]]]
2022-06-03 14:00:28.258  INFO 8732 --- [http-nio-8080-exec-5] c.e.c.web.LoginCheckInterceptor          : LoginCheckInterceptor run /bootstrap/css/styles.css
2022-06-03 14:00:28.297  INFO 8732 --- [http-nio-8080-exec-6] c.e.c.web.LogInterceptor                 : postHandle [null]
2022-06-03 14:00:28.298  INFO 8732 --- [http-nio-8080-exec-6] c.e.c.web.LogInterceptor                 : RESPONSE [0bb7759f-3bba-4d63-aa2f-fd20dbf33b7a][/bootstrap/js/scripts.js]
2022-06-03 14:00:28.303  INFO 8732 --- [http-nio-8080-exec-5] c.e.c.web.LogInterceptor                 : postHandle [null]
2022-06-03 14:00:28.304  INFO 8732 --- [http-nio-8080-exec-5] c.e.c.web.LogInterceptor                 : RESPONSE [95a4a5c6-2342-49e3-83c5-f9b642712850][/bootstrap/css/styles.css]
2022-06-03 14:00:28.385  INFO 8732 --- [http-nio-8080-exec-8] c.e.c.web.LogInterceptor                 : REQUEST [fa3f7d52-1f91-40e4-8d5f-eb4d68705a3b][/bootstrap/assets/favicon.ico][ResourceHttpRequestHandler [classpath [META-INF/resources/], classpath [resources/], classpath [static/], classpath [public/], ServletContext [/]]]
2022-06-03 14:00:28.386  INFO 8732 --- [http-nio-8080-exec-8] c.e.c.web.LoginCheckInterceptor          : LoginCheckInterceptor run /bootstrap/assets/favicon.ico
2022-06-03 14:00:28.431  INFO 8732 --- [http-nio-8080-exec-8] c.e.c.web.LogInterceptor                 : postHandle [null]
2022-06-03 14:00:28.431  INFO 8732 --- [http-nio-8080-exec-8] c.e.c.web.LogInterceptor                 : RESPONSE [fa3f7d52-1f91-40e4-8d5f-eb4d68705a3b][/bootstrap/assets/favicon.ico]
2022-06-03 14:00:33.078  INFO 8732 --- [http-nio-8080-exec-3] c.e.c.web.LogInterceptor                 : REQUEST [70cb797f-d9e5-471e-85be-45f1dbfbd785][/member/logout][com.example.convenience_pos_system.controller.MemberController#logout(HttpServletRequest)]
2022-06-03 14:00:33.083  INFO 8732 --- [http-nio-8080-exec-3] c.e.c.web.LogInterceptor                 : postHandle [ModelAndView [view="redirect:/"; model={}]]
2022-06-03 14:00:33.085  INFO 8732 --- [http-nio-8080-exec-3] c.e.c.web.LogInterceptor                 : RESPONSE [70cb797f-d9e5-471e-85be-45f1dbfbd785][/member/logout]
2022-06-03 14:00:33.092  INFO 8732 --- [http-nio-8080-exec-7] c.e.c.web.LogInterceptor                 : REQUEST [3bec43d5-d15d-4523-8f4b-9de1c9cf0821][/][com.example.convenience_pos_system.controller.WebController#main()]
2022-06-03 14:00:33.093  INFO 8732 --- [http-nio-8080-exec-7] c.e.c.web.LogInterceptor                 : postHandle [ModelAndView [view="mainpage"; model={}]]
2022-06-03 14:00:33.095  INFO 8732 --- [http-nio-8080-exec-7] c.e.c.web.LogInterceptor                 : RESPONSE [3bec43d5-d15d-4523-8f4b-9de1c9cf0821][/]
2022-06-03 14:02:56.622  INFO 22028 --- [main] c.e.c.ConveniencePosSystemApplication    : Starting ConveniencePosSystemApplication using Java 15.0.1 on DESKTOP-OIMG8KE with PID 22028 (C:\Users\nec\Desktop\새 폴더\Convenience-POS-System\Convenience_POS_System\target\classes started by nec in C:\Users\nec\Desktop\새 폴더\Convenience-POS-System\Convenience_POS_System)
2022-06-03 14:02:56.630  INFO 22028 --- [main] c.e.c.ConveniencePosSystemApplication    : No active profile set, falling back to 1 default profile: "default"
2022-06-03 14:03:00.613  INFO 22028 --- [main] .s.d.r.c.RepositoryConfigurationDelegate : Bootstrapping Spring Data JDBC repositories in DEFAULT mode.
2022-06-03 14:03:00.670  INFO 22028 --- [main] .s.d.r.c.RepositoryConfigurationDelegate : Finished Spring Data repository scanning in 44 ms. Found 0 JDBC repository interfaces.
2022-06-03 14:03:00.901  WARN 22028 --- [main] o.m.s.mapper.ClassPathMapperScanner      : No MyBatis mapper was found in '[com.example.convenience_pos_system]' package. Please check your configuration.
2022-06-03 14:03:01.689  INFO 22028 --- [main] o.s.b.w.embedded.tomcat.TomcatWebServer  : Tomcat initialized with port(s): 8080 (http)
2022-06-03 14:03:01.711  INFO 22028 --- [main] o.apache.catalina.core.StandardService   : Starting service [Tomcat]
2022-06-03 14:03:01.712  INFO 22028 --- [main] org.apache.catalina.core.StandardEngine  : Starting Servlet engine: [Apache Tomcat/9.0.62]
2022-06-03 14:03:01.940  INFO 22028 --- [main] o.a.c.c.C.[Tomcat].[localhost].[/]       : Initializing Spring embedded WebApplicationContext
2022-06-03 14:03:01.941  INFO 22028 --- [main] w.s.c.ServletWebServerApplicationContext : Root WebApplicationContext: initialization completed in 4274 ms
2022-06-03 14:03:03.488  INFO 22028 --- [main] o.s.b.w.embedded.tomcat.TomcatWebServer  : Tomcat started on port(s): 8080 (http) with context path ''
2022-06-03 14:03:03.501  INFO 22028 --- [main] c.e.c.ConveniencePosSystemApplication    : Started ConveniencePosSystemApplication in 8.352 seconds (JVM running for 10.113)
2022-06-03 14:03:18.824  INFO 22028 --- [http-nio-8080-exec-1] o.a.c.c.C.[Tomcat].[localhost].[/]       : Initializing Spring DispatcherServlet 'dispatcherServlet'
2022-06-03 14:03:18.826  INFO 22028 --- [http-nio-8080-exec-1] o.s.web.servlet.DispatcherServlet        : Initializing Servlet 'dispatcherServlet'
2022-06-03 14:03:18.830  INFO 22028 --- [http-nio-8080-exec-1] o.s.web.servlet.DispatcherServlet        : Completed initialization in 3 ms
2022-06-03 14:03:18.910  INFO 22028 --- [http-nio-8080-exec-1] c.e.c.web.LogInterceptor                 : REQUEST [ae220b17-4046-4328-b410-fcdabf162e66][/][com.example.convenience_pos_system.controller.WebController#main()]
2022-06-03 14:03:18.974  INFO 22028 --- [http-nio-8080-exec-1] c.e.c.web.LogInterceptor                 : postHandle [ModelAndView [view="mainpage"; model={}]]
2022-06-03 14:03:20.049  INFO 22028 --- [http-nio-8080-exec-1] c.e.c.web.LogInterceptor                 : RESPONSE [ae220b17-4046-4328-b410-fcdabf162e66][/]
2022-06-03 14:03:22.410  INFO 22028 --- [http-nio-8080-exec-4] c.e.c.web.LogInterceptor                 : REQUEST [8b8638cb-4815-4265-b343-47d0bb799bc9][/member/login][com.example.convenience_pos_system.controller.MemberController#loginForm(LoginForm, HttpServletRequest, Model)]
2022-06-03 14:03:22.440  INFO 22028 --- [http-nio-8080-exec-4] c.e.c.web.LogInterceptor                 : postHandle [ModelAndView [view="member/loginForm"; model={loginForm=com.example.convenience_pos_system.domain.LoginForm@1fead2ee, org.springframework.validation.BindingResult.loginForm=org.springframework.validation.BeanPropertyBindingResult: 0 errors, url=null}]]
2022-06-03 14:03:22.465  INFO 22028 --- [http-nio-8080-exec-4] c.e.c.web.LogInterceptor                 : RESPONSE [8b8638cb-4815-4265-b343-47d0bb799bc9][/member/login]
2022-06-03 14:03:22.493  INFO 22028 --- [http-nio-8080-exec-5] c.e.c.web.LogInterceptor                 : REQUEST [1024a62f-083e-476a-ad0e-1bf0801041ab][/bootstrap/css/bootstrap.min.css][ResourceHttpRequestHandler [classpath [META-INF/resources/], classpath [resources/], classpath [static/], classpath [public/], ServletContext [/]]]
2022-06-03 14:03:22.494  INFO 22028 --- [http-nio-8080-exec-5] c.e.c.web.LoginCheckInterceptor          : LoginCheckInterceptor run /bootstrap/css/bootstrap.min.css
2022-06-03 14:03:22.494  INFO 22028 --- [http-nio-8080-exec-5] c.e.c.web.LoginCheckInterceptor          : unlogin user request
2022-06-03 14:03:22.495  INFO 22028 --- [http-nio-8080-exec-5] c.e.c.web.LogInterceptor                 : RESPONSE [1024a62f-083e-476a-ad0e-1bf0801041ab][/bootstrap/css/bootstrap.min.css]
2022-06-03 14:03:22.500  INFO 22028 --- [http-nio-8080-exec-6] c.e.c.web.LogInterceptor                 : REQUEST [477b70ce-828b-4c4e-808b-c06356cfe758][/member/login][com.example.convenience_pos_system.controller.MemberController#loginForm(LoginForm, HttpServletRequest, Model)]
2022-06-03 14:03:22.506  INFO 22028 --- [http-nio-8080-exec-6] c.e.c.web.LogInterceptor                 : postHandle [ModelAndView [view="member/loginForm"; model={loginForm=com.example.convenience_pos_system.domain.LoginForm@42c3f308, org.springframework.validation.BindingResult.loginForm=org.springframework.validation.BeanPropertyBindingResult: 0 errors, url=/bootstrap/css/bootstrap.min.css}]]
2022-06-03 14:03:22.510  INFO 22028 --- [http-nio-8080-exec-6] c.e.c.web.LogInterceptor                 : RESPONSE [477b70ce-828b-4c4e-808b-c06356cfe758][/member/login]
2022-06-03 14:03:27.798  INFO 22028 --- [http-nio-8080-exec-7] c.e.c.web.LogInterceptor                 : REQUEST [4a2830ef-9192-4823-b83f-7686e13dbcb1][/member/login][com.example.convenience_pos_system.controller.MemberController#login(String, String, String, HttpServletRequest, Model)]
2022-06-03 14:03:28.075  WARN 22028 --- [http-nio-8080-exec-7] o.a.c.util.SessionIdGeneratorBase        : Creation of SecureRandom instance for session ID generation using [SHA1PRNG] took [101] milliseconds.
2022-06-03 14:03:28.083  INFO 22028 --- [http-nio-8080-exec-7] c.e.c.web.LogInterceptor                 : postHandle [ModelAndView [view="redirect:/"; model={}]]
2022-06-03 14:03:28.092  INFO 22028 --- [http-nio-8080-exec-7] c.e.c.web.LogInterceptor                 : RESPONSE [4a2830ef-9192-4823-b83f-7686e13dbcb1][/member/login]
2022-06-03 14:03:28.098  INFO 22028 --- [http-nio-8080-exec-8] c.e.c.web.LogInterceptor                 : REQUEST [eb25f8ea-a63e-4ccc-b7e6-11b28c5bd7d4][/][com.example.convenience_pos_system.controller.WebController#main()]
2022-06-03 14:03:28.100  INFO 22028 --- [http-nio-8080-exec-8] c.e.c.web.LogInterceptor                 : postHandle [ModelAndView [view="mainpage"; model={}]]
2022-06-03 14:03:28.107  INFO 22028 --- [http-nio-8080-exec-8] c.e.c.web.LogInterceptor                 : RESPONSE [eb25f8ea-a63e-4ccc-b7e6-11b28c5bd7d4][/]
2022-06-03 14:03:29.416  INFO 22028 --- [http-nio-8080-exec-9] c.e.c.web.LogInterceptor                 : REQUEST [fd1a9d6f-ba17-40d5-b714-65f8be86f54c][/product/add][com.example.convenience_pos_system.controller.ProductController#addIndex(Model)]
2022-06-03 14:03:29.418  INFO 22028 --- [http-nio-8080-exec-9] c.e.c.web.LoginCheckInterceptor          : LoginCheckInterceptor run /product/add
2022-06-03 14:03:29.492  INFO 22028 --- [http-nio-8080-exec-9] c.e.c.web.LogInterceptor                 : postHandle [ModelAndView [view="product/add"; model={products=[com.example.convenience_pos_system.domain.Product@2c82b277, com.example.convenience_pos_system.domain.Product@ac8ad39, com.example.convenience_pos_system.domain.Product@13d01c35, com.example.convenience_pos_system.domain.Product@2b4c242d, com.example.convenience_pos_system.domain.Product@12642a39, com.example.convenience_pos_system.domain.Product@5d0afc29, com.example.convenience_pos_system.domain.Product@4e287209, com.example.convenience_pos_system.domain.Product@48f5aad, com.example.convenience_pos_system.domain.Product@37099de7, com.example.convenience_pos_system.domain.Product@3de8c49b, com.example.convenience_pos_system.domain.Product@305d4115, com.example.convenience_pos_system.domain.Product@4ef92f81, com.example.convenience_pos_system.domain.Product@3564751c, com.example.convenience_pos_system.domain.Product@4ed3b337, com.example.convenience_pos_system.domain.Product@145c1611]}]]
2022-06-03 14:03:29.594  INFO 22028 --- [http-nio-8080-exec-9] c.e.c.web.LogInterceptor                 : RESPONSE [fd1a9d6f-ba17-40d5-b714-65f8be86f54c][/product/add]
2022-06-03 14:03:29.605  INFO 22028 --- [http-nio-8080-exec-10] c.e.c.web.LogInterceptor                 : REQUEST [57096c93-e200-448d-9882-8930e33c328b][/bootstrap/css/paging.css][ResourceHttpRequestHandler [classpath [META-INF/resources/], classpath [resources/], classpath [static/], classpath [public/], ServletContext [/]]]
2022-06-03 14:03:29.606  INFO 22028 --- [http-nio-8080-exec-10] c.e.c.web.LoginCheckInterceptor          : LoginCheckInterceptor run /bootstrap/css/paging.css
2022-06-03 14:03:29.644  INFO 22028 --- [http-nio-8080-exec-10] c.e.c.web.LogInterceptor                 : postHandle [null]
2022-06-03 14:03:29.646  INFO 22028 --- [http-nio-8080-exec-10] c.e.c.web.LogInterceptor                 : RESPONSE [57096c93-e200-448d-9882-8930e33c328b][/bootstrap/css/paging.css]
2022-06-03 14:03:31.418  INFO 22028 --- [http-nio-8080-exec-2] c.e.c.web.LogInterceptor                 : REQUEST [78609d00-ad11-4be3-ac19-da957a2726dc][/][com.example.convenience_pos_system.controller.WebController#main()]
2022-06-03 14:03:31.420  INFO 22028 --- [http-nio-8080-exec-2] c.e.c.web.LogInterceptor                 : postHandle [ModelAndView [view="mainpage"; model={}]]
2022-06-03 14:03:31.429  INFO 22028 --- [http-nio-8080-exec-2] c.e.c.web.LogInterceptor                 : RESPONSE [78609d00-ad11-4be3-ac19-da957a2726dc][/]
2022-06-03 14:03:33.187  INFO 22028 --- [http-nio-8080-exec-4] c.e.c.web.LogInterceptor                 : REQUEST [12cc3fda-67c3-4bbb-9fb3-905cb5eece10][/statistics][com.example.convenience_pos_system.controller.StatisticsController#statistics(HttpServletRequest, Model)]
2022-06-03 14:03:33.189  INFO 22028 --- [http-nio-8080-exec-4] c.e.c.web.LoginCheckInterceptor          : LoginCheckInterceptor run /statistics
2022-06-03 14:03:33.257  INFO 22028 --- [http-nio-8080-exec-4] c.e.c.web.LogInterceptor                 : postHandle [ModelAndView [view="statistics/statistics"; model={sales=[com.example.convenience_pos_system.domain.Sale@5df7e40f, com.example.convenience_pos_system.domain.Sale@7dd4f6b8, com.example.convenience_pos_system.domain.Sale@67f2c1cc, com.example.convenience_pos_system.domain.Sale@683917b, com.example.convenience_pos_system.domain.Sale@64b6ca38, com.example.convenience_pos_system.domain.Sale@3e0d9120, com.example.convenience_pos_system.domain.Sale@4f00db8c, com.example.convenience_pos_system.domain.Sale@5592935e, com.example.convenience_pos_system.domain.Sale@7a764de, com.example.convenience_pos_system.domain.Sale@55f1719b, com.example.convenience_pos_system.domain.Sale@1c640c12, com.example.convenience_pos_system.domain.Sale@5d2d74a3, com.example.convenience_pos_system.domain.Sale@61907a4c, com.example.convenience_pos_system.domain.Sale@3fb3b24c, com.example.convenience_pos_system.domain.Sale@30b3d34, com.example.convenience_pos_system.domain.Sale@3535d99a, com.example.convenience_pos_system.domain.Sale@5715976a, com.example.convenience_pos_system.domain.Sale@75167e16, com.example.convenience_pos_system.domain.Sale@2fae1f1d], loginMember=com.example.convenience_pos_system.domain.Member@344cfa7b, org.springframework.validation.BindingResult.loginMember=org.springframework.validation.BeanPropertyBindingResult: 0 errors}]]
2022-06-03 14:03:33.324  INFO 22028 --- [http-nio-8080-exec-4] c.e.c.web.LogInterceptor                 : RESPONSE [12cc3fda-67c3-4bbb-9fb3-905cb5eece10][/statistics]
2022-06-03 14:03:37.233  INFO 22028 --- [http-nio-8080-exec-5] c.e.c.web.LogInterceptor                 : REQUEST [ffe2c55e-1698-45dd-8c90-1347ee8ad818][/statistics/sale/week][com.example.convenience_pos_system.controller.StatisticsController#getSaleWeek(Map)]
2022-06-03 14:03:37.234  INFO 22028 --- [http-nio-8080-exec-5] c.e.c.web.LoginCheckInterceptor          : LoginCheckInterceptor run /statistics/sale/week
2022-06-03 14:03:37.781  INFO 22028 --- [http-nio-8080-exec-5] c.e.c.web.LogInterceptor                 : postHandle [null]
2022-06-03 14:03:37.782  INFO 22028 --- [http-nio-8080-exec-5] c.e.c.web.LogInterceptor                 : RESPONSE [ffe2c55e-1698-45dd-8c90-1347ee8ad818][/statistics/sale/week]
2022-06-03 14:03:40.390  INFO 22028 --- [http-nio-8080-exec-8] c.e.c.web.LogInterceptor                 : REQUEST [cb1f7ecc-1ae2-48e3-8588-4ad699300a7d][/statistics/sale/month][com.example.convenience_pos_system.controller.StatisticsController#getSaleMonth(Map)]
2022-06-03 14:03:40.391  INFO 22028 --- [http-nio-8080-exec-8] c.e.c.web.LoginCheckInterceptor          : LoginCheckInterceptor run /statistics/sale/month
2022-06-03 14:03:40.562  INFO 22028 --- [http-nio-8080-exec-8] c.e.c.web.LogInterceptor                 : postHandle [null]
2022-06-03 14:03:40.563  INFO 22028 --- [http-nio-8080-exec-8] c.e.c.web.LogInterceptor                 : RESPONSE [cb1f7ecc-1ae2-48e3-8588-4ad699300a7d][/statistics/sale/month]
2022-06-03 14:03:42.964  INFO 22028 --- [http-nio-8080-exec-9] c.e.c.web.LogInterceptor                 : REQUEST [7d7027dd-5ff7-4b6c-a112-9111effc62dc][/statistics/sale/month][com.example.convenience_pos_system.controller.StatisticsController#getSaleMonth(Map)]
2022-06-03 14:03:42.964  INFO 22028 --- [http-nio-8080-exec-9] c.e.c.web.LoginCheckInterceptor          : LoginCheckInterceptor run /statistics/sale/month
2022-06-03 14:03:44.382  INFO 22028 --- [http-nio-8080-exec-9] c.e.c.web.LogInterceptor                 : postHandle [null]
2022-06-03 14:03:44.383  INFO 22028 --- [http-nio-8080-exec-9] c.e.c.web.LogInterceptor                 : RESPONSE [7d7027dd-5ff7-4b6c-a112-9111effc62dc][/statistics/sale/month]
2022-06-03 14:03:45.398  INFO 22028 --- [http-nio-8080-exec-10] c.e.c.web.LogInterceptor                 : REQUEST [9f57742a-73fd-4e6f-bfcd-a7fa84f42ead][/][com.example.convenience_pos_system.controller.WebController#main()]
2022-06-03 14:03:45.400  INFO 22028 --- [http-nio-8080-exec-10] c.e.c.web.LogInterceptor                 : postHandle [ModelAndView [view="mainpage"; model={}]]
2022-06-03 14:03:45.405  INFO 22028 --- [http-nio-8080-exec-10] c.e.c.web.LogInterceptor                 : RESPONSE [9f57742a-73fd-4e6f-bfcd-a7fa84f42ead][/]
2022-06-03 14:03:46.338  INFO 22028 --- [http-nio-8080-exec-1] c.e.c.web.LogInterceptor                 : REQUEST [7739fcfa-2737-4904-94df-011aa18e9e8d][/sale][com.example.convenience_pos_system.controller.SaleController#sale(HttpServletRequest, Model)]
2022-06-03 14:03:46.339  INFO 22028 --- [http-nio-8080-exec-1] c.e.c.web.LoginCheckInterceptor          : LoginCheckInterceptor run /sale
2022-06-03 14:03:46.437  INFO 22028 --- [http-nio-8080-exec-1] c.e.c.web.LogInterceptor                 : postHandle [ModelAndView [view="sale/sale"; model={productList=[com.example.convenience_pos_system.domain.Product@155eda35, com.example.convenience_pos_system.domain.Product@57128e8e, com.example.convenience_pos_system.domain.Product@50da266, com.example.convenience_pos_system.domain.Product@736cb67e, com.example.convenience_pos_system.domain.Product@10804554, com.example.convenience_pos_system.domain.Product@5325df34, com.example.convenience_pos_system.domain.Product@3b5349a4, com.example.convenience_pos_system.domain.Product@2d9ac7f6, com.example.convenience_pos_system.domain.Product@3f229df4, com.example.convenience_pos_system.domain.Product@4203295b, com.example.convenience_pos_system.domain.Product@633c56d6, com.example.convenience_pos_system.domain.Product@18e28830, com.example.convenience_pos_system.domain.Product@33847be5, com.example.convenience_pos_system.domain.Product@6896d53f, com.example.convenience_pos_system.domain.Product@699da41d], saleCartList=null, totalCost=0, saleCartDetailList=[]}]]
2022-06-03 14:03:46.487  INFO 22028 --- [http-nio-8080-exec-1] c.e.c.web.LogInterceptor                 : RESPONSE [7739fcfa-2737-4904-94df-011aa18e9e8d][/sale]
2022-06-03 14:03:48.352  INFO 22028 --- [http-nio-8080-exec-3] c.e.c.web.LogInterceptor                 : REQUEST [f5ad9a75-4bc7-462d-8b1f-387a8ad34ccb][/sale/add][com.example.convenience_pos_system.controller.SaleController#add(HttpServletRequest)]
2022-06-03 14:03:48.353  INFO 22028 --- [http-nio-8080-exec-3] c.e.c.web.LoginCheckInterceptor          : LoginCheckInterceptor run /sale/add
2022-06-03 14:03:48.430  INFO 22028 --- [http-nio-8080-exec-3] c.e.c.web.LogInterceptor                 : postHandle [ModelAndView [view="redirect:/sale"; model={}]]
2022-06-03 14:03:48.431  INFO 22028 --- [http-nio-8080-exec-3] c.e.c.web.LogInterceptor                 : RESPONSE [f5ad9a75-4bc7-462d-8b1f-387a8ad34ccb][/sale/add]
2022-06-03 14:03:48.434  INFO 22028 --- [http-nio-8080-exec-2] c.e.c.web.LogInterceptor                 : REQUEST [32dce27f-2342-46f0-9bc6-9a3a0f9566fe][/sale][com.example.convenience_pos_system.controller.SaleController#sale(HttpServletRequest, Model)]
2022-06-03 14:03:48.436  INFO 22028 --- [http-nio-8080-exec-2] c.e.c.web.LoginCheckInterceptor          : LoginCheckInterceptor run /sale
2022-06-03 14:03:48.535  INFO 22028 --- [http-nio-8080-exec-2] c.e.c.web.LogInterceptor                 : postHandle [ModelAndView [view="sale/sale"; model={productList=[com.example.convenience_pos_system.domain.Product@4699d328, com.example.convenience_pos_system.domain.Product@7e3b6d16, com.example.convenience_pos_system.domain.Product@e58b07d, com.example.convenience_pos_system.domain.Product@28df0e31, com.example.convenience_pos_system.domain.Product@20578891, com.example.convenience_pos_system.domain.Product@5210250, com.example.convenience_pos_system.domain.Product@4e3181d1, com.example.convenience_pos_system.domain.Product@1ecfb0a0, com.example.convenience_pos_system.domain.Product@240b0e8, com.example.convenience_pos_system.domain.Product@f7e0172, com.example.convenience_pos_system.domain.Product@4d033645, com.example.convenience_pos_system.domain.Product@2eaac5f5, com.example.convenience_pos_system.domain.Product@296ae738, com.example.convenience_pos_system.domain.Product@56e016f6, com.example.convenience_pos_system.domain.Product@205b371], saleCartList=[com.example.convenience_pos_system.domain.SaleCart@7a785ba9], totalCost=3000, saleCartDetailList=[com.example.convenience_pos_system.domain.SaleCartDetail@4d530f9]}]]
2022-06-03 14:03:48.551  INFO 22028 --- [http-nio-8080-exec-2] c.e.c.web.LogInterceptor                 : RESPONSE [32dce27f-2342-46f0-9bc6-9a3a0f9566fe][/sale]
2022-06-03 14:03:50.740  INFO 22028 --- [http-nio-8080-exec-6] c.e.c.web.LogInterceptor                 : REQUEST [f2919fa9-b8f7-4ecd-ad38-ebff54f62807][/sale/calculate][com.example.convenience_pos_system.controller.SaleController#calculate(HttpServletRequest)]
2022-06-03 14:03:50.741  INFO 22028 --- [http-nio-8080-exec-6] c.e.c.web.LoginCheckInterceptor          : LoginCheckInterceptor run /sale/calculate
2022-06-03 14:03:50.823  INFO 22028 --- [http-nio-8080-exec-6] c.e.c.web.LogInterceptor                 : postHandle [ModelAndView [view="redirect:/sale"; model={}]]
2022-06-03 14:03:50.824  INFO 22028 --- [http-nio-8080-exec-6] c.e.c.web.LogInterceptor                 : RESPONSE [f2919fa9-b8f7-4ecd-ad38-ebff54f62807][/sale/calculate]
2022-06-03 14:03:50.829  INFO 22028 --- [http-nio-8080-exec-7] c.e.c.web.LogInterceptor                 : REQUEST [98139789-9d5e-4d1f-96f7-703efa436f5f][/sale][com.example.convenience_pos_system.controller.SaleController#sale(HttpServletRequest, Model)]
2022-06-03 14:03:50.830  INFO 22028 --- [http-nio-8080-exec-7] c.e.c.web.LoginCheckInterceptor          : LoginCheckInterceptor run /sale
2022-06-03 14:03:50.905  INFO 22028 --- [http-nio-8080-exec-7] c.e.c.web.LogInterceptor                 : postHandle [ModelAndView [view="sale/sale"; model={productList=[com.example.convenience_pos_system.domain.Product@598011ac, com.example.convenience_pos_system.domain.Product@301418a9, com.example.convenience_pos_system.domain.Product@60f1708b, com.example.convenience_pos_system.domain.Product@568f9ebc, com.example.convenience_pos_system.domain.Product@fdbe8b0, com.example.convenience_pos_system.domain.Product@1f1a68b2, com.example.convenience_pos_system.domain.Product@740436f2, com.example.convenience_pos_system.domain.Product@5e543cb0, com.example.convenience_pos_system.domain.Product@e1ac1a2, com.example.convenience_pos_system.domain.Product@4289772b, com.example.convenience_pos_system.domain.Product@176f6a2e, com.example.convenience_pos_system.domain.Product@682165cf, com.example.convenience_pos_system.domain.Product@306ebeb8, com.example.convenience_pos_system.domain.Product@3957b7b1, com.example.convenience_pos_system.domain.Product@550584af], saleCartList=null, totalCost=0, saleCartDetailList=[]}]]
2022-06-03 14:03:50.913  INFO 22028 --- [http-nio-8080-exec-7] c.e.c.web.LogInterceptor                 : RESPONSE [98139789-9d5e-4d1f-96f7-703efa436f5f][/sale]
2022-06-03 14:03:52.136  INFO 22028 --- [http-nio-8080-exec-8] c.e.c.web.LogInterceptor                 : REQUEST [312835d0-de3a-47ad-83c9-668259e94b0a][/][com.example.convenience_pos_system.controller.WebController#main()]
2022-06-03 14:03:52.138  INFO 22028 --- [http-nio-8080-exec-8] c.e.c.web.LogInterceptor                 : postHandle [ModelAndView [view="mainpage"; model={}]]
2022-06-03 14:03:52.140  INFO 22028 --- [http-nio-8080-exec-8] c.e.c.web.LogInterceptor                 : RESPONSE [312835d0-de3a-47ad-83c9-668259e94b0a][/]
2022-06-03 14:03:54.620  INFO 22028 --- [http-nio-8080-exec-9] c.e.c.web.LogInterceptor                 : REQUEST [69830b49-734c-44ad-949d-074038a1bcde][/sale][com.example.convenience_pos_system.controller.SaleController#sale(HttpServletRequest, Model)]
2022-06-03 14:03:54.621  INFO 22028 --- [http-nio-8080-exec-9] c.e.c.web.LoginCheckInterceptor          : LoginCheckInterceptor run /sale
2022-06-03 14:03:54.708  INFO 22028 --- [http-nio-8080-exec-9] c.e.c.web.LogInterceptor                 : postHandle [ModelAndView [view="sale/sale"; model={productList=[com.example.convenience_pos_system.domain.Product@238063cc, com.example.convenience_pos_system.domain.Product@9e94abc, com.example.convenience_pos_system.domain.Product@5c2e8e05, com.example.convenience_pos_system.domain.Product@61c0f6e9, com.example.convenience_pos_system.domain.Product@417e671e, com.example.convenience_pos_system.domain.Product@2017927, com.example.convenience_pos_system.domain.Product@2a7791c4, com.example.convenience_pos_system.domain.Product@4c664ddd, com.example.convenience_pos_system.domain.Product@7e9285d8, com.example.convenience_pos_system.domain.Product@77d3036c, com.example.convenience_pos_system.domain.Product@613c55e3, com.example.convenience_pos_system.domain.Product@1fcae4bc, com.example.convenience_pos_system.domain.Product@759c1ed8, com.example.convenience_pos_system.domain.Product@1a3bab64, com.example.convenience_pos_system.domain.Product@19ab668d], saleCartList=null, totalCost=0, saleCartDetailList=[]}]]
2022-06-03 14:03:54.715  INFO 22028 --- [http-nio-8080-exec-9] c.e.c.web.LogInterceptor                 : RESPONSE [69830b49-734c-44ad-949d-074038a1bcde][/sale]
2022-06-03 14:03:56.839  INFO 22028 --- [http-nio-8080-exec-10] c.e.c.web.LogInterceptor                 : REQUEST [fcf13e76-cf53-47e9-89cd-4a296cd443df][/sale/add][com.example.convenience_pos_system.controller.SaleController#add(HttpServletRequest)]
2022-06-03 14:03:56.840  INFO 22028 --- [http-nio-8080-exec-10] c.e.c.web.LoginCheckInterceptor          : LoginCheckInterceptor run /sale/add
2022-06-03 14:03:56.890  INFO 22028 --- [http-nio-8080-exec-10] c.e.c.web.LogInterceptor                 : postHandle [ModelAndView [view="redirect:/sale"; model={}]]
2022-06-03 14:03:56.892  INFO 22028 --- [http-nio-8080-exec-10] c.e.c.web.LogInterceptor                 : RESPONSE [fcf13e76-cf53-47e9-89cd-4a296cd443df][/sale/add]
2022-06-03 14:03:56.895  INFO 22028 --- [http-nio-8080-exec-1] c.e.c.web.LogInterceptor                 : REQUEST [3f468503-4fb8-4059-9330-14b1073cc3b4][/sale][com.example.convenience_pos_system.controller.SaleController#sale(HttpServletRequest, Model)]
2022-06-03 14:03:56.895  INFO 22028 --- [http-nio-8080-exec-1] c.e.c.web.LoginCheckInterceptor          : LoginCheckInterceptor run /sale
2022-06-03 14:03:56.978  INFO 22028 --- [http-nio-8080-exec-1] c.e.c.web.LogInterceptor                 : postHandle [ModelAndView [view="sale/sale"; model={productList=[com.example.convenience_pos_system.domain.Product@7e64a15, com.example.convenience_pos_system.domain.Product@2cc367c9, com.example.convenience_pos_system.domain.Product@58dba0da, com.example.convenience_pos_system.domain.Product@7189b636, com.example.convenience_pos_system.domain.Product@448aecf0, com.example.convenience_pos_system.domain.Product@73402687, com.example.convenience_pos_system.domain.Product@76989545, com.example.convenience_pos_system.domain.Product@4a9cb5a6, com.example.convenience_pos_system.domain.Product@59e22d69, com.example.convenience_pos_system.domain.Product@2b644ccc, com.example.convenience_pos_system.domain.Product@1964d658, com.example.convenience_pos_system.domain.Product@367a7157, com.example.convenience_pos_system.domain.Product@7ebb8b94, com.example.convenience_pos_system.domain.Product@7730baa3, com.example.convenience_pos_system.domain.Product@4859740b], saleCartList=[com.example.convenience_pos_system.domain.SaleCart@2dcc549e], totalCost=1000, saleCartDetailList=[com.example.convenience_pos_system.domain.SaleCartDetail@f098d98]}]]
2022-06-03 14:03:56.983  INFO 22028 --- [http-nio-8080-exec-1] c.e.c.web.LogInterceptor                 : RESPONSE [3f468503-4fb8-4059-9330-14b1073cc3b4][/sale]
2022-06-03 14:04:00.268  INFO 22028 --- [http-nio-8080-exec-4] c.e.c.web.LogInterceptor                 : REQUEST [2ed10543-0700-4bf1-8af8-ee484f9ad48d][/sale/calculate][com.example.convenience_pos_system.controller.SaleController#calculate(HttpServletRequest)]
2022-06-03 14:04:00.269  INFO 22028 --- [http-nio-8080-exec-4] c.e.c.web.LoginCheckInterceptor          : LoginCheckInterceptor run /sale/calculate
2022-06-03 14:04:00.334  INFO 22028 --- [http-nio-8080-exec-4] c.e.c.web.LogInterceptor                 : postHandle [ModelAndView [view="redirect:/sale"; model={}]]
2022-06-03 14:04:00.336  INFO 22028 --- [http-nio-8080-exec-4] c.e.c.web.LogInterceptor                 : RESPONSE [2ed10543-0700-4bf1-8af8-ee484f9ad48d][/sale/calculate]
2022-06-03 14:04:00.343  INFO 22028 --- [http-nio-8080-exec-5] c.e.c.web.LogInterceptor                 : REQUEST [52172b89-1372-4c5e-ae74-886c8fe9181d][/sale][com.example.convenience_pos_system.controller.SaleController#sale(HttpServletRequest, Model)]
2022-06-03 14:04:00.344  INFO 22028 --- [http-nio-8080-exec-5] c.e.c.web.LoginCheckInterceptor          : LoginCheckInterceptor run /sale
2022-06-03 14:04:00.426  INFO 22028 --- [http-nio-8080-exec-5] c.e.c.web.LogInterceptor                 : postHandle [ModelAndView [view="sale/sale"; model={productList=[com.example.convenience_pos_system.domain.Product@3ea7af89, com.example.convenience_pos_system.domain.Product@200afd63, com.example.convenience_pos_system.domain.Product@169d310e, com.example.convenience_pos_system.domain.Product@34f86625, com.example.convenience_pos_system.domain.Product@37a05cd4, com.example.convenience_pos_system.domain.Product@40364ea6, com.example.convenience_pos_system.domain.Product@3f5c02ef, com.example.convenience_pos_system.domain.Product@4862926f, com.example.convenience_pos_system.domain.Product@7d91214b, com.example.convenience_pos_system.domain.Product@fa00321, com.example.convenience_pos_system.domain.Product@50b42340, com.example.convenience_pos_system.domain.Product@c1922d3, com.example.convenience_pos_system.domain.Product@78f6d162, com.example.convenience_pos_system.domain.Product@77c07c56, com.example.convenience_pos_system.domain.Product@61fffcd], saleCartList=null, totalCost=0, saleCartDetailList=[]}]]
2022-06-03 14:04:00.432  INFO 22028 --- [http-nio-8080-exec-5] c.e.c.web.LogInterceptor                 : RESPONSE [52172b89-1372-4c5e-ae74-886c8fe9181d][/sale]
2022-06-03 14:04:04.607  INFO 22028 --- [http-nio-8080-exec-6] c.e.c.web.LogInterceptor                 : REQUEST [c42287a7-329f-42fc-957c-ac09345e0f69][/sale/add][com.example.convenience_pos_system.controller.SaleController#add(HttpServletRequest)]
2022-06-03 14:04:04.607  INFO 22028 --- [http-nio-8080-exec-6] c.e.c.web.LoginCheckInterceptor          : LoginCheckInterceptor run /sale/add
2022-06-03 14:04:04.678  INFO 22028 --- [http-nio-8080-exec-6] c.e.c.web.LogInterceptor                 : postHandle [ModelAndView [view="redirect:/sale"; model={}]]
2022-06-03 14:04:04.680  INFO 22028 --- [http-nio-8080-exec-6] c.e.c.web.LogInterceptor                 : RESPONSE [c42287a7-329f-42fc-957c-ac09345e0f69][/sale/add]
2022-06-03 14:04:04.689  INFO 22028 --- [http-nio-8080-exec-7] c.e.c.web.LogInterceptor                 : REQUEST [cef095f4-645d-4353-8919-098b03de8671][/sale][com.example.convenience_pos_system.controller.SaleController#sale(HttpServletRequest, Model)]
2022-06-03 14:04:04.690  INFO 22028 --- [http-nio-8080-exec-7] c.e.c.web.LoginCheckInterceptor          : LoginCheckInterceptor run /sale
2022-06-03 14:04:04.798  INFO 22028 --- [http-nio-8080-exec-7] c.e.c.web.LogInterceptor                 : postHandle [ModelAndView [view="sale/sale"; model={productList=[com.example.convenience_pos_system.domain.Product@6b63f0c, com.example.convenience_pos_system.domain.Product@b0fdd0a, com.example.convenience_pos_system.domain.Product@53c53a70, com.example.convenience_pos_system.domain.Product@4f0aa724, com.example.convenience_pos_system.domain.Product@78f3bf96, com.example.convenience_pos_system.domain.Product@d61ca0f, com.example.convenience_pos_system.domain.Product@778d7769, com.example.convenience_pos_system.domain.Product@6da4cd3b, com.example.convenience_pos_system.domain.Product@8cec016, com.example.convenience_pos_system.domain.Product@b7c42b2, com.example.convenience_pos_system.domain.Product@17565a8b, com.example.convenience_pos_system.domain.Product@5cd0904f, com.example.convenience_pos_system.domain.Product@226035b3, com.example.convenience_pos_system.domain.Product@4b609a9f, com.example.convenience_pos_system.domain.Product@6ec7037a], saleCartList=[com.example.convenience_pos_system.domain.SaleCart@36cda405], totalCost=6000, saleCartDetailList=[com.example.convenience_pos_system.domain.SaleCartDetail@15a3d2c2]}]]
2022-06-03 14:04:04.805  INFO 22028 --- [http-nio-8080-exec-7] c.e.c.web.LogInterceptor                 : RESPONSE [cef095f4-645d-4353-8919-098b03de8671][/sale]
2022-06-03 14:04:08.829  INFO 22028 --- [http-nio-8080-exec-8] c.e.c.web.LogInterceptor                 : REQUEST [5f7d98d4-6ce8-49d5-ab67-14882d435f33][/sale/delete/6][com.example.convenience_pos_system.controller.SaleController#delete(HttpServletRequest, Long)]
2022-06-03 14:04:08.830  INFO 22028 --- [http-nio-8080-exec-8] c.e.c.web.LoginCheckInterceptor          : LoginCheckInterceptor run /sale/delete/6
2022-06-03 14:04:08.896  INFO 22028 --- [http-nio-8080-exec-8] c.e.c.web.LogInterceptor                 : postHandle [ModelAndView [view="redirect:/sale"; model={}]]
2022-06-03 14:04:08.897  INFO 22028 --- [http-nio-8080-exec-8] c.e.c.web.LogInterceptor                 : RESPONSE [5f7d98d4-6ce8-49d5-ab67-14882d435f33][/sale/delete/6]
2022-06-03 14:04:08.903  INFO 22028 --- [http-nio-8080-exec-9] c.e.c.web.LogInterceptor                 : REQUEST [c4ab90ca-2c26-4211-bd7f-3b1606dfb499][/sale][com.example.convenience_pos_system.controller.SaleController#sale(HttpServletRequest, Model)]
2022-06-03 14:04:08.904  INFO 22028 --- [http-nio-8080-exec-9] c.e.c.web.LoginCheckInterceptor          : LoginCheckInterceptor run /sale
2022-06-03 14:04:08.982  INFO 22028 --- [http-nio-8080-exec-9] c.e.c.web.LogInterceptor                 : postHandle [ModelAndView [view="sale/sale"; model={productList=[com.example.convenience_pos_system.domain.Product@74402810, com.example.convenience_pos_system.domain.Product@29efccb7, com.example.convenience_pos_system.domain.Product@c84643f, com.example.convenience_pos_system.domain.Product@793533a, com.example.convenience_pos_system.domain.Product@7266eb70, com.example.convenience_pos_system.domain.Product@253b1bff, com.example.convenience_pos_system.domain.Product@a3136fb, com.example.convenience_pos_system.domain.Product@1726be04, com.example.convenience_pos_system.domain.Product@525eeafb, com.example.convenience_pos_system.domain.Product@2fc7e7ac, com.example.convenience_pos_system.domain.Product@2cc28a41, com.example.convenience_pos_system.domain.Product@e36d743, com.example.convenience_pos_system.domain.Product@2b9afd4c, com.example.convenience_pos_system.domain.Product@3b708514, com.example.convenience_pos_system.domain.Product@35890b9], saleCartList=null, totalCost=0, saleCartDetailList=[]}]]
2022-06-03 14:04:08.987  INFO 22028 --- [http-nio-8080-exec-9] c.e.c.web.LogInterceptor                 : RESPONSE [c4ab90ca-2c26-4211-bd7f-3b1606dfb499][/sale]
2022-06-03 14:04:10.743  INFO 22028 --- [http-nio-8080-exec-2] c.e.c.web.LogInterceptor                 : REQUEST [5335a489-7609-45c0-b4c3-8a1f523bdb51][/sale/add][com.example.convenience_pos_system.controller.SaleController#add(HttpServletRequest)]
2022-06-03 14:04:10.743  INFO 22028 --- [http-nio-8080-exec-2] c.e.c.web.LoginCheckInterceptor          : LoginCheckInterceptor run /sale/add
2022-06-03 14:04:10.800  INFO 22028 --- [http-nio-8080-exec-2] c.e.c.web.LogInterceptor                 : postHandle [ModelAndView [view="redirect:/sale"; model={}]]
2022-06-03 14:04:10.801  INFO 22028 --- [http-nio-8080-exec-2] c.e.c.web.LogInterceptor                 : RESPONSE [5335a489-7609-45c0-b4c3-8a1f523bdb51][/sale/add]
2022-06-03 14:04:10.812  INFO 22028 --- [http-nio-8080-exec-3] c.e.c.web.LogInterceptor                 : REQUEST [cb5c4a1b-6354-4525-8bb9-c3c31cb8c63f][/sale][com.example.convenience_pos_system.controller.SaleController#sale(HttpServletRequest, Model)]
2022-06-03 14:04:10.813  INFO 22028 --- [http-nio-8080-exec-3] c.e.c.web.LoginCheckInterceptor          : LoginCheckInterceptor run /sale
2022-06-03 14:04:10.901  INFO 22028 --- [http-nio-8080-exec-3] c.e.c.web.LogInterceptor                 : postHandle [ModelAndView [view="sale/sale"; model={productList=[com.example.convenience_pos_system.domain.Product@36fdc293, com.example.convenience_pos_system.domain.Product@27fc2707, com.example.convenience_pos_system.domain.Product@17fc7433, com.example.convenience_pos_system.domain.Product@3e86cb69, com.example.convenience_pos_system.domain.Product@66376f70, com.example.convenience_pos_system.domain.Product@20b5a8ae, com.example.convenience_pos_system.domain.Product@541c0d67, com.example.convenience_pos_system.domain.Product@5c49590e, com.example.convenience_pos_system.domain.Product@158e118, com.example.convenience_pos_system.domain.Product@ca5d945, com.example.convenience_pos_system.domain.Product@38668a83, com.example.convenience_pos_system.domain.Product@2e7125a8, com.example.convenience_pos_system.domain.Product@6867415f, com.example.convenience_pos_system.domain.Product@4aaac2e7, com.example.convenience_pos_system.domain.Product@46946ba3], saleCartList=[com.example.convenience_pos_system.domain.SaleCart@61ef5abc], totalCost=9000, saleCartDetailList=[com.example.convenience_pos_system.domain.SaleCartDetail@33508267]}]]
2022-06-03 14:04:10.907  INFO 22028 --- [http-nio-8080-exec-3] c.e.c.web.LogInterceptor                 : RESPONSE [cb5c4a1b-6354-4525-8bb9-c3c31cb8c63f][/sale]
2022-06-03 14:04:12.381  INFO 22028 --- [http-nio-8080-exec-4] c.e.c.web.LogInterceptor                 : REQUEST [f7d1a9ae-8295-43cf-a5fd-75faeeb5756c][/sale/reset][com.example.convenience_pos_system.controller.SaleController#reset(HttpServletRequest)]
2022-06-03 14:04:12.381  INFO 22028 --- [http-nio-8080-exec-4] c.e.c.web.LoginCheckInterceptor          : LoginCheckInterceptor run /sale/reset
2022-06-03 14:04:12.434  INFO 22028 --- [http-nio-8080-exec-4] c.e.c.web.LogInterceptor                 : postHandle [ModelAndView [view="redirect:/sale"; model={}]]
2022-06-03 14:04:12.435  INFO 22028 --- [http-nio-8080-exec-4] c.e.c.web.LogInterceptor                 : RESPONSE [f7d1a9ae-8295-43cf-a5fd-75faeeb5756c][/sale/reset]
2022-06-03 14:04:12.439  INFO 22028 --- [http-nio-8080-exec-5] c.e.c.web.LogInterceptor                 : REQUEST [baa96769-eb08-4e12-ba7b-e93abaa183c1][/sale][com.example.convenience_pos_system.controller.SaleController#sale(HttpServletRequest, Model)]
2022-06-03 14:04:12.439  INFO 22028 --- [http-nio-8080-exec-5] c.e.c.web.LoginCheckInterceptor          : LoginCheckInterceptor run /sale
2022-06-03 14:04:12.513  INFO 22028 --- [http-nio-8080-exec-5] c.e.c.web.LogInterceptor                 : postHandle [ModelAndView [view="sale/sale"; model={productList=[com.example.convenience_pos_system.domain.Product@69c70cf4, com.example.convenience_pos_system.domain.Product@536e1cec, com.example.convenience_pos_system.domain.Product@2a2b7bc8, com.example.convenience_pos_system.domain.Product@69874921, com.example.convenience_pos_system.domain.Product@38764849, com.example.convenience_pos_system.domain.Product@1bdcbad7, com.example.convenience_pos_system.domain.Product@6ad8775f, com.example.convenience_pos_system.domain.Product@3945e564, com.example.convenience_pos_system.domain.Product@33fbc605, com.example.convenience_pos_system.domain.Product@4d0fc8af, com.example.convenience_pos_system.domain.Product@64443cde, com.example.convenience_pos_system.domain.Product@72bc8bf7, com.example.convenience_pos_system.domain.Product@1f9aa04b, com.example.convenience_pos_system.domain.Product@2c6349a7, com.example.convenience_pos_system.domain.Product@69042239], saleCartList=null, totalCost=0, saleCartDetailList=[]}]]
2022-06-03 14:04:12.521  INFO 22028 --- [http-nio-8080-exec-5] c.e.c.web.LogInterceptor                 : RESPONSE [baa96769-eb08-4e12-ba7b-e93abaa183c1][/sale]
2022-06-03 14:04:13.477  INFO 22028 --- [http-nio-8080-exec-6] c.e.c.web.LogInterceptor                 : REQUEST [5a76de6e-c758-46db-80cf-e0b381960b81][/][com.example.convenience_pos_system.controller.WebController#main()]
2022-06-03 14:04:13.477  INFO 22028 --- [http-nio-8080-exec-6] c.e.c.web.LogInterceptor                 : postHandle [ModelAndView [view="mainpage"; model={}]]
2022-06-03 14:04:13.482  INFO 22028 --- [http-nio-8080-exec-6] c.e.c.web.LogInterceptor                 : RESPONSE [5a76de6e-c758-46db-80cf-e0b381960b81][/]
2022-06-03 14:04:14.499  INFO 22028 --- [http-nio-8080-exec-7] c.e.c.web.LogInterceptor                 : REQUEST [a56a995e-f181-4a47-8801-c50099ef70dd][/member/logout][com.example.convenience_pos_system.controller.MemberController#logout(HttpServletRequest)]
2022-06-03 14:04:14.501  INFO 22028 --- [http-nio-8080-exec-7] c.e.c.web.LogInterceptor                 : postHandle [ModelAndView [view="redirect:/"; model={}]]
2022-06-03 14:04:14.503  INFO 22028 --- [http-nio-8080-exec-7] c.e.c.web.LogInterceptor                 : RESPONSE [a56a995e-f181-4a47-8801-c50099ef70dd][/member/logout]
2022-06-03 14:04:14.515  INFO 22028 --- [http-nio-8080-exec-8] c.e.c.web.LogInterceptor                 : REQUEST [96126a7d-cbd6-4503-b277-2b2887d230ee][/][com.example.convenience_pos_system.controller.WebController#main()]
2022-06-03 14:04:14.516  INFO 22028 --- [http-nio-8080-exec-8] c.e.c.web.LogInterceptor                 : postHandle [ModelAndView [view="mainpage"; model={}]]
2022-06-03 14:04:14.521  INFO 22028 --- [http-nio-8080-exec-8] c.e.c.web.LogInterceptor                 : RESPONSE [96126a7d-cbd6-4503-b277-2b2887d230ee][/]
