2022-05-30 21:36:45.190  INFO 3432 --- [http-nio-8080-exec-5] c.e.c.web.LogInterceptor                 : REQUEST [2873a435-2b38-42dc-9469-23008518a073][/member/logout][com.example.convenience_pos_system.controller.MemberController#logout(HttpServletRequest)]
2022-05-30 21:36:45.216  INFO 3432 --- [http-nio-8080-exec-5] c.e.c.web.LogInterceptor                 : postHandle [ModelAndView [view="redirect:/"; model={}]]
2022-05-30 21:36:45.219  INFO 3432 --- [http-nio-8080-exec-5] c.e.c.web.LogInterceptor                 : RESPONSE [2873a435-2b38-42dc-9469-23008518a073][/member/logout]
2022-05-30 21:36:45.235  INFO 3432 --- [http-nio-8080-exec-7] c.e.c.web.LogInterceptor                 : REQUEST [565ed4e7-5df5-482d-984e-8fc8e412cc77][/][com.example.convenience_pos_system.controller.WebController#main()]
2022-05-30 21:36:45.239  INFO 3432 --- [http-nio-8080-exec-7] c.e.c.web.LogInterceptor                 : postHandle [ModelAndView [view="mainpage"; model={}]]
2022-05-30 21:36:45.246  INFO 3432 --- [http-nio-8080-exec-7] c.e.c.web.LogInterceptor                 : RESPONSE [565ed4e7-5df5-482d-984e-8fc8e412cc77][/]
2022-05-30 21:36:46.543  INFO 3432 --- [http-nio-8080-exec-1] c.e.c.web.LogInterceptor                 : REQUEST [23fdd73a-4dc3-4ccc-a327-2abf58e15a46][/member/login][com.example.convenience_pos_system.controller.MemberController#loginForm(LoginForm, HttpServletRequest, Model)]
2022-05-30 21:36:46.546  INFO 3432 --- [http-nio-8080-exec-1] c.e.c.web.LogInterceptor                 : postHandle [ModelAndView [view="member/loginForm"; model={loginForm=com.example.convenience_pos_system.domain.LoginForm@593a8732, org.springframework.validation.BindingResult.loginForm=org.springframework.validation.BeanPropertyBindingResult: 0 errors, url=null}]]
2022-05-30 21:36:46.551  INFO 3432 --- [http-nio-8080-exec-1] c.e.c.web.LogInterceptor                 : RESPONSE [23fdd73a-4dc3-4ccc-a327-2abf58e15a46][/member/login]
2022-05-30 21:36:46.612  INFO 3432 --- [http-nio-8080-exec-9] c.e.c.web.LogInterceptor                 : REQUEST [c781e20b-3270-430f-ae38-db9cc91141d6][/bootstrap/css/bootstrap.min.css][ResourceHttpRequestHandler [classpath [META-INF/resources/], classpath [resources/], classpath [static/], classpath [public/], ServletContext [/]]]
2022-05-30 21:36:46.614  INFO 3432 --- [http-nio-8080-exec-9] c.e.c.web.LoginCheckInterceptor          : LoginCheckInterceptor run /bootstrap/css/bootstrap.min.css
2022-05-30 21:36:46.615  INFO 3432 --- [http-nio-8080-exec-9] c.e.c.web.LoginCheckInterceptor          : unlogin user request
2022-05-30 21:36:46.615  INFO 3432 --- [http-nio-8080-exec-9] c.e.c.web.LogInterceptor                 : RESPONSE [c781e20b-3270-430f-ae38-db9cc91141d6][/bootstrap/css/bootstrap.min.css]
2022-05-30 21:36:46.622  INFO 3432 --- [http-nio-8080-exec-10] c.e.c.web.LogInterceptor                 : REQUEST [63ab37e4-0318-44aa-b7c6-25edd68cb2ee][/member/login][com.example.convenience_pos_system.controller.MemberController#loginForm(LoginForm, HttpServletRequest, Model)]
2022-05-30 21:36:46.626  INFO 3432 --- [http-nio-8080-exec-10] c.e.c.web.LogInterceptor                 : postHandle [ModelAndView [view="member/loginForm"; model={loginForm=com.example.convenience_pos_system.domain.LoginForm@151788dc, org.springframework.validation.BindingResult.loginForm=org.springframework.validation.BeanPropertyBindingResult: 0 errors, url=/bootstrap/css/bootstrap.min.css}]]
2022-05-30 21:36:46.629  INFO 3432 --- [http-nio-8080-exec-10] c.e.c.web.LogInterceptor                 : RESPONSE [63ab37e4-0318-44aa-b7c6-25edd68cb2ee][/member/login]
2022-05-30 21:36:47.611  INFO 3432 --- [http-nio-8080-exec-2] c.e.c.web.LogInterceptor                 : REQUEST [6f2ab90e-2935-441a-b9da-09f7b523aff8][/member/login][com.example.convenience_pos_system.controller.MemberController#login(String, String, String, HttpServletRequest, Model)]
2022-05-30 21:36:47.664  INFO 3432 --- [http-nio-8080-exec-2] c.e.c.web.LogInterceptor                 : postHandle [ModelAndView [view="/member/loginForm"; model={errors={loginError=아이디, 비밀번호를 확인하세요.}}]]
2022-05-30 21:36:47.690  INFO 3432 --- [http-nio-8080-exec-2] c.e.c.web.LogInterceptor                 : RESPONSE [6f2ab90e-2935-441a-b9da-09f7b523aff8][/member/login]
2022-05-30 21:36:47.728  INFO 3432 --- [http-nio-8080-exec-3] c.e.c.web.LogInterceptor                 : REQUEST [cae94314-ed6c-4405-b636-6fc125460eff][/bootstrap/css/bootstrap.min.css][ResourceHttpRequestHandler [classpath [META-INF/resources/], classpath [resources/], classpath [static/], classpath [public/], ServletContext [/]]]
2022-05-30 21:36:47.728  INFO 3432 --- [http-nio-8080-exec-3] c.e.c.web.LoginCheckInterceptor          : LoginCheckInterceptor run /bootstrap/css/bootstrap.min.css
2022-05-30 21:36:47.729  INFO 3432 --- [http-nio-8080-exec-3] c.e.c.web.LoginCheckInterceptor          : unlogin user request
2022-05-30 21:36:47.729  INFO 3432 --- [http-nio-8080-exec-3] c.e.c.web.LogInterceptor                 : RESPONSE [cae94314-ed6c-4405-b636-6fc125460eff][/bootstrap/css/bootstrap.min.css]
2022-05-30 21:36:47.734  INFO 3432 --- [http-nio-8080-exec-4] c.e.c.web.LogInterceptor                 : REQUEST [4855b693-b91e-4de8-bb11-afc2f509fcb7][/member/login][com.example.convenience_pos_system.controller.MemberController#loginForm(LoginForm, HttpServletRequest, Model)]
2022-05-30 21:36:47.736  INFO 3432 --- [http-nio-8080-exec-4] c.e.c.web.LogInterceptor                 : postHandle [ModelAndView [view="member/loginForm"; model={loginForm=com.example.convenience_pos_system.domain.LoginForm@504976f3, org.springframework.validation.BindingResult.loginForm=org.springframework.validation.BeanPropertyBindingResult: 0 errors, url=/bootstrap/css/bootstrap.min.css}]]
2022-05-30 21:36:47.739  INFO 3432 --- [http-nio-8080-exec-4] c.e.c.web.LogInterceptor                 : RESPONSE [4855b693-b91e-4de8-bb11-afc2f509fcb7][/member/login]
2022-05-30 21:37:11.658  INFO 3432 --- [http-nio-8080-exec-5] c.e.c.web.LogInterceptor                 : REQUEST [52ca0813-681c-48e4-b536-15095676b33c][/][com.example.convenience_pos_system.controller.WebController#main()]
2022-05-30 21:37:11.659  INFO 3432 --- [http-nio-8080-exec-5] c.e.c.web.LogInterceptor                 : postHandle [ModelAndView [view="mainpage"; model={}]]
2022-05-30 21:37:11.665  INFO 3432 --- [http-nio-8080-exec-5] c.e.c.web.LogInterceptor                 : RESPONSE [52ca0813-681c-48e4-b536-15095676b33c][/]
