2022-05-29 11:01:17.443  INFO 22680 --- [http-nio-8080-exec-2] c.e.c.web.LoginCheckInterceptor          : 인증 체크 인터셉터 실행 /sale/add
2022-05-29 11:01:17.525  INFO 22680 --- [http-nio-8080-exec-2] c.e.c.web.LogInterceptor                 : postHandle [ModelAndView [view="redirect:/sale"; model={}]]
2022-05-29 11:01:17.526  INFO 22680 --- [http-nio-8080-exec-2] c.e.c.web.LogInterceptor                 : RESPONSE [903b4759-8243-4d6a-95d8-a98b71f2e9d6][/sale/add]
2022-05-29 11:01:17.530  INFO 22680 --- [http-nio-8080-exec-5] c.e.c.web.LogInterceptor                 : REQUEST [3c584ce2-0d64-4f4a-a801-862b0fa77079][/sale][com.example.convenience_pos_system.controller.SaleController#sale(HttpServletRequest, Model)]
2022-05-29 11:01:17.531  INFO 22680 --- [http-nio-8080-exec-5] c.e.c.web.LoginCheckInterceptor          : 인증 체크 인터셉터 실행 /sale
2022-05-29 11:01:17.617  INFO 22680 --- [http-nio-8080-exec-5] c.e.c.web.LogInterceptor                 : postHandle [ModelAndView [view="sale/sale"; model={productList=[com.example.convenience_pos_system.domain.Product@54feffcc, com.example.convenience_pos_system.domain.Product@532d0dac, com.example.convenience_pos_system.domain.Product@64f11f5e, com.example.convenience_pos_system.domain.Product@68c2dd10, com.example.convenience_pos_system.domain.Product@4b615f5b, com.example.convenience_pos_system.domain.Product@701a7bf6, com.example.convenience_pos_system.domain.Product@1cfd9144, com.example.convenience_pos_system.domain.Product@6229f596, com.example.convenience_pos_system.domain.Product@23f3e50f, com.example.convenience_pos_system.domain.Product@95ef4c, com.example.convenience_pos_system.domain.Product@709239ab, com.example.convenience_pos_system.domain.Product@5d3ae76a], saleCartList=[com.example.convenience_pos_system.domain.SaleCart@615dba5f], totalCost=1500, saleCartDetailList=[com.example.convenience_pos_system.domain.SaleCartDetail@4e9dd6b7]}]]
2022-05-29 11:01:17.631  INFO 22680 --- [http-nio-8080-exec-5] c.e.c.web.LogInterceptor                 : RESPONSE [3c584ce2-0d64-4f4a-a801-862b0fa77079][/sale]
2022-05-29 11:01:19.870  INFO 22680 --- [http-nio-8080-exec-6] c.e.c.web.LogInterceptor                 : REQUEST [db46b647-6387-4113-add2-4c03bf2305e5][/sale/calculate][com.example.convenience_pos_system.controller.SaleController#calculate(HttpServletRequest)]
2022-05-29 11:01:19.871  INFO 22680 --- [http-nio-8080-exec-6] c.e.c.web.LoginCheckInterceptor          : 인증 체크 인터셉터 실행 /sale/calculate
2022-05-29 11:01:19.954  INFO 22680 --- [http-nio-8080-exec-6] c.e.c.web.LogInterceptor                 : postHandle [ModelAndView [view="redirect:/sale"; model={}]]
2022-05-29 11:01:19.956  INFO 22680 --- [http-nio-8080-exec-6] c.e.c.web.LogInterceptor                 : RESPONSE [db46b647-6387-4113-add2-4c03bf2305e5][/sale/calculate]
2022-05-29 11:01:19.961  INFO 22680 --- [http-nio-8080-exec-7] c.e.c.web.LogInterceptor                 : REQUEST [63db2551-be8d-4481-b9ed-c5baeb13a314][/sale][com.example.convenience_pos_system.controller.SaleController#sale(HttpServletRequest, Model)]
2022-05-29 11:01:19.962  INFO 22680 --- [http-nio-8080-exec-7] c.e.c.web.LoginCheckInterceptor          : 인증 체크 인터셉터 실행 /sale
2022-05-29 11:01:20.030  INFO 22680 --- [http-nio-8080-exec-7] c.e.c.web.LogInterceptor                 : postHandle [ModelAndView [view="sale/sale"; model={productList=[com.example.convenience_pos_system.domain.Product@400a5a4a, com.example.convenience_pos_system.domain.Product@288ffb83, com.example.convenience_pos_system.domain.Product@7b5f2d59, com.example.convenience_pos_system.domain.Product@9111bb1, com.example.convenience_pos_system.domain.Product@1b5bd8d3, com.example.convenience_pos_system.domain.Product@4cdf6bd8, com.example.convenience_pos_system.domain.Product@4e68a2ff, com.example.convenience_pos_system.domain.Product@4fa5f410, com.example.convenience_pos_system.domain.Product@afd2077, com.example.convenience_pos_system.domain.Product@3d4b1b5b, com.example.convenience_pos_system.domain.Product@363f2957, com.example.convenience_pos_system.domain.Product@565a4ef4], saleCartList=null, totalCost=0, saleCartDetailList=[]}]]
2022-05-29 11:01:20.039  INFO 22680 --- [http-nio-8080-exec-7] c.e.c.web.LogInterceptor                 : RESPONSE [63db2551-be8d-4481-b9ed-c5baeb13a314][/sale]
2022-05-29 11:01:20.911  INFO 22680 --- [http-nio-8080-exec-8] c.e.c.web.LogInterceptor                 : REQUEST [33b9c620-70d2-4ab7-b76c-dcb7d0b6cf4d][/][com.example.convenience_pos_system.controller.WebController#main()]
2022-05-29 11:01:20.913  INFO 22680 --- [http-nio-8080-exec-8] c.e.c.web.LogInterceptor                 : postHandle [ModelAndView [view="mainpage"; model={}]]
2022-05-29 11:01:20.916  INFO 22680 --- [http-nio-8080-exec-8] c.e.c.web.LogInterceptor                 : RESPONSE [33b9c620-70d2-4ab7-b76c-dcb7d0b6cf4d][/]
2022-05-29 11:01:21.771  INFO 22680 --- [http-nio-8080-exec-9] c.e.c.web.LogInterceptor                 : REQUEST [69af2806-51ad-471e-b3ea-288a021c4f14][/statistics][com.example.convenience_pos_system.controller.StatisticsController#statistics(Model)]
2022-05-29 11:01:21.771  INFO 22680 --- [http-nio-8080-exec-9] c.e.c.web.LoginCheckInterceptor          : 인증 체크 인터셉터 실행 /statistics
2022-05-29 11:01:21.808  INFO 22680 --- [http-nio-8080-exec-9] c.e.c.web.LogInterceptor                 : postHandle [ModelAndView [view="statistics/statistics"; model={sales=[com.example.convenience_pos_system.domain.Sale@5606a8b3, com.example.convenience_pos_system.domain.Sale@17164adc, com.example.convenience_pos_system.domain.Sale@463338d, com.example.convenience_pos_system.domain.Sale@4dfdaa47, com.example.convenience_pos_system.domain.Sale@2e5dd07b, com.example.convenience_pos_system.domain.Sale@bb82fc6, com.example.convenience_pos_system.domain.Sale@16da8a67, com.example.convenience_pos_system.domain.Sale@36d5a569, com.example.convenience_pos_system.domain.Sale@764b75c0, com.example.convenience_pos_system.domain.Sale@3c47a2d0, com.example.convenience_pos_system.domain.Sale@7e8c8e8d, com.example.convenience_pos_system.domain.Sale@65e982d8, com.example.convenience_pos_system.domain.Sale@48211ed0]}]]
2022-05-29 11:01:21.829  INFO 22680 --- [http-nio-8080-exec-9] c.e.c.web.LogInterceptor                 : RESPONSE [69af2806-51ad-471e-b3ea-288a021c4f14][/statistics]
2022-05-29 11:01:26.098  INFO 22680 --- [http-nio-8080-exec-4] c.e.c.web.LogInterceptor                 : REQUEST [1528573a-6136-40f2-b06b-d077060fbcea][/statistics/sale/day][com.example.convenience_pos_system.controller.StatisticsController#getSaleDay(Map)]
2022-05-29 11:01:26.099  INFO 22680 --- [http-nio-8080-exec-4] c.e.c.web.LoginCheckInterceptor          : 인증 체크 인터셉터 실행 /statistics/sale/day
2022-05-29 11:01:26.158  INFO 22680 --- [http-nio-8080-exec-4] c.e.c.web.LogInterceptor                 : postHandle [null]
2022-05-29 11:01:26.159  INFO 22680 --- [http-nio-8080-exec-4] c.e.c.web.LogInterceptor                 : RESPONSE [1528573a-6136-40f2-b06b-d077060fbcea][/statistics/sale/day]
2022-05-29 11:01:29.639  INFO 22680 --- [http-nio-8080-exec-3] c.e.c.web.LogInterceptor                 : REQUEST [e24d7504-1291-4d40-a1e9-b0f26f237d9e][/statistics/sale/day][com.example.convenience_pos_system.controller.StatisticsController#getSaleDay(Map)]
2022-05-29 11:01:29.639  INFO 22680 --- [http-nio-8080-exec-3] c.e.c.web.LoginCheckInterceptor          : 인증 체크 인터셉터 실행 /statistics/sale/day
2022-05-29 11:01:29.668  INFO 22680 --- [http-nio-8080-exec-3] c.e.c.web.LogInterceptor                 : postHandle [null]
2022-05-29 11:01:29.668  INFO 22680 --- [http-nio-8080-exec-3] c.e.c.web.LogInterceptor                 : RESPONSE [e24d7504-1291-4d40-a1e9-b0f26f237d9e][/statistics/sale/day]
2022-05-29 11:01:31.745  INFO 22680 --- [http-nio-8080-exec-2] c.e.c.web.LogInterceptor                 : REQUEST [da759dbd-8f1c-4bc2-bd4c-a5ec5ae735fb][/statistics/sale/week][com.example.convenience_pos_system.controller.StatisticsController#getSaleWeek(Map)]
2022-05-29 11:01:31.749  INFO 22680 --- [http-nio-8080-exec-2] c.e.c.web.LoginCheckInterceptor          : 인증 체크 인터셉터 실행 /statistics/sale/week
2022-05-29 11:01:31.798  INFO 22680 --- [http-nio-8080-exec-2] c.e.c.web.LogInterceptor                 : postHandle [null]
2022-05-29 11:01:31.799  INFO 22680 --- [http-nio-8080-exec-2] c.e.c.web.LogInterceptor                 : RESPONSE [da759dbd-8f1c-4bc2-bd4c-a5ec5ae735fb][/statistics/sale/week]
2022-05-29 11:01:34.669  INFO 22680 --- [http-nio-8080-exec-6] c.e.c.web.LogInterceptor                 : REQUEST [1dca5e41-3c6c-447e-bd85-68fc52f91cf9][/statistics/sale/week][com.example.convenience_pos_system.controller.StatisticsController#getSaleWeek(Map)]
2022-05-29 11:01:34.669  INFO 22680 --- [http-nio-8080-exec-6] c.e.c.web.LoginCheckInterceptor          : 인증 체크 인터셉터 실행 /statistics/sale/week
2022-05-29 11:01:34.708  INFO 22680 --- [http-nio-8080-exec-6] c.e.c.web.LogInterceptor                 : postHandle [null]
2022-05-29 11:01:34.708  INFO 22680 --- [http-nio-8080-exec-6] c.e.c.web.LogInterceptor                 : RESPONSE [1dca5e41-3c6c-447e-bd85-68fc52f91cf9][/statistics/sale/week]
2022-05-29 11:01:36.998  INFO 22680 --- [http-nio-8080-exec-7] c.e.c.web.LogInterceptor                 : REQUEST [981efb20-62e5-4cb9-a7db-b3d5fd970730][/statistics/sale/week][com.example.convenience_pos_system.controller.StatisticsController#getSaleWeek(Map)]
2022-05-29 11:01:37.000  INFO 22680 --- [http-nio-8080-exec-7] c.e.c.web.LoginCheckInterceptor          : 인증 체크 인터셉터 실행 /statistics/sale/week
2022-05-29 11:01:38.005  INFO 22680 --- [http-nio-8080-exec-7] c.e.c.web.LogInterceptor                 : postHandle [null]
2022-05-29 11:01:38.006  INFO 22680 --- [http-nio-8080-exec-7] c.e.c.web.LogInterceptor                 : RESPONSE [981efb20-62e5-4cb9-a7db-b3d5fd970730][/statistics/sale/week]
2022-05-29 11:01:40.390  INFO 22680 --- [http-nio-8080-exec-8] c.e.c.web.LogInterceptor                 : REQUEST [4b3cf122-bd9e-4e8a-b9e5-4df98408ddd5][/statistics/sale/month][com.example.convenience_pos_system.controller.StatisticsController#getSaleMonth(Map)]
2022-05-29 11:01:40.391  INFO 22680 --- [http-nio-8080-exec-8] c.e.c.web.LoginCheckInterceptor          : 인증 체크 인터셉터 실행 /statistics/sale/month
