2022-05-29 10:59:07.793  INFO 13816 --- [main] c.e.c.ConveniencePosSystemApplication    : Starting ConveniencePosSystemApplication using Java 11.0.12 on DESKTOP-OIMG8KE with PID 13816 (C:\Users\nec\Desktop\springframework\Convenience-POS-System\Convenience_POS_System\target\classes started by nec in C:\Users\nec\Desktop\springframework\Convenience-POS-System\Convenience_POS_System)
2022-05-29 10:59:07.800  INFO 13816 --- [main] c.e.c.ConveniencePosSystemApplication    : No active profile set, falling back to 1 default profile: "default"
2022-05-29 10:59:08.750  INFO 13816 --- [main] .s.d.r.c.RepositoryConfigurationDelegate : Bootstrapping Spring Data JDBC repositories in DEFAULT mode.
2022-05-29 10:59:08.769  INFO 13816 --- [main] .s.d.r.c.RepositoryConfigurationDelegate : Finished Spring Data repository scanning in 14 ms. Found 0 JDBC repository interfaces.
2022-05-29 10:59:08.853  WARN 13816 --- [main] o.m.s.mapper.ClassPathMapperScanner      : No MyBatis mapper was found in '[com.example.convenience_pos_system]' package. Please check your configuration.
2022-05-29 10:59:09.219  INFO 13816 --- [main] o.s.b.w.embedded.tomcat.TomcatWebServer  : Tomcat initialized with port(s): 8080 (http)
2022-05-29 10:59:09.228  INFO 13816 --- [main] o.apache.catalina.core.StandardService   : Starting service [Tomcat]
2022-05-29 10:59:09.228  INFO 13816 --- [main] org.apache.catalina.core.StandardEngine  : Starting Servlet engine: [Apache Tomcat/9.0.62]
2022-05-29 10:59:09.347  INFO 13816 --- [main] o.a.c.c.C.[Tomcat].[localhost].[/]       : Initializing Spring embedded WebApplicationContext
2022-05-29 10:59:09.347  INFO 13816 --- [main] w.s.c.ServletWebServerApplicationContext : Root WebApplicationContext: initialization completed in 1209 ms
2022-05-29 10:59:10.418  INFO 13816 --- [main] o.s.b.w.embedded.tomcat.TomcatWebServer  : Tomcat started on port(s): 8080 (http) with context path ''
2022-05-29 10:59:10.442  INFO 13816 --- [main] c.e.c.ConveniencePosSystemApplication    : Started ConveniencePosSystemApplication in 3.312 seconds (JVM running for 5.522)
2022-05-29 10:59:12.924  INFO 13816 --- [http-nio-8080-exec-1] o.a.c.c.C.[Tomcat].[localhost].[/]       : Initializing Spring DispatcherServlet 'dispatcherServlet'
2022-05-29 10:59:12.926  INFO 13816 --- [http-nio-8080-exec-1] o.s.web.servlet.DispatcherServlet        : Initializing Servlet 'dispatcherServlet'
2022-05-29 10:59:12.927  INFO 13816 --- [http-nio-8080-exec-1] o.s.web.servlet.DispatcherServlet        : Completed initialization in 1 ms
2022-05-29 10:59:12.941  INFO 13816 --- [http-nio-8080-exec-1] c.e.c.web.LogInterceptor                 : REQUEST [9810df36-15f9-4f99-8e71-aa5010227948][/][com.example.convenience_pos_system.controller.WebController#main()]
2022-05-29 10:59:12.955  INFO 13816 --- [http-nio-8080-exec-1] c.e.c.web.LogInterceptor                 : postHandle [ModelAndView [view="mainpage"; model={}]]
2022-05-29 10:59:13.422  INFO 13816 --- [http-nio-8080-exec-1] c.e.c.web.LogInterceptor                 : RESPONSE [9810df36-15f9-4f99-8e71-aa5010227948][/]
2022-05-29 10:59:14.030  INFO 13816 --- [http-nio-8080-exec-2] c.e.c.web.LogInterceptor                 : REQUEST [81e23045-ebbb-4886-80b2-4078ca3fcbd2][/member/login][com.example.convenience_pos_system.controller.MemberController#loginForm(LoginForm)]
2022-05-29 10:59:14.059  INFO 13816 --- [http-nio-8080-exec-2] c.e.c.web.LogInterceptor                 : postHandle [ModelAndView [view="member/loginForm"; model={loginForm=com.example.convenience_pos_system.domain.LoginForm@770d5e89, org.springframework.validation.BindingResult.loginForm=org.springframework.validation.BeanPropertyBindingResult: 0 errors}]]
2022-05-29 10:59:14.073  INFO 13816 --- [http-nio-8080-exec-2] c.e.c.web.LogInterceptor                 : RESPONSE [81e23045-ebbb-4886-80b2-4078ca3fcbd2][/member/login]
2022-05-29 10:59:14.104  INFO 13816 --- [http-nio-8080-exec-3] c.e.c.web.LogInterceptor                 : REQUEST [96b3d8fe-1cee-4531-b31c-1c01433072f8][/bootstrap/css/bootstrap.min.css][ResourceHttpRequestHandler [classpath [META-INF/resources/], classpath [resources/], classpath [static/], classpath [public/], ServletContext [/]]]
2022-05-29 10:59:14.106  INFO 13816 --- [http-nio-8080-exec-3] c.e.c.web.LoginCheckInterceptor          : 인증 체크 인터셉터 실행 /bootstrap/css/bootstrap.min.css
2022-05-29 10:59:14.106  INFO 13816 --- [http-nio-8080-exec-3] c.e.c.web.LoginCheckInterceptor          : 미인증 사용자 요청
2022-05-29 10:59:14.107  INFO 13816 --- [http-nio-8080-exec-3] c.e.c.web.LogInterceptor                 : RESPONSE [96b3d8fe-1cee-4531-b31c-1c01433072f8][/bootstrap/css/bootstrap.min.css]
2022-05-29 10:59:14.111  INFO 13816 --- [http-nio-8080-exec-4] c.e.c.web.LogInterceptor                 : REQUEST [459aef0d-0284-4f5e-bc82-3a2ca1ad3acf][/member/login][com.example.convenience_pos_system.controller.MemberController#loginForm(LoginForm)]
2022-05-29 10:59:14.117  INFO 13816 --- [http-nio-8080-exec-4] c.e.c.web.LogInterceptor                 : postHandle [ModelAndView [view="member/loginForm"; model={loginForm=com.example.convenience_pos_system.domain.LoginForm@56483568, org.springframework.validation.BindingResult.loginForm=org.springframework.validation.BeanPropertyBindingResult: 0 errors}]]
2022-05-29 10:59:14.119  INFO 13816 --- [http-nio-8080-exec-4] c.e.c.web.LogInterceptor                 : RESPONSE [459aef0d-0284-4f5e-bc82-3a2ca1ad3acf][/member/login]
2022-05-29 10:59:20.640  INFO 13816 --- [http-nio-8080-exec-5] c.e.c.web.LogInterceptor                 : REQUEST [f7e44f2c-9522-4204-b50b-0b744fbc6726][/member/login][com.example.convenience_pos_system.controller.MemberController#login(String, String, HttpServletRequest, Model)]
2022-05-29 10:59:21.911  WARN 13816 --- [http-nio-8080-exec-5] o.a.c.util.SessionIdGeneratorBase        : Creation of SecureRandom instance for session ID generation using [SHA1PRNG] took [1,155] milliseconds.
2022-05-29 10:59:21.915  INFO 13816 --- [http-nio-8080-exec-5] c.e.c.web.LogInterceptor                 : postHandle [ModelAndView [view="redirect:/"; model={}]]
2022-05-29 10:59:21.919  INFO 13816 --- [http-nio-8080-exec-5] c.e.c.web.LogInterceptor                 : RESPONSE [f7e44f2c-9522-4204-b50b-0b744fbc6726][/member/login]
2022-05-29 10:59:21.926  INFO 13816 --- [http-nio-8080-exec-6] c.e.c.web.LogInterceptor                 : REQUEST [ad8cf731-8a98-4769-88ce-9266bb7f21d8][/][com.example.convenience_pos_system.controller.WebController#main()]
2022-05-29 10:59:21.927  INFO 13816 --- [http-nio-8080-exec-6] c.e.c.web.LogInterceptor                 : postHandle [ModelAndView [view="mainpage"; model={}]]
2022-05-29 10:59:21.934  INFO 13816 --- [http-nio-8080-exec-6] c.e.c.web.LogInterceptor                 : RESPONSE [ad8cf731-8a98-4769-88ce-9266bb7f21d8][/]
2022-05-29 10:59:27.147  INFO 13816 --- [http-nio-8080-exec-9] c.e.c.web.LogInterceptor                 : REQUEST [87cb12da-4964-4b2e-985a-d24e3175aba8][/product/list][com.example.convenience_pos_system.controller.ProductController#productList(Model)]
2022-05-29 10:59:27.149  INFO 13816 --- [http-nio-8080-exec-9] c.e.c.web.LoginCheckInterceptor          : 인증 체크 인터셉터 실행 /product/list
2022-05-29 10:59:27.205  INFO 13816 --- [http-nio-8080-exec-9] c.e.c.web.LogInterceptor                 : postHandle [ModelAndView [view="product/productList"; model={products=[com.example.convenience_pos_system.domain.Product@745bdc5c, com.example.convenience_pos_system.domain.Product@2876c8ed, com.example.convenience_pos_system.domain.Product@30aaf564, com.example.convenience_pos_system.domain.Product@7e0d2433, com.example.convenience_pos_system.domain.Product@549ebe92, com.example.convenience_pos_system.domain.Product@4ab1354c, com.example.convenience_pos_system.domain.Product@2d57f8ab, com.example.convenience_pos_system.domain.Product@3aec6d8e, com.example.convenience_pos_system.domain.Product@1ba73e6f, com.example.convenience_pos_system.domain.Product@58ff6302, com.example.convenience_pos_system.domain.Product@4aff4a16, com.example.convenience_pos_system.domain.Product@13a6deda]}]]
2022-05-29 10:59:27.238  INFO 13816 --- [http-nio-8080-exec-9] c.e.c.web.LogInterceptor                 : RESPONSE [87cb12da-4964-4b2e-985a-d24e3175aba8][/product/list]
2022-05-29 10:59:33.009  INFO 13816 --- [http-nio-8080-exec-2] c.e.c.web.LogInterceptor                 : REQUEST [bc1d65f6-0828-4984-849e-e00b2ef36821][/product/list/1][com.example.convenience_pos_system.controller.ProductController#productHistoryList(Long, Model)]
2022-05-29 10:59:33.010  INFO 13816 --- [http-nio-8080-exec-2] c.e.c.web.LoginCheckInterceptor          : 인증 체크 인터셉터 실행 /product/list/1
2022-05-29 10:59:33.053  INFO 13816 --- [http-nio-8080-exec-2] c.e.c.web.LogInterceptor                 : postHandle [ModelAndView [view="product/productHistoryList"; model={productHistories=[com.example.convenience_pos_system.domain.ProductHistory@31e31116, com.example.convenience_pos_system.domain.ProductHistory@54a78fb6, com.example.convenience_pos_system.domain.ProductHistory@6b86873f, com.example.convenience_pos_system.domain.ProductHistory@affdff8, com.example.convenience_pos_system.domain.ProductHistory@23bd0410, com.example.convenience_pos_system.domain.ProductHistory@4b0ff5ee, com.example.convenience_pos_system.domain.ProductHistory@14ef2ccf, com.example.convenience_pos_system.domain.ProductHistory@609b21b5, com.example.convenience_pos_system.domain.ProductHistory@2b4d2432, com.example.convenience_pos_system.domain.ProductHistory@1f591430]}]]
2022-05-29 10:59:33.151  INFO 13816 --- [http-nio-8080-exec-2] c.e.c.web.LogInterceptor                 : RESPONSE [bc1d65f6-0828-4984-849e-e00b2ef36821][/product/list/1]
2022-05-29 10:59:36.241  INFO 13816 --- [http-nio-8080-exec-3] c.e.c.web.LogInterceptor                 : REQUEST [469c13b0-5986-478f-81fe-9e1db340617c][/member/logout][com.example.convenience_pos_system.controller.MemberController#logout(HttpServletRequest)]
2022-05-29 10:59:36.244  INFO 13816 --- [http-nio-8080-exec-3] c.e.c.web.LogInterceptor                 : postHandle [ModelAndView [view="redirect:/"; model={}]]
2022-05-29 10:59:36.245  INFO 13816 --- [http-nio-8080-exec-3] c.e.c.web.LogInterceptor                 : RESPONSE [469c13b0-5986-478f-81fe-9e1db340617c][/member/logout]
2022-05-29 10:59:36.253  INFO 13816 --- [http-nio-8080-exec-4] c.e.c.web.LogInterceptor                 : REQUEST [150c6526-98ae-480d-bffc-7916b6251f29][/][com.example.convenience_pos_system.controller.WebController#main()]
2022-05-29 10:59:36.254  INFO 13816 --- [http-nio-8080-exec-4] c.e.c.web.LogInterceptor                 : postHandle [ModelAndView [view="mainpage"; model={}]]
2022-05-29 10:59:36.257  INFO 13816 --- [http-nio-8080-exec-4] c.e.c.web.LogInterceptor                 : RESPONSE [150c6526-98ae-480d-bffc-7916b6251f29][/]
2022-05-29 10:59:40.347  INFO 13816 --- [http-nio-8080-exec-5] c.e.c.web.LogInterceptor                 : REQUEST [22d3265a-ff17-48eb-b4bb-c235f6b73f7d][/product/][ResourceHttpRequestHandler [classpath [META-INF/resources/], classpath [resources/], classpath [static/], classpath [public/], ServletContext [/]]]
2022-05-29 10:59:40.347  INFO 13816 --- [http-nio-8080-exec-5] c.e.c.web.LoginCheckInterceptor          : 인증 체크 인터셉터 실행 /product/
2022-05-29 10:59:40.348  INFO 13816 --- [http-nio-8080-exec-5] c.e.c.web.LoginCheckInterceptor          : 미인증 사용자 요청
2022-05-29 10:59:40.349  INFO 13816 --- [http-nio-8080-exec-5] c.e.c.web.LogInterceptor                 : RESPONSE [22d3265a-ff17-48eb-b4bb-c235f6b73f7d][/product/]
2022-05-29 10:59:40.356  INFO 13816 --- [http-nio-8080-exec-6] c.e.c.web.LogInterceptor                 : REQUEST [8321ec82-2a0a-443b-8be4-cb9bd4bb9146][/member/login][com.example.convenience_pos_system.controller.MemberController#loginForm(LoginForm)]
2022-05-29 10:59:40.357  INFO 13816 --- [http-nio-8080-exec-6] c.e.c.web.LogInterceptor                 : postHandle [ModelAndView [view="member/loginForm"; model={loginForm=com.example.convenience_pos_system.domain.LoginForm@5aa8de1, org.springframework.validation.BindingResult.loginForm=org.springframework.validation.BeanPropertyBindingResult: 0 errors}]]
2022-05-29 10:59:40.360  INFO 13816 --- [http-nio-8080-exec-6] c.e.c.web.LogInterceptor                 : RESPONSE [8321ec82-2a0a-443b-8be4-cb9bd4bb9146][/member/login]
2022-05-29 10:59:40.679  INFO 13816 --- [http-nio-8080-exec-8] c.e.c.web.LogInterceptor                 : REQUEST [00a0a137-3533-48aa-b8fd-e0c8440f4e21][/bootstrap/css/bootstrap.min.css][ResourceHttpRequestHandler [classpath [META-INF/resources/], classpath [resources/], classpath [static/], classpath [public/], ServletContext [/]]]
2022-05-29 10:59:40.679  INFO 13816 --- [http-nio-8080-exec-8] c.e.c.web.LoginCheckInterceptor          : 인증 체크 인터셉터 실행 /bootstrap/css/bootstrap.min.css
2022-05-29 10:59:40.679  INFO 13816 --- [http-nio-8080-exec-8] c.e.c.web.LoginCheckInterceptor          : 미인증 사용자 요청
2022-05-29 10:59:40.679  INFO 13816 --- [http-nio-8080-exec-8] c.e.c.web.LogInterceptor                 : RESPONSE [00a0a137-3533-48aa-b8fd-e0c8440f4e21][/bootstrap/css/bootstrap.min.css]
2022-05-29 10:59:40.685  INFO 13816 --- [http-nio-8080-exec-7] c.e.c.web.LogInterceptor                 : REQUEST [5ceb7ed9-4381-42d1-b238-30d94ca5a4b5][/member/login][com.example.convenience_pos_system.controller.MemberController#loginForm(LoginForm)]
2022-05-29 10:59:40.686  INFO 13816 --- [http-nio-8080-exec-7] c.e.c.web.LogInterceptor                 : postHandle [ModelAndView [view="member/loginForm"; model={loginForm=com.example.convenience_pos_system.domain.LoginForm@eff3e4a, org.springframework.validation.BindingResult.loginForm=org.springframework.validation.BeanPropertyBindingResult: 0 errors}]]
2022-05-29 10:59:40.689  INFO 13816 --- [http-nio-8080-exec-7] c.e.c.web.LogInterceptor                 : RESPONSE [5ceb7ed9-4381-42d1-b238-30d94ca5a4b5][/member/login]
2022-05-29 10:59:48.996  INFO 13816 --- [http-nio-8080-exec-1] c.e.c.web.LogInterceptor                 : REQUEST [b9a607fc-8850-4f23-acf8-bb4bc551bad2][/member/login][com.example.convenience_pos_system.controller.MemberController#login(String, String, HttpServletRequest, Model)]
2022-05-29 10:59:49.051  INFO 13816 --- [http-nio-8080-exec-1] c.e.c.web.LogInterceptor                 : postHandle [ModelAndView [view="redirect:/"; model={}]]
2022-05-29 10:59:49.052  INFO 13816 --- [http-nio-8080-exec-1] c.e.c.web.LogInterceptor                 : RESPONSE [b9a607fc-8850-4f23-acf8-bb4bc551bad2][/member/login]
2022-05-29 10:59:49.057  INFO 13816 --- [http-nio-8080-exec-2] c.e.c.web.LogInterceptor                 : REQUEST [a8f902e4-394d-4f0a-81aa-91f52e3e781c][/][com.example.convenience_pos_system.controller.WebController#main()]
2022-05-29 10:59:49.058  INFO 13816 --- [http-nio-8080-exec-2] c.e.c.web.LogInterceptor                 : postHandle [ModelAndView [view="mainpage"; model={}]]
2022-05-29 10:59:49.061  INFO 13816 --- [http-nio-8080-exec-2] c.e.c.web.LogInterceptor                 : RESPONSE [a8f902e4-394d-4f0a-81aa-91f52e3e781c][/]
2022-05-29 10:59:50.389  INFO 13816 --- [http-nio-8080-exec-3] c.e.c.web.LogInterceptor                 : REQUEST [9c113288-27cd-4dcf-809e-ea8fcf5d675d][/member/logout][com.example.convenience_pos_system.controller.MemberController#logout(HttpServletRequest)]
2022-05-29 10:59:50.390  INFO 13816 --- [http-nio-8080-exec-3] c.e.c.web.LogInterceptor                 : postHandle [ModelAndView [view="redirect:/"; model={}]]
2022-05-29 10:59:50.392  INFO 13816 --- [http-nio-8080-exec-3] c.e.c.web.LogInterceptor                 : RESPONSE [9c113288-27cd-4dcf-809e-ea8fcf5d675d][/member/logout]
2022-05-29 10:59:50.403  INFO 13816 --- [http-nio-8080-exec-4] c.e.c.web.LogInterceptor                 : REQUEST [dc8f3649-d1f3-4b53-9726-9db312cedcb5][/][com.example.convenience_pos_system.controller.WebController#main()]
2022-05-29 10:59:50.404  INFO 13816 --- [http-nio-8080-exec-4] c.e.c.web.LogInterceptor                 : postHandle [ModelAndView [view="mainpage"; model={}]]
2022-05-29 10:59:50.407  INFO 13816 --- [http-nio-8080-exec-4] c.e.c.web.LogInterceptor                 : RESPONSE [dc8f3649-d1f3-4b53-9726-9db312cedcb5][/]
2022-05-29 11:00:11.141  INFO 15560 --- [main] c.e.c.ConveniencePosSystemApplication    : Starting ConveniencePosSystemApplication using Java 11.0.12 on DESKTOP-OIMG8KE with PID 15560 (C:\Users\nec\Desktop\springframework\Convenience-POS-System\Convenience_POS_System\target\classes started by nec in C:\Users\nec\Desktop\springframework\Convenience-POS-System\Convenience_POS_System)
2022-05-29 11:00:11.147  INFO 15560 --- [main] c.e.c.ConveniencePosSystemApplication    : No active profile set, falling back to 1 default profile: "default"
2022-05-29 11:00:12.081  INFO 15560 --- [main] .s.d.r.c.RepositoryConfigurationDelegate : Bootstrapping Spring Data JDBC repositories in DEFAULT mode.
2022-05-29 11:00:12.101  INFO 15560 --- [main] .s.d.r.c.RepositoryConfigurationDelegate : Finished Spring Data repository scanning in 16 ms. Found 0 JDBC repository interfaces.
2022-05-29 11:00:12.210  WARN 15560 --- [main] o.m.s.mapper.ClassPathMapperScanner      : No MyBatis mapper was found in '[com.example.convenience_pos_system]' package. Please check your configuration.
2022-05-29 11:00:12.618  INFO 15560 --- [main] o.s.b.w.embedded.tomcat.TomcatWebServer  : Tomcat initialized with port(s): 8080 (http)
2022-05-29 11:00:12.627  INFO 15560 --- [main] o.apache.catalina.core.StandardService   : Starting service [Tomcat]
2022-05-29 11:00:12.628  INFO 15560 --- [main] org.apache.catalina.core.StandardEngine  : Starting Servlet engine: [Apache Tomcat/9.0.62]
2022-05-29 11:00:12.748  INFO 15560 --- [main] o.a.c.c.C.[Tomcat].[localhost].[/]       : Initializing Spring embedded WebApplicationContext
2022-05-29 11:00:12.749  INFO 15560 --- [main] w.s.c.ServletWebServerApplicationContext : Root WebApplicationContext: initialization completed in 1270 ms
2022-05-29 11:00:13.932  INFO 15560 --- [main] o.s.b.w.embedded.tomcat.TomcatWebServer  : Tomcat started on port(s): 8080 (http) with context path ''
2022-05-29 11:00:13.943  INFO 15560 --- [main] c.e.c.ConveniencePosSystemApplication    : Started ConveniencePosSystemApplication in 3.439 seconds (JVM running for 5.309)
2022-05-29 11:00:16.190  INFO 15560 --- [http-nio-8080-exec-1] o.a.c.c.C.[Tomcat].[localhost].[/]       : Initializing Spring DispatcherServlet 'dispatcherServlet'
2022-05-29 11:00:16.191  INFO 15560 --- [http-nio-8080-exec-1] o.s.web.servlet.DispatcherServlet        : Initializing Servlet 'dispatcherServlet'
2022-05-29 11:00:16.192  INFO 15560 --- [http-nio-8080-exec-1] o.s.web.servlet.DispatcherServlet        : Completed initialization in 1 ms
2022-05-29 11:00:16.210  INFO 15560 --- [http-nio-8080-exec-1] c.e.c.web.LogInterceptor                 : REQUEST [1f2e6afd-e740-4e9d-944f-8c7cad87cd0d][/member/login][com.example.convenience_pos_system.controller.MemberController#loginForm(LoginForm)]
2022-05-29 11:00:16.234  INFO 15560 --- [http-nio-8080-exec-1] c.e.c.web.LogInterceptor                 : postHandle [ModelAndView [view="member/loginForm"; model={loginForm=com.example.convenience_pos_system.domain.LoginForm@5fb37c93, org.springframework.validation.BindingResult.loginForm=org.springframework.validation.BeanPropertyBindingResult: 0 errors}]]
2022-05-29 11:00:16.641  INFO 15560 --- [http-nio-8080-exec-1] c.e.c.web.LogInterceptor                 : RESPONSE [1f2e6afd-e740-4e9d-944f-8c7cad87cd0d][/member/login]
2022-05-29 11:00:16.675  INFO 15560 --- [http-nio-8080-exec-2] c.e.c.web.LogInterceptor                 : REQUEST [42f86ec7-c157-4eba-8fd6-a6dd48bf57b1][/bootstrap/css/bootstrap.min.css][ResourceHttpRequestHandler [classpath [META-INF/resources/], classpath [resources/], classpath [static/], classpath [public/], ServletContext [/]]]
2022-05-29 11:00:16.676  INFO 15560 --- [http-nio-8080-exec-2] c.e.c.web.LoginCheckInterceptor          : 인증 체크 인터셉터 실행 /bootstrap/css/bootstrap.min.css
2022-05-29 11:00:16.677  INFO 15560 --- [http-nio-8080-exec-2] c.e.c.web.LoginCheckInterceptor          : 미인증 사용자 요청
2022-05-29 11:00:16.677  INFO 15560 --- [http-nio-8080-exec-2] c.e.c.web.LogInterceptor                 : RESPONSE [42f86ec7-c157-4eba-8fd6-a6dd48bf57b1][/bootstrap/css/bootstrap.min.css]
2022-05-29 11:00:16.683  INFO 15560 --- [http-nio-8080-exec-3] c.e.c.web.LogInterceptor                 : REQUEST [41edf6cc-b62b-46b6-a7f4-3213127c0264][/member/login][com.example.convenience_pos_system.controller.MemberController#loginForm(LoginForm)]
2022-05-29 11:00:16.687  INFO 15560 --- [http-nio-8080-exec-3] c.e.c.web.LogInterceptor                 : postHandle [ModelAndView [view="member/loginForm"; model={loginForm=com.example.convenience_pos_system.domain.LoginForm@22d5d8a0, org.springframework.validation.BindingResult.loginForm=org.springframework.validation.BeanPropertyBindingResult: 0 errors}]]
2022-05-29 11:00:16.690  INFO 15560 --- [http-nio-8080-exec-3] c.e.c.web.LogInterceptor                 : RESPONSE [41edf6cc-b62b-46b6-a7f4-3213127c0264][/member/login]
2022-05-29 11:00:17.752  INFO 15560 --- [http-nio-8080-exec-4] c.e.c.web.LogInterceptor                 : REQUEST [b1db5db6-9849-4aa2-89d9-4091e1836b5b][/member/signup][com.example.convenience_pos_system.controller.MemberController#signup()]
2022-05-29 11:00:17.753  INFO 15560 --- [http-nio-8080-exec-4] c.e.c.web.LogInterceptor                 : postHandle [ModelAndView [view="member/addMemberForm"; model={}]]
2022-05-29 11:00:17.770  INFO 15560 --- [http-nio-8080-exec-4] c.e.c.web.LogInterceptor                 : RESPONSE [b1db5db6-9849-4aa2-89d9-4091e1836b5b][/member/signup]
2022-05-29 11:00:17.804  INFO 15560 --- [http-nio-8080-exec-5] c.e.c.web.LogInterceptor                 : REQUEST [e066e172-db9c-42ff-a133-372f353a781e][/bootstrap/css/bootstrap.min.css][ResourceHttpRequestHandler [classpath [META-INF/resources/], classpath [resources/], classpath [static/], classpath [public/], ServletContext [/]]]
2022-05-29 11:00:17.804  INFO 15560 --- [http-nio-8080-exec-5] c.e.c.web.LoginCheckInterceptor          : 인증 체크 인터셉터 실행 /bootstrap/css/bootstrap.min.css
2022-05-29 11:00:17.804  INFO 15560 --- [http-nio-8080-exec-5] c.e.c.web.LoginCheckInterceptor          : 미인증 사용자 요청
2022-05-29 11:00:17.805  INFO 15560 --- [http-nio-8080-exec-5] c.e.c.web.LogInterceptor                 : RESPONSE [e066e172-db9c-42ff-a133-372f353a781e][/bootstrap/css/bootstrap.min.css]
2022-05-29 11:00:17.809  INFO 15560 --- [http-nio-8080-exec-6] c.e.c.web.LogInterceptor                 : REQUEST [ab97292a-96b7-43e8-a9ac-d4dad7b0680a][/member/login][com.example.convenience_pos_system.controller.MemberController#loginForm(LoginForm)]
2022-05-29 11:00:17.809  INFO 15560 --- [http-nio-8080-exec-6] c.e.c.web.LogInterceptor                 : postHandle [ModelAndView [view="member/loginForm"; model={loginForm=com.example.convenience_pos_system.domain.LoginForm@432b6052, org.springframework.validation.BindingResult.loginForm=org.springframework.validation.BeanPropertyBindingResult: 0 errors}]]
2022-05-29 11:00:17.811  INFO 15560 --- [http-nio-8080-exec-6] c.e.c.web.LogInterceptor                 : RESPONSE [ab97292a-96b7-43e8-a9ac-d4dad7b0680a][/member/login]
2022-05-29 11:00:18.629  INFO 15560 --- [http-nio-8080-exec-7] c.e.c.web.LogInterceptor                 : REQUEST [1f627f96-485c-4f55-87a7-a4eccaf5ec4f][/member/signup][com.example.convenience_pos_system.controller.MemberController#registerMember(HttpServletRequest, Model)]
2022-05-29 11:00:18.638  INFO 15560 --- [http-nio-8080-exec-7] c.e.c.web.LogInterceptor                 : postHandle [ModelAndView [view="member/addMemberForm"; model={errors={password=비밀번호는 필수입니다., name=이름은 필수입니다., email=아이디 이메일은 필수입니다.}}]]
2022-05-29 11:00:18.662  INFO 15560 --- [http-nio-8080-exec-7] c.e.c.web.LogInterceptor                 : RESPONSE [1f627f96-485c-4f55-87a7-a4eccaf5ec4f][/member/signup]
2022-05-29 11:00:18.695  INFO 15560 --- [http-nio-8080-exec-8] c.e.c.web.LogInterceptor                 : REQUEST [ff195820-31ad-4d86-aebe-451fef6a0616][/bootstrap/css/bootstrap.min.css][ResourceHttpRequestHandler [classpath [META-INF/resources/], classpath [resources/], classpath [static/], classpath [public/], ServletContext [/]]]
2022-05-29 11:00:18.695  INFO 15560 --- [http-nio-8080-exec-8] c.e.c.web.LoginCheckInterceptor          : 인증 체크 인터셉터 실행 /bootstrap/css/bootstrap.min.css
2022-05-29 11:00:18.696  INFO 15560 --- [http-nio-8080-exec-8] c.e.c.web.LoginCheckInterceptor          : 미인증 사용자 요청
2022-05-29 11:00:18.696  INFO 15560 --- [http-nio-8080-exec-8] c.e.c.web.LogInterceptor                 : RESPONSE [ff195820-31ad-4d86-aebe-451fef6a0616][/bootstrap/css/bootstrap.min.css]
2022-05-29 11:00:18.700  INFO 15560 --- [http-nio-8080-exec-9] c.e.c.web.LogInterceptor                 : REQUEST [88d2aedf-ab62-4963-a4cc-6a7610805351][/member/login][com.example.convenience_pos_system.controller.MemberController#loginForm(LoginForm)]
2022-05-29 11:00:18.701  INFO 15560 --- [http-nio-8080-exec-9] c.e.c.web.LogInterceptor                 : postHandle [ModelAndView [view="member/loginForm"; model={loginForm=com.example.convenience_pos_system.domain.LoginForm@7f36766a, org.springframework.validation.BindingResult.loginForm=org.springframework.validation.BeanPropertyBindingResult: 0 errors}]]
2022-05-29 11:00:18.703  INFO 15560 --- [http-nio-8080-exec-9] c.e.c.web.LogInterceptor                 : RESPONSE [88d2aedf-ab62-4963-a4cc-6a7610805351][/member/login]
2022-05-29 11:00:19.954  INFO 15560 --- [http-nio-8080-exec-10] c.e.c.web.LogInterceptor                 : REQUEST [602fc163-4d4d-480f-874b-0289068e64d9][/member/signup][com.example.convenience_pos_system.controller.MemberController#registerMember(HttpServletRequest, Model)]
2022-05-29 11:00:19.956  INFO 15560 --- [http-nio-8080-exec-10] c.e.c.web.LogInterceptor                 : postHandle [ModelAndView [view="member/addMemberForm"; model={errors={password=비밀번호는 필수입니다., name=이름은 필수입니다., email=아이디 이메일은 필수입니다.}}]]
2022-05-29 11:00:19.964  INFO 15560 --- [http-nio-8080-exec-10] c.e.c.web.LogInterceptor                 : RESPONSE [602fc163-4d4d-480f-874b-0289068e64d9][/member/signup]
2022-05-29 11:00:20.002  INFO 15560 --- [http-nio-8080-exec-1] c.e.c.web.LogInterceptor                 : REQUEST [06ad582f-1465-4184-829a-13648729ceb3][/bootstrap/css/bootstrap.min.css][ResourceHttpRequestHandler [classpath [META-INF/resources/], classpath [resources/], classpath [static/], classpath [public/], ServletContext [/]]]
2022-05-29 11:00:20.002  INFO 15560 --- [http-nio-8080-exec-1] c.e.c.web.LoginCheckInterceptor          : 인증 체크 인터셉터 실행 /bootstrap/css/bootstrap.min.css
2022-05-29 11:00:20.002  INFO 15560 --- [http-nio-8080-exec-1] c.e.c.web.LoginCheckInterceptor          : 미인증 사용자 요청
2022-05-29 11:00:20.004  INFO 15560 --- [http-nio-8080-exec-1] c.e.c.web.LogInterceptor                 : RESPONSE [06ad582f-1465-4184-829a-13648729ceb3][/bootstrap/css/bootstrap.min.css]
2022-05-29 11:00:20.009  INFO 15560 --- [http-nio-8080-exec-2] c.e.c.web.LogInterceptor                 : REQUEST [37f6d3df-9a4a-4d54-a90b-7e3f7fcad1b2][/member/login][com.example.convenience_pos_system.controller.MemberController#loginForm(LoginForm)]
2022-05-29 11:00:20.009  INFO 15560 --- [http-nio-8080-exec-2] c.e.c.web.LogInterceptor                 : postHandle [ModelAndView [view="member/loginForm"; model={loginForm=com.example.convenience_pos_system.domain.LoginForm@763814ea, org.springframework.validation.BindingResult.loginForm=org.springframework.validation.BeanPropertyBindingResult: 0 errors}]]
2022-05-29 11:00:20.012  INFO 15560 --- [http-nio-8080-exec-2] c.e.c.web.LogInterceptor                 : RESPONSE [37f6d3df-9a4a-4d54-a90b-7e3f7fcad1b2][/member/login]
2022-05-29 11:00:20.323  INFO 15560 --- [http-nio-8080-exec-3] c.e.c.web.LogInterceptor                 : REQUEST [813aab9f-3362-49d6-9004-71acdddbb1fd][/member/signup][com.example.convenience_pos_system.controller.MemberController#registerMember(HttpServletRequest, Model)]
2022-05-29 11:00:20.327  INFO 15560 --- [http-nio-8080-exec-3] c.e.c.web.LogInterceptor                 : postHandle [ModelAndView [view="member/addMemberForm"; model={errors={password=비밀번호는 필수입니다., name=이름은 필수입니다., email=아이디 이메일은 필수입니다.}}]]
2022-05-29 11:00:20.332  INFO 15560 --- [http-nio-8080-exec-3] c.e.c.web.LogInterceptor                 : RESPONSE [813aab9f-3362-49d6-9004-71acdddbb1fd][/member/signup]
2022-05-29 11:00:20.370  INFO 15560 --- [http-nio-8080-exec-4] c.e.c.web.LogInterceptor                 : REQUEST [2a863db1-3868-4d74-8c0e-02edc6dc2bae][/bootstrap/css/bootstrap.min.css][ResourceHttpRequestHandler [classpath [META-INF/resources/], classpath [resources/], classpath [static/], classpath [public/], ServletContext [/]]]
2022-05-29 11:00:20.371  INFO 15560 --- [http-nio-8080-exec-4] c.e.c.web.LoginCheckInterceptor          : 인증 체크 인터셉터 실행 /bootstrap/css/bootstrap.min.css
2022-05-29 11:00:20.372  INFO 15560 --- [http-nio-8080-exec-4] c.e.c.web.LoginCheckInterceptor          : 미인증 사용자 요청
2022-05-29 11:00:20.373  INFO 15560 --- [http-nio-8080-exec-4] c.e.c.web.LogInterceptor                 : RESPONSE [2a863db1-3868-4d74-8c0e-02edc6dc2bae][/bootstrap/css/bootstrap.min.css]
2022-05-29 11:00:20.378  INFO 15560 --- [http-nio-8080-exec-5] c.e.c.web.LogInterceptor                 : REQUEST [642c0807-3fa1-4229-8a8b-c3cdc9c32249][/member/login][com.example.convenience_pos_system.controller.MemberController#loginForm(LoginForm)]
2022-05-29 11:00:20.379  INFO 15560 --- [http-nio-8080-exec-5] c.e.c.web.LogInterceptor                 : postHandle [ModelAndView [view="member/loginForm"; model={loginForm=com.example.convenience_pos_system.domain.LoginForm@71c0ae2a, org.springframework.validation.BindingResult.loginForm=org.springframework.validation.BeanPropertyBindingResult: 0 errors}]]
2022-05-29 11:00:20.383  INFO 15560 --- [http-nio-8080-exec-5] c.e.c.web.LogInterceptor                 : RESPONSE [642c0807-3fa1-4229-8a8b-c3cdc9c32249][/member/login]
2022-05-29 11:00:20.468  INFO 15560 --- [http-nio-8080-exec-6] c.e.c.web.LogInterceptor                 : REQUEST [f9f2e955-c71b-4663-a7dd-5a0fdcbba730][/member/signup][com.example.convenience_pos_system.controller.MemberController#registerMember(HttpServletRequest, Model)]
2022-05-29 11:00:20.469  INFO 15560 --- [http-nio-8080-exec-6] c.e.c.web.LogInterceptor                 : postHandle [ModelAndView [view="member/addMemberForm"; model={errors={password=비밀번호는 필수입니다., name=이름은 필수입니다., email=아이디 이메일은 필수입니다.}}]]
2022-05-29 11:00:20.476  INFO 15560 --- [http-nio-8080-exec-6] c.e.c.web.LogInterceptor                 : RESPONSE [f9f2e955-c71b-4663-a7dd-5a0fdcbba730][/member/signup]
2022-05-29 11:00:20.511  INFO 15560 --- [http-nio-8080-exec-7] c.e.c.web.LogInterceptor                 : REQUEST [1d3c1d9e-4b2d-4524-872f-d510a29288e6][/bootstrap/css/bootstrap.min.css][ResourceHttpRequestHandler [classpath [META-INF/resources/], classpath [resources/], classpath [static/], classpath [public/], ServletContext [/]]]
2022-05-29 11:00:20.511  INFO 15560 --- [http-nio-8080-exec-7] c.e.c.web.LoginCheckInterceptor          : 인증 체크 인터셉터 실행 /bootstrap/css/bootstrap.min.css
2022-05-29 11:00:20.511  INFO 15560 --- [http-nio-8080-exec-7] c.e.c.web.LoginCheckInterceptor          : 미인증 사용자 요청
2022-05-29 11:00:20.511  INFO 15560 --- [http-nio-8080-exec-7] c.e.c.web.LogInterceptor                 : RESPONSE [1d3c1d9e-4b2d-4524-872f-d510a29288e6][/bootstrap/css/bootstrap.min.css]
2022-05-29 11:00:20.514  INFO 15560 --- [http-nio-8080-exec-8] c.e.c.web.LogInterceptor                 : REQUEST [f983b508-352f-43bd-a5e2-3e26464e90ec][/member/login][com.example.convenience_pos_system.controller.MemberController#loginForm(LoginForm)]
2022-05-29 11:00:20.515  INFO 15560 --- [http-nio-8080-exec-8] c.e.c.web.LogInterceptor                 : postHandle [ModelAndView [view="member/loginForm"; model={loginForm=com.example.convenience_pos_system.domain.LoginForm@6b0ff15a, org.springframework.validation.BindingResult.loginForm=org.springframework.validation.BeanPropertyBindingResult: 0 errors}]]
2022-05-29 11:00:20.516  INFO 15560 --- [http-nio-8080-exec-8] c.e.c.web.LogInterceptor                 : RESPONSE [f983b508-352f-43bd-a5e2-3e26464e90ec][/member/login]
2022-05-29 11:00:20.623  INFO 15560 --- [http-nio-8080-exec-9] c.e.c.web.LogInterceptor                 : REQUEST [78eb13f7-85fe-464e-93c7-fc2dd6e911ad][/member/signup][com.example.convenience_pos_system.controller.MemberController#registerMember(HttpServletRequest, Model)]
2022-05-29 11:00:20.624  INFO 15560 --- [http-nio-8080-exec-9] c.e.c.web.LogInterceptor                 : postHandle [ModelAndView [view="member/addMemberForm"; model={errors={password=비밀번호는 필수입니다., name=이름은 필수입니다., email=아이디 이메일은 필수입니다.}}]]
2022-05-29 11:00:20.631  INFO 15560 --- [http-nio-8080-exec-9] c.e.c.web.LogInterceptor                 : RESPONSE [78eb13f7-85fe-464e-93c7-fc2dd6e911ad][/member/signup]
2022-05-29 11:00:20.662  INFO 15560 --- [http-nio-8080-exec-10] c.e.c.web.LogInterceptor                 : REQUEST [81ce6257-ec41-4339-be36-bb35b90a3ffd][/bootstrap/css/bootstrap.min.css][ResourceHttpRequestHandler [classpath [META-INF/resources/], classpath [resources/], classpath [static/], classpath [public/], ServletContext [/]]]
2022-05-29 11:00:20.663  INFO 15560 --- [http-nio-8080-exec-10] c.e.c.web.LoginCheckInterceptor          : 인증 체크 인터셉터 실행 /bootstrap/css/bootstrap.min.css
2022-05-29 11:00:20.663  INFO 15560 --- [http-nio-8080-exec-10] c.e.c.web.LoginCheckInterceptor          : 미인증 사용자 요청
2022-05-29 11:00:20.664  INFO 15560 --- [http-nio-8080-exec-10] c.e.c.web.LogInterceptor                 : RESPONSE [81ce6257-ec41-4339-be36-bb35b90a3ffd][/bootstrap/css/bootstrap.min.css]
2022-05-29 11:00:20.669  INFO 15560 --- [http-nio-8080-exec-1] c.e.c.web.LogInterceptor                 : REQUEST [2f24c29b-cd7b-4f80-88c2-143e37af2de1][/member/login][com.example.convenience_pos_system.controller.MemberController#loginForm(LoginForm)]
2022-05-29 11:00:20.670  INFO 15560 --- [http-nio-8080-exec-1] c.e.c.web.LogInterceptor                 : postHandle [ModelAndView [view="member/loginForm"; model={loginForm=com.example.convenience_pos_system.domain.LoginForm@c5e9539, org.springframework.validation.BindingResult.loginForm=org.springframework.validation.BeanPropertyBindingResult: 0 errors}]]
2022-05-29 11:00:20.675  INFO 15560 --- [http-nio-8080-exec-1] c.e.c.web.LogInterceptor                 : RESPONSE [2f24c29b-cd7b-4f80-88c2-143e37af2de1][/member/login]
2022-05-29 11:00:20.776  INFO 15560 --- [http-nio-8080-exec-2] c.e.c.web.LogInterceptor                 : REQUEST [b34658fd-5b5f-427d-81a9-298ef81974cc][/member/signup][com.example.convenience_pos_system.controller.MemberController#registerMember(HttpServletRequest, Model)]
2022-05-29 11:00:20.777  INFO 15560 --- [http-nio-8080-exec-2] c.e.c.web.LogInterceptor                 : postHandle [ModelAndView [view="member/addMemberForm"; model={errors={password=비밀번호는 필수입니다., name=이름은 필수입니다., email=아이디 이메일은 필수입니다.}}]]
2022-05-29 11:00:20.784  INFO 15560 --- [http-nio-8080-exec-2] c.e.c.web.LogInterceptor                 : RESPONSE [b34658fd-5b5f-427d-81a9-298ef81974cc][/member/signup]
2022-05-29 11:00:20.827  INFO 15560 --- [http-nio-8080-exec-3] c.e.c.web.LogInterceptor                 : REQUEST [2dd55bbd-12a4-448a-9008-4496a6ccfcb4][/bootstrap/css/bootstrap.min.css][ResourceHttpRequestHandler [classpath [META-INF/resources/], classpath [resources/], classpath [static/], classpath [public/], ServletContext [/]]]
2022-05-29 11:00:20.828  INFO 15560 --- [http-nio-8080-exec-3] c.e.c.web.LoginCheckInterceptor          : 인증 체크 인터셉터 실행 /bootstrap/css/bootstrap.min.css
2022-05-29 11:00:20.828  INFO 15560 --- [http-nio-8080-exec-3] c.e.c.web.LoginCheckInterceptor          : 미인증 사용자 요청
2022-05-29 11:00:20.828  INFO 15560 --- [http-nio-8080-exec-3] c.e.c.web.LogInterceptor                 : RESPONSE [2dd55bbd-12a4-448a-9008-4496a6ccfcb4][/bootstrap/css/bootstrap.min.css]
2022-05-29 11:00:20.832  INFO 15560 --- [http-nio-8080-exec-4] c.e.c.web.LogInterceptor                 : REQUEST [d5cfbcd2-e6de-4c12-ac2a-7a35702343c4][/member/login][com.example.convenience_pos_system.controller.MemberController#loginForm(LoginForm)]
2022-05-29 11:00:20.832  INFO 15560 --- [http-nio-8080-exec-4] c.e.c.web.LogInterceptor                 : postHandle [ModelAndView [view="member/loginForm"; model={loginForm=com.example.convenience_pos_system.domain.LoginForm@733340c7, org.springframework.validation.BindingResult.loginForm=org.springframework.validation.BeanPropertyBindingResult: 0 errors}]]
2022-05-29 11:00:20.836  INFO 15560 --- [http-nio-8080-exec-4] c.e.c.web.LogInterceptor                 : RESPONSE [d5cfbcd2-e6de-4c12-ac2a-7a35702343c4][/member/login]
2022-05-29 11:00:24.024  INFO 15560 --- [http-nio-8080-exec-7] c.e.c.web.LogInterceptor                 : REQUEST [767c3ff7-a6ea-41eb-b923-5ffae38e0c8d][/member/signup][com.example.convenience_pos_system.controller.MemberController#registerMember(HttpServletRequest, Model)]
2022-05-29 11:00:24.026  INFO 15560 --- [http-nio-8080-exec-7] c.e.c.web.LogInterceptor                 : postHandle [ModelAndView [view="member/addMemberForm"; model={errors={password=비밀번호는 필수입니다., name=이름은 필수입니다., email=아이디 이메일은 필수입니다.}}]]
2022-05-29 11:00:24.030  INFO 15560 --- [http-nio-8080-exec-7] c.e.c.web.LogInterceptor                 : RESPONSE [767c3ff7-a6ea-41eb-b923-5ffae38e0c8d][/member/signup]
2022-05-29 11:00:24.073  INFO 15560 --- [http-nio-8080-exec-8] c.e.c.web.LogInterceptor                 : REQUEST [d8b5ac64-fbe2-4970-847a-8fbbaf1ee5eb][/bootstrap/css/bootstrap.min.css][ResourceHttpRequestHandler [classpath [META-INF/resources/], classpath [resources/], classpath [static/], classpath [public/], ServletContext [/]]]
2022-05-29 11:00:24.073  INFO 15560 --- [http-nio-8080-exec-8] c.e.c.web.LoginCheckInterceptor          : 인증 체크 인터셉터 실행 /bootstrap/css/bootstrap.min.css
2022-05-29 11:00:24.073  INFO 15560 --- [http-nio-8080-exec-8] c.e.c.web.LoginCheckInterceptor          : 미인증 사용자 요청
2022-05-29 11:00:24.073  INFO 15560 --- [http-nio-8080-exec-8] c.e.c.web.LogInterceptor                 : RESPONSE [d8b5ac64-fbe2-4970-847a-8fbbaf1ee5eb][/bootstrap/css/bootstrap.min.css]
2022-05-29 11:00:24.077  INFO 15560 --- [http-nio-8080-exec-9] c.e.c.web.LogInterceptor                 : REQUEST [bd4d949c-da03-44d4-9714-5c152bbb0b5a][/member/login][com.example.convenience_pos_system.controller.MemberController#loginForm(LoginForm)]
2022-05-29 11:00:24.077  INFO 15560 --- [http-nio-8080-exec-9] c.e.c.web.LogInterceptor                 : postHandle [ModelAndView [view="member/loginForm"; model={loginForm=com.example.convenience_pos_system.domain.LoginForm@71f187fc, org.springframework.validation.BindingResult.loginForm=org.springframework.validation.BeanPropertyBindingResult: 0 errors}]]
2022-05-29 11:00:24.079  INFO 15560 --- [http-nio-8080-exec-9] c.e.c.web.LogInterceptor                 : RESPONSE [bd4d949c-da03-44d4-9714-5c152bbb0b5a][/member/login]
2022-05-29 11:00:26.148  INFO 15560 --- [http-nio-8080-exec-10] c.e.c.web.LogInterceptor                 : REQUEST [5b3e9f69-72ae-4972-975f-7fbde4279fea][/][com.example.convenience_pos_system.controller.WebController#main()]
2022-05-29 11:00:26.149  INFO 15560 --- [http-nio-8080-exec-10] c.e.c.web.LogInterceptor                 : postHandle [ModelAndView [view="mainpage"; model={}]]
2022-05-29 11:00:26.172  INFO 15560 --- [http-nio-8080-exec-10] c.e.c.web.LogInterceptor                 : RESPONSE [5b3e9f69-72ae-4972-975f-7fbde4279fea][/]
2022-05-29 11:00:27.636  INFO 15560 --- [http-nio-8080-exec-1] c.e.c.web.LogInterceptor                 : REQUEST [a2bccdfa-5bfe-42ae-bc22-5b020c40cc5f][/member/login][com.example.convenience_pos_system.controller.MemberController#loginForm(LoginForm)]
2022-05-29 11:00:27.638  INFO 15560 --- [http-nio-8080-exec-1] c.e.c.web.LogInterceptor                 : postHandle [ModelAndView [view="member/loginForm"; model={loginForm=com.example.convenience_pos_system.domain.LoginForm@23433da4, org.springframework.validation.BindingResult.loginForm=org.springframework.validation.BeanPropertyBindingResult: 0 errors}]]
2022-05-29 11:00:27.642  INFO 15560 --- [http-nio-8080-exec-1] c.e.c.web.LogInterceptor                 : RESPONSE [a2bccdfa-5bfe-42ae-bc22-5b020c40cc5f][/member/login]
