2022-05-29 11:00:57.759  INFO 22680 --- [main] c.e.c.ConveniencePosSystemApplication    : Starting ConveniencePosSystemApplication using Java 11.0.12 on DESKTOP-OIMG8KE with PID 22680 (C:\Users\nec\Desktop\springframework\Convenience-POS-System\Convenience_POS_System\target\classes started by nec in C:\Users\nec\Desktop\springframework\Convenience-POS-System\Convenience_POS_System)
2022-05-29 11:00:57.763  INFO 22680 --- [main] c.e.c.ConveniencePosSystemApplication    : No active profile set, falling back to 1 default profile: "default"
2022-05-29 11:00:58.718  INFO 22680 --- [main] .s.d.r.c.RepositoryConfigurationDelegate : Bootstrapping Spring Data JDBC repositories in DEFAULT mode.
2022-05-29 11:00:58.736  INFO 22680 --- [main] .s.d.r.c.RepositoryConfigurationDelegate : Finished Spring Data repository scanning in 14 ms. Found 0 JDBC repository interfaces.
2022-05-29 11:00:58.826  WARN 22680 --- [main] o.m.s.mapper.ClassPathMapperScanner      : No MyBatis mapper was found in '[com.example.convenience_pos_system]' package. Please check your configuration.
2022-05-29 11:00:59.192  INFO 22680 --- [main] o.s.b.w.embedded.tomcat.TomcatWebServer  : Tomcat initialized with port(s): 8080 (http)
2022-05-29 11:00:59.201  INFO 22680 --- [main] o.apache.catalina.core.StandardService   : Starting service [Tomcat]
2022-05-29 11:00:59.202  INFO 22680 --- [main] org.apache.catalina.core.StandardEngine  : Starting Servlet engine: [Apache Tomcat/9.0.62]
2022-05-29 11:00:59.315  INFO 22680 --- [main] o.a.c.c.C.[Tomcat].[localhost].[/]       : Initializing Spring embedded WebApplicationContext
2022-05-29 11:00:59.315  INFO 22680 --- [main] w.s.c.ServletWebServerApplicationContext : Root WebApplicationContext: initialization completed in 1195 ms
2022-05-29 11:01:00.511  INFO 22680 --- [main] o.s.b.w.embedded.tomcat.TomcatWebServer  : Tomcat started on port(s): 8080 (http) with context path ''
2022-05-29 11:01:00.526  INFO 22680 --- [main] c.e.c.ConveniencePosSystemApplication    : Started ConveniencePosSystemApplication in 3.451 seconds (JVM running for 5.519)
2022-05-29 11:01:01.041  INFO 22680 --- [http-nio-8080-exec-1] o.a.c.c.C.[Tomcat].[localhost].[/]       : Initializing Spring DispatcherServlet 'dispatcherServlet'
2022-05-29 11:01:01.042  INFO 22680 --- [http-nio-8080-exec-1] o.s.web.servlet.DispatcherServlet        : Initializing Servlet 'dispatcherServlet'
2022-05-29 11:01:01.043  INFO 22680 --- [http-nio-8080-exec-1] o.s.web.servlet.DispatcherServlet        : Completed initialization in 1 ms
2022-05-29 11:01:01.061  INFO 22680 --- [http-nio-8080-exec-1] c.e.c.web.LogInterceptor                 : REQUEST [bbb1939b-7536-4ebe-8e67-8a51c8141be0][/][com.example.convenience_pos_system.controller.WebController#main()]
2022-05-29 11:01:01.076  INFO 22680 --- [http-nio-8080-exec-1] c.e.c.web.LogInterceptor                 : postHandle [ModelAndView [view="mainpage"; model={}]]
2022-05-29 11:01:01.606  INFO 22680 --- [http-nio-8080-exec-1] c.e.c.web.LogInterceptor                 : RESPONSE [bbb1939b-7536-4ebe-8e67-8a51c8141be0][/]
2022-05-29 11:01:02.317  INFO 22680 --- [http-nio-8080-exec-2] c.e.c.web.LogInterceptor                 : REQUEST [f4632847-0f77-4a4e-bf87-18905e0191e2][/member/login][com.example.convenience_pos_system.controller.MemberController#loginForm(LoginForm)]
2022-05-29 11:01:02.339  INFO 22680 --- [http-nio-8080-exec-2] c.e.c.web.LogInterceptor                 : postHandle [ModelAndView [view="member/loginForm"; model={loginForm=com.example.convenience_pos_system.domain.LoginForm@113c5e4, org.springframework.validation.BindingResult.loginForm=org.springframework.validation.BeanPropertyBindingResult: 0 errors}]]
2022-05-29 11:01:02.354  INFO 22680 --- [http-nio-8080-exec-2] c.e.c.web.LogInterceptor                 : RESPONSE [f4632847-0f77-4a4e-bf87-18905e0191e2][/member/login]
2022-05-29 11:01:02.394  INFO 22680 --- [http-nio-8080-exec-5] c.e.c.web.LogInterceptor                 : REQUEST [3c03aaf8-8b9a-46bb-b1ba-3e865a266d44][/bootstrap/css/bootstrap.min.css][ResourceHttpRequestHandler [classpath [META-INF/resources/], classpath [resources/], classpath [static/], classpath [public/], ServletContext [/]]]
2022-05-29 11:01:02.397  INFO 22680 --- [http-nio-8080-exec-5] c.e.c.web.LoginCheckInterceptor          : 인증 체크 인터셉터 실행 /bootstrap/css/bootstrap.min.css
2022-05-29 11:01:02.398  INFO 22680 --- [http-nio-8080-exec-5] c.e.c.web.LoginCheckInterceptor          : 미인증 사용자 요청
2022-05-29 11:01:02.399  INFO 22680 --- [http-nio-8080-exec-5] c.e.c.web.LogInterceptor                 : RESPONSE [3c03aaf8-8b9a-46bb-b1ba-3e865a266d44][/bootstrap/css/bootstrap.min.css]
2022-05-29 11:01:02.403  INFO 22680 --- [http-nio-8080-exec-6] c.e.c.web.LogInterceptor                 : REQUEST [a43a3b82-3cd3-4753-be96-81ca56efc537][/member/login][com.example.convenience_pos_system.controller.MemberController#loginForm(LoginForm)]
2022-05-29 11:01:02.408  INFO 22680 --- [http-nio-8080-exec-6] c.e.c.web.LogInterceptor                 : postHandle [ModelAndView [view="member/loginForm"; model={loginForm=com.example.convenience_pos_system.domain.LoginForm@4d29b4a5, org.springframework.validation.BindingResult.loginForm=org.springframework.validation.BeanPropertyBindingResult: 0 errors}]]
2022-05-29 11:01:02.411  INFO 22680 --- [http-nio-8080-exec-6] c.e.c.web.LogInterceptor                 : RESPONSE [a43a3b82-3cd3-4753-be96-81ca56efc537][/member/login]
2022-05-29 11:01:07.810  INFO 22680 --- [http-nio-8080-exec-7] c.e.c.web.LogInterceptor                 : REQUEST [5100b422-78b4-4f9b-9e72-6a339b5cfd4d][/member/login][com.example.convenience_pos_system.controller.MemberController#login(String, String, HttpServletRequest, Model)]
2022-05-29 11:01:09.165  WARN 22680 --- [http-nio-8080-exec-7] o.a.c.util.SessionIdGeneratorBase        : Creation of SecureRandom instance for session ID generation using [SHA1PRNG] took [1,246] milliseconds.
2022-05-29 11:01:09.168  INFO 22680 --- [http-nio-8080-exec-7] c.e.c.web.LogInterceptor                 : postHandle [ModelAndView [view="redirect:/"; model={}]]
2022-05-29 11:01:09.173  INFO 22680 --- [http-nio-8080-exec-7] c.e.c.web.LogInterceptor                 : RESPONSE [5100b422-78b4-4f9b-9e72-6a339b5cfd4d][/member/login]
2022-05-29 11:01:09.181  INFO 22680 --- [http-nio-8080-exec-8] c.e.c.web.LogInterceptor                 : REQUEST [542ceb4a-206f-4908-9a80-f99d2fc56aa8][/][com.example.convenience_pos_system.controller.WebController#main()]
2022-05-29 11:01:09.182  INFO 22680 --- [http-nio-8080-exec-8] c.e.c.web.LogInterceptor                 : postHandle [ModelAndView [view="mainpage"; model={}]]
2022-05-29 11:01:09.189  INFO 22680 --- [http-nio-8080-exec-8] c.e.c.web.LogInterceptor                 : RESPONSE [542ceb4a-206f-4908-9a80-f99d2fc56aa8][/]
2022-05-29 11:01:09.875  INFO 22680 --- [http-nio-8080-exec-9] c.e.c.web.LogInterceptor                 : REQUEST [530bf0d9-1184-4b40-a47d-c6dd76b84aae][/product/add][com.example.convenience_pos_system.controller.ProductController#addIndex(Model)]
2022-05-29 11:01:09.876  INFO 22680 --- [http-nio-8080-exec-9] c.e.c.web.LoginCheckInterceptor          : 인증 체크 인터셉터 실행 /product/add
2022-05-29 11:01:09.923  INFO 22680 --- [http-nio-8080-exec-9] c.e.c.web.LogInterceptor                 : postHandle [ModelAndView [view="product/add"; model={products=[com.example.convenience_pos_system.domain.Product@1ffbd5d8, com.example.convenience_pos_system.domain.Product@78326b2f, com.example.convenience_pos_system.domain.Product@36378dd2, com.example.convenience_pos_system.domain.Product@6f143542, com.example.convenience_pos_system.domain.Product@2e80786d, com.example.convenience_pos_system.domain.Product@45001581, com.example.convenience_pos_system.domain.Product@4f5359ee, com.example.convenience_pos_system.domain.Product@123cb63, com.example.convenience_pos_system.domain.Product@2ccd883a, com.example.convenience_pos_system.domain.Product@69243c3f, com.example.convenience_pos_system.domain.Product@3c6d84dc, com.example.convenience_pos_system.domain.Product@238a38e1]}]]
2022-05-29 11:01:09.965  INFO 22680 --- [http-nio-8080-exec-9] c.e.c.web.LogInterceptor                 : RESPONSE [530bf0d9-1184-4b40-a47d-c6dd76b84aae][/product/add]
2022-05-29 11:01:12.456  INFO 22680 --- [http-nio-8080-exec-4] c.e.c.web.LogInterceptor                 : REQUEST [fe243489-3cb2-42a6-a551-d733eb6564c3][/][com.example.convenience_pos_system.controller.WebController#main()]
2022-05-29 11:01:12.458  INFO 22680 --- [http-nio-8080-exec-4] c.e.c.web.LogInterceptor                 : postHandle [ModelAndView [view="mainpage"; model={}]]
2022-05-29 11:01:12.463  INFO 22680 --- [http-nio-8080-exec-4] c.e.c.web.LogInterceptor                 : RESPONSE [fe243489-3cb2-42a6-a551-d733eb6564c3][/]
2022-05-29 11:01:13.166  INFO 22680 --- [http-nio-8080-exec-3] c.e.c.web.LogInterceptor                 : REQUEST [4d3487ef-e615-4fa5-be54-888a3c3c3294][/sale][com.example.convenience_pos_system.controller.SaleController#sale(HttpServletRequest, Model)]
2022-05-29 11:01:13.166  INFO 22680 --- [http-nio-8080-exec-3] c.e.c.web.LoginCheckInterceptor          : 인증 체크 인터셉터 실행 /sale
2022-05-29 11:01:13.243  INFO 22680 --- [http-nio-8080-exec-3] c.e.c.web.LogInterceptor                 : postHandle [ModelAndView [view="sale/sale"; model={productList=[com.example.convenience_pos_system.domain.Product@1c9244a2, com.example.convenience_pos_system.domain.Product@6a89bd7c, com.example.convenience_pos_system.domain.Product@1c2ab815, com.example.convenience_pos_system.domain.Product@2f7e158e, com.example.convenience_pos_system.domain.Product@21c7f397, com.example.convenience_pos_system.domain.Product@602c88e, com.example.convenience_pos_system.domain.Product@4fa1224b, com.example.convenience_pos_system.domain.Product@10ac8c54, com.example.convenience_pos_system.domain.Product@ee99e9d, com.example.convenience_pos_system.domain.Product@1e3f6176, com.example.convenience_pos_system.domain.Product@584abb80, com.example.convenience_pos_system.domain.Product@2cf052f1], saleCartList=null, totalCost=0, saleCartDetailList=[]}]]
2022-05-29 11:01:13.268  INFO 22680 --- [http-nio-8080-exec-3] c.e.c.web.LogInterceptor                 : RESPONSE [4d3487ef-e615-4fa5-be54-888a3c3c3294][/sale]
2022-05-29 11:01:17.432  INFO 22680 --- [http-nio-8080-exec-2] c.e.c.web.LogInterceptor                 : REQUEST [903b4759-8243-4d6a-95d8-a98b71f2e9d6][/sale/add][com.example.convenience_pos_system.controller.SaleController#add(HttpServletRequest)]
